[    19.888] (--) Log file renamed from "/home/moringaaccess/.local/share/xorg/Xorg.pid-1384.log" to "/home/moringaaccess/.local/share/xorg/Xorg.0.log"
[    19.889] 
X.Org X Server 1.19.6
Release Date: 2017-12-20
[    19.889] X Protocol Version 11, Revision 0
[    19.889] Build Operating System: Linux 4.15.0-115-generic x86_64 Ubuntu
[    19.889] Current Operating System: Linux moringa-ThinkPad-L440 4.15.0-123-generic #126-Ubuntu SMP Wed Oct 21 09:40:11 UTC 2020 x86_64
[    19.889] Kernel command line: BOOT_IMAGE=/boot/vmlinuz-4.15.0-123-generic root=UUID=ba808223-3646-49e5-a2c1-39af12bc6193 ro quiet splash vt.handoff=1
[    19.889] Build Date: 04 September 2020  03:34:39PM
[    19.889] xorg-server 2:1.19.6-1ubuntu4.6 (For technical support please see http://www.ubuntu.com/support) 
[    19.889] Current version of pixman: 0.34.0
[    19.889] 	Before reporting problems, check http://wiki.x.org
	to make sure that you have the latest version.
[    19.889] Markers: (--) probed, (**) from config file, (==) default setting,
	(++) from command line, (!!) notice, (II) informational,
	(WW) warning, (EE) error, (NI) not implemented, (??) unknown.
[    19.889] (==) Log file: "/home/moringaaccess/.local/share/xorg/Xorg.0.log", Time: Fri Dec  4 21:12:50 2020
[    19.889] (==) Using system config directory "/usr/share/X11/xorg.conf.d"
[    19.889] (==) No Layout section.  Using the first Screen section.
[    19.889] (==) No screen section available. Using defaults.
[    19.889] (**) |-->Screen "Default Screen Section" (0)
[    19.889] (**) |   |-->Monitor "<default monitor>"
[    19.889] (==) No monitor specified for screen "Default Screen Section".
	Using a default monitor configuration.
[    19.889] (==) Automatically adding devices
[    19.889] (==) Automatically enabling devices
[    19.889] (==) Automatically adding GPU devices
[    19.889] (==) Automatically binding GPU devices
[    19.889] (==) Max clients allowed: 256, resource mask: 0x1fffff
[    19.889] (WW) The directory "/usr/share/fonts/X11/cyrillic" does not exist.
[    19.889] 	Entry deleted from font path.
[    19.889] (WW) The directory "/usr/share/fonts/X11/100dpi/" does not exist.
[    19.889] 	Entry deleted from font path.
[    19.889] (WW) The directory "/usr/share/fonts/X11/75dpi/" does not exist.
[    19.889] 	Entry deleted from font path.
[    19.889] (WW) The directory "/usr/share/fonts/X11/100dpi" does not exist.
[    19.889] 	Entry deleted from font path.
[    19.889] (WW) The directory "/usr/share/fonts/X11/75dpi" does not exist.
[    19.889] 	Entry deleted from font path.
[    19.889] (==) FontPath set to:
	/usr/share/fonts/X11/misc,
	/usr/share/fonts/X11/Type1,
	built-ins
[    19.889] (==) ModulePath set to "/usr/lib/xorg/modules"
[    19.889] (II) The server relies on udev to provide the list of input devices.
	If no devices become available, reconfigure udev or disable AutoAddDevices.
[    19.890] (II) Loader magic: 0x55f7fe50b020
[    19.890] (II) Module ABI versions:
[    19.890] 	X.Org ANSI C Emulation: 0.4
[    19.890] 	X.Org Video Driver: 23.0
[    19.890] 	X.Org XInput driver : 24.1
[    19.890] 	X.Org Server Extension : 10.0
[    19.890] (++) using VT number 2

[    19.892] (II) systemd-logind: took control of session /org/freedesktop/login1/session/_32
[    19.893] (II) xfree86: Adding drm device (/dev/dri/card0)
[    19.893] (II) systemd-logind: got fd for /dev/dri/card0 226:0 fd 12 paused 0
[    19.895] (--) PCI:*(0:0:2:0) 8086:0416:17aa:501e rev 6, Mem @ 0xf0000000/4194304, 0xe0000000/268435456, I/O @ 0x00003000/64, BIOS @ 0x????????/131072
[    19.895] (II) LoadModule: "glx"
[    19.896] (II) Loading /usr/lib/xorg/modules/extensions/libglx.so
[    19.896] (II) Module glx: vendor="X.Org Foundation"
[    19.897] 	compiled for 1.19.6, module version = 1.0.0
[    19.897] 	ABI class: X.Org Server Extension, version 10.0
[    19.897] (==) Matched modesetting as autoconfigured driver 0
[    19.897] (==) Matched fbdev as autoconfigured driver 1
[    19.897] (==) Matched vesa as autoconfigured driver 2
[    19.897] (==) Assigned the driver to the xf86ConfigLayout
[    19.897] (II) LoadModule: "modesetting"
[    19.897] (II) Loading /usr/lib/xorg/modules/drivers/modesetting_drv.so
[    19.897] (II) Module modesetting: vendor="X.Org Foundation"
[    19.897] 	compiled for 1.19.6, module version = 1.19.6
[    19.897] 	Module class: X.Org Video Driver
[    19.897] 	ABI class: X.Org Video Driver, version 23.0
[    19.897] (II) LoadModule: "fbdev"
[    19.897] (II) Loading /usr/lib/xorg/modules/drivers/fbdev_drv.so
[    19.897] (II) Module fbdev: vendor="X.Org Foundation"
[    19.897] 	compiled for 1.19.3, module version = 0.4.4
[    19.897] 	Module class: X.Org Video Driver
[    19.897] 	ABI class: X.Org Video Driver, version 23.0
[    19.897] (II) LoadModule: "vesa"
[    19.897] (II) Loading /usr/lib/xorg/modules/drivers/vesa_drv.so
[    19.897] (II) Module vesa: vendor="X.Org Foundation"
[    19.897] 	compiled for 1.19.3, module version = 2.3.4
[    19.897] 	Module class: X.Org Video Driver
[    19.897] 	ABI class: X.Org Video Driver, version 23.0
[    19.897] (II) modesetting: Driver for Modesetting Kernel Drivers: kms
[    19.897] (II) FBDEV: driver for framebuffer: fbdev
[    19.897] (II) VESA: driver for VESA chipsets: vesa
[    19.897] xf86EnableIOPorts: failed to set IOPL for I/O (Operation not permitted)
[    19.897] (II) modeset(0): using drv /dev/dri/card0
[    19.897] (WW) Falling back to old probe method for fbdev
[    19.897] (II) Loading sub module "fbdevhw"
[    19.897] (II) LoadModule: "fbdevhw"
[    19.897] (II) Loading /usr/lib/xorg/modules/libfbdevhw.so
[    19.897] (II) Module fbdevhw: vendor="X.Org Foundation"
[    19.898] 	compiled for 1.19.6, module version = 0.0.2
[    19.898] 	ABI class: X.Org Video Driver, version 23.0
[    19.898] (EE) open /dev/fb0: Permission denied
[    19.898] (WW) Falling back to old probe method for vesa
[    19.898] (WW) VGA arbiter: cannot open kernel arbiter, no multi-card support
[    19.898] (II) modeset(0): Creating default Display subsection in Screen section
	"Default Screen Section" for depth/fbbpp 24/32
[    19.898] (==) modeset(0): Depth 24, (==) framebuffer bpp 32
[    19.898] (==) modeset(0): RGB weight 888
[    19.898] (==) modeset(0): Default visual is TrueColor
[    19.898] (II) Loading sub module "glamoregl"
[    19.898] (II) LoadModule: "glamoregl"
[    19.898] (II) Loading /usr/lib/xorg/modules/libglamoregl.so
[    19.901] (II) Module glamoregl: vendor="X.Org Foundation"
[    19.901] 	compiled for 1.19.6, module version = 1.0.0
[    19.901] 	ABI class: X.Org ANSI C Emulation, version 0.4
[    19.901] (II) glamor: OpenGL accelerated X.org driver based.
[    19.908] (II) glamor: EGL version 1.4 (DRI2):
[    19.912] (II) modeset(0): glamor initialized
[    19.913] (II) modeset(0): Output eDP-1 has no monitor section
[    19.918] (II) modeset(0): Output VGA-1 has no monitor section
[    19.918] (II) modeset(0): Output DP-1 has no monitor section
[    19.927] (II) modeset(0): Output HDMI-1 has no monitor section
[    19.927] (II) modeset(0): Output DP-2 has no monitor section
[    19.936] (II) modeset(0): Output HDMI-2 has no monitor section
[    19.954] (II) modeset(0): EDID for output eDP-1
[    19.954] (II) modeset(0): Manufacturer: CMN  Model: 1492  Serial#: 0
[    19.954] (II) modeset(0): Year: 2012  Week: 40
[    19.954] (II) modeset(0): EDID Version: 1.4
[    19.954] (II) modeset(0): Digital Display Input
[    19.954] (II) modeset(0): 6 bits per channel
[    19.954] (II) modeset(0): Digital interface is DisplayPort
[    19.954] (II) modeset(0): Max Image Size [cm]: horiz.: 31  vert.: 17
[    19.954] (II) modeset(0): Gamma: 2.20
[    19.954] (II) modeset(0): No DPMS capabilities specified
[    19.954] (II) modeset(0): Supported color encodings: RGB 4:4:4 
[    19.954] (II) modeset(0): First detailed timing is preferred mode
[    19.954] (II) modeset(0): Preferred mode is native pixel format and refresh rate
[    19.954] (II) modeset(0): redX: 0.589 redY: 0.343   greenX: 0.330 greenY: 0.570
[    19.954] (II) modeset(0): blueX: 0.157 blueY: 0.137   whiteX: 0.313 whiteY: 0.329
[    19.954] (II) modeset(0): Manufacturer's mask: 0
[    19.954] (II) modeset(0): Supported detailed timing:
[    19.954] (II) modeset(0): clock: 76.4 MHz   Image Size:  309 x 174 mm
[    19.954] (II) modeset(0): h_active: 1366  h_sync: 1434  h_sync_end 1479 h_blank_end 1592 h_border: 0
[    19.954] (II) modeset(0): v_active: 768  v_sync: 772  v_sync_end 779 v_blanking: 800 v_border: 0
[    19.954] (II) modeset(0):  N140BGE-E33
[    19.954] (II) modeset(0):  CMN
[    19.954] (II) modeset(0):  N140BGE-E33
[    19.954] (II) modeset(0): EDID (in hex):
[    19.954] (II) modeset(0): 	00ffffffffffff000dae921400000000
[    19.954] (II) modeset(0): 	28160104951f117802f8459657549228
[    19.954] (II) modeset(0): 	23505400000001010101010101010101
[    19.954] (II) modeset(0): 	010101010101da1d56e250002030442d
[    19.954] (II) modeset(0): 	470035ae10000018000000fe004e3134
[    19.954] (II) modeset(0): 	304247452d4533330a20000000fe0043
[    19.954] (II) modeset(0): 	4d4e0a202020202020202020000000fe
[    19.954] (II) modeset(0): 	004e3134304247452d4533330a20001a
[    19.955] (II) modeset(0): Printing probed modes for output eDP-1
[    19.955] (II) modeset(0): Modeline "1366x768"x60.0   76.42  1366 1434 1479 1592  768 772 779 800 -hsync -vsync (48.0 kHz eP)
[    19.955] (II) modeset(0): Modeline "1360x768"x59.8   84.75  1360 1432 1568 1776  768 771 781 798 -hsync +vsync (47.7 kHz d)
[    19.955] (II) modeset(0): Modeline "1360x768"x60.0   72.00  1360 1408 1440 1520  768 771 781 790 +hsync -vsync (47.4 kHz d)
[    19.955] (II) modeset(0): Modeline "1280x720"x120.0  156.12  1280 1376 1512 1744  720 721 724 746 doublescan -hsync +vsync (89.5 kHz d)
[    19.955] (II) modeset(0): Modeline "1280x720"x120.0  120.75  1280 1304 1320 1360  720 721 724 740 doublescan +hsync -vsync (88.8 kHz d)
[    19.955] (II) modeset(0): Modeline "1280x720"x59.9   74.50  1280 1344 1472 1664  720 723 728 748 -hsync +vsync (44.8 kHz d)
[    19.955] (II) modeset(0): Modeline "1280x720"x59.7   63.75  1280 1328 1360 1440  720 723 728 741 +hsync -vsync (44.3 kHz d)
[    19.955] (II) modeset(0): Modeline "1024x768"x120.1  133.47  1024 1100 1212 1400  768 768 770 794 doublescan -hsync +vsync (95.3 kHz d)
[    19.955] (II) modeset(0): Modeline "1024x768"x60.0   65.00  1024 1048 1184 1344  768 771 777 806 -hsync -vsync (48.4 kHz d)
[    19.955] (II) modeset(0): Modeline "960x720"x120.0  117.00  960 1024 1128 1300  720 720 722 750 doublescan -hsync +vsync (90.0 kHz d)
[    19.955] (II) modeset(0): Modeline "928x696"x120.1  109.15  928 976 1088 1264  696 696 698 719 doublescan -hsync +vsync (86.4 kHz d)
[    19.955] (II) modeset(0): Modeline "896x672"x120.0  102.40  896 960 1060 1224  672 672 674 697 doublescan -hsync +vsync (83.7 kHz d)
[    19.955] (II) modeset(0): Modeline "1024x576"x119.9   98.50  1024 1092 1200 1376  576 577 580 597 doublescan -hsync +vsync (71.6 kHz d)
[    19.955] (II) modeset(0): Modeline "1024x576"x119.9   78.38  1024 1048 1064 1104  576 577 580 592 doublescan +hsync -vsync (71.0 kHz d)
[    19.955] (II) modeset(0): Modeline "1024x576"x59.9   46.50  1024 1064 1160 1296  576 579 584 599 -hsync +vsync (35.9 kHz d)
[    19.955] (II) modeset(0): Modeline "1024x576"x59.8   42.00  1024 1072 1104 1184  576 579 584 593 +hsync -vsync (35.5 kHz d)
[    19.955] (II) modeset(0): Modeline "960x600"x119.9   96.62  960 1028 1128 1296  600 601 604 622 doublescan -hsync +vsync (74.6 kHz d)
[    19.955] (II) modeset(0): Modeline "960x600"x120.0   77.00  960 984 1000 1040  600 601 604 617 doublescan +hsync -vsync (74.0 kHz d)
[    19.955] (II) modeset(0): Modeline "960x540"x119.9   86.50  960 1024 1124 1288  540 541 544 560 doublescan -hsync +vsync (67.2 kHz d)
[    19.955] (II) modeset(0): Modeline "960x540"x120.0   69.25  960 984 1000 1040  540 541 544 555 doublescan +hsync -vsync (66.6 kHz d)
[    19.955] (II) modeset(0): Modeline "960x540"x59.6   40.75  960 992 1088 1216  540 543 548 562 -hsync +vsync (33.5 kHz d)
[    19.955] (II) modeset(0): Modeline "960x540"x59.8   37.25  960 1008 1040 1120  540 543 548 556 +hsync -vsync (33.3 kHz d)
[    19.955] (II) modeset(0): Modeline "800x600"x120.0   81.00  800 832 928 1080  600 600 602 625 doublescan +hsync +vsync (75.0 kHz d)
[    19.955] (II) modeset(0): Modeline "800x600"x60.3   40.00  800 840 968 1056  600 601 605 628 +hsync +vsync (37.9 kHz d)
[    19.955] (II) modeset(0): Modeline "800x600"x56.2   36.00  800 824 896 1024  600 601 603 625 +hsync +vsync (35.2 kHz d)
[    19.955] (II) modeset(0): Modeline "840x525"x120.0   73.12  840 892 980 1120  525 526 529 544 doublescan -hsync +vsync (65.3 kHz d)
[    19.955] (II) modeset(0): Modeline "840x525"x119.8   59.50  840 864 880 920  525 526 529 540 doublescan +hsync -vsync (64.7 kHz d)
[    19.955] (II) modeset(0): Modeline "864x486"x59.9   32.50  864 888 968 1072  486 489 494 506 -hsync +vsync (30.3 kHz d)
[    19.955] (II) modeset(0): Modeline "864x486"x59.6   30.50  864 912 944 1024  486 489 494 500 +hsync -vsync (29.8 kHz d)
[    19.955] (II) modeset(0): Modeline "800x512"x120.3   51.56  800 800 828 832  512 512 514 515 doublescan +hsync +vsync (62.0 kHz d)
[    19.955] (II) modeset(0): Modeline "700x525"x120.0   61.00  700 744 820 940  525 526 532 541 doublescan +hsync +vsync (64.9 kHz d)
[    19.955] (II) modeset(0): Modeline "800x450"x119.9   59.12  800 848 928 1056  450 451 454 467 doublescan -hsync +vsync (56.0 kHz d)
[    19.955] (II) modeset(0): Modeline "800x450"x119.6   48.75  800 824 840 880  450 451 454 463 doublescan +hsync -vsync (55.4 kHz d)
[    19.955] (II) modeset(0): Modeline "640x512"x120.0   54.00  640 664 720 844  512 512 514 533 doublescan +hsync +vsync (64.0 kHz d)
[    19.955] (II) modeset(0): Modeline "720x450"x119.8   53.25  720 760 836 952  450 451 454 467 doublescan -hsync +vsync (55.9 kHz d)
[    19.955] (II) modeset(0): Modeline "700x450"x119.9   51.75  700 740 812 924  450 451 456 467 doublescan -hsync +vsync (56.0 kHz d)
[    19.955] (II) modeset(0): Modeline "700x450"x119.8   43.25  700 724 740 780  450 451 456 463 doublescan +hsync -vsync (55.4 kHz d)
[    19.955] (II) modeset(0): Modeline "640x480"x120.0   54.00  640 688 744 900  480 480 482 500 doublescan +hsync +vsync (60.0 kHz d)
[    19.955] (II) modeset(0): Modeline "640x480"x59.9   25.18  640 656 752 800  480 490 492 525 -hsync -vsync (31.5 kHz d)
[    19.955] (II) modeset(0): Modeline "720x405"x59.5   22.50  720 744 808 896  405 408 413 422 -hsync +vsync (25.1 kHz d)
[    19.955] (II) modeset(0): Modeline "720x405"x59.0   21.75  720 768 800 880  405 408 413 419 +hsync -vsync (24.7 kHz d)
[    19.955] (II) modeset(0): Modeline "684x384"x119.8   42.62  684 720 788 892  384 385 390 399 doublescan -hsync +vsync (47.8 kHz d)
[    19.955] (II) modeset(0): Modeline "684x384"x119.7   36.12  684 708 724 764  384 385 390 395 doublescan +hsync -vsync (47.3 kHz d)
[    19.955] (II) modeset(0): Modeline "680x384"x119.6   42.38  680 716 784 888  384 385 390 399 doublescan -hsync +vsync (47.7 kHz d)
[    19.955] (II) modeset(0): Modeline "680x384"x119.9   36.00  680 704 720 760  384 385 390 395 doublescan +hsync -vsync (47.4 kHz d)
[    19.955] (II) modeset(0): Modeline "640x400"x119.8   41.75  640 676 740 840  400 401 404 415 doublescan -hsync +vsync (49.7 kHz d)
[    19.955] (II) modeset(0): Modeline "640x400"x120.0   35.50  640 664 680 720  400 401 404 411 doublescan +hsync -vsync (49.3 kHz d)
[    19.956] (II) modeset(0): Modeline "576x432"x120.1   40.81  576 608 668 760  432 432 434 447 doublescan -hsync +vsync (53.7 kHz d)
[    19.956] (II) modeset(0): Modeline "640x360"x119.7   37.25  640 672 736 832  360 361 364 374 doublescan -hsync +vsync (44.8 kHz d)
[    19.956] (II) modeset(0): Modeline "640x360"x119.7   31.88  640 664 680 720  360 361 364 370 doublescan +hsync -vsync (44.3 kHz d)
[    19.956] (II) modeset(0): Modeline "640x360"x59.8   18.00  640 664 720 800  360 363 368 376 -hsync +vsync (22.5 kHz d)
[    19.956] (II) modeset(0): Modeline "640x360"x59.3   17.75  640 688 720 800  360 363 368 374 +hsync -vsync (22.2 kHz d)
[    19.956] (II) modeset(0): Modeline "512x384"x120.0   32.50  512 524 592 672  384 385 388 403 doublescan -hsync -vsync (48.4 kHz d)
[    19.956] (II) modeset(0): Modeline "512x288"x120.0   23.25  512 532 580 648  288 289 292 299 doublescan -hsync +vsync (35.9 kHz d)
[    19.956] (II) modeset(0): Modeline "512x288"x119.8   21.00  512 536 552 592  288 289 292 296 doublescan +hsync -vsync (35.5 kHz d)
[    19.956] (II) modeset(0): Modeline "480x270"x119.3   20.38  480 496 544 608  270 271 274 281 doublescan -hsync +vsync (33.5 kHz d)
[    19.956] (II) modeset(0): Modeline "480x270"x119.6   18.62  480 504 520 560  270 271 274 278 doublescan +hsync -vsync (33.3 kHz d)
[    19.956] (II) modeset(0): Modeline "400x300"x120.6   20.00  400 420 484 528  300 300 302 314 doublescan +hsync +vsync (37.9 kHz d)
[    19.956] (II) modeset(0): Modeline "400x300"x112.7   18.00  400 412 448 512  300 300 301 312 doublescan +hsync +vsync (35.2 kHz d)
[    19.956] (II) modeset(0): Modeline "432x243"x119.8   16.25  432 444 484 536  243 244 247 253 doublescan -hsync +vsync (30.3 kHz d)
[    19.956] (II) modeset(0): Modeline "432x243"x119.1   15.25  432 456 472 512  243 244 247 250 doublescan +hsync -vsync (29.8 kHz d)
[    19.956] (II) modeset(0): Modeline "320x240"x120.1   12.59  320 328 376 400  240 245 246 262 doublescan -hsync -vsync (31.5 kHz d)
[    19.956] (II) modeset(0): Modeline "360x202"x119.0   11.25  360 372 404 448  202 204 206 211 doublescan -hsync +vsync (25.1 kHz d)
[    19.956] (II) modeset(0): Modeline "360x202"x118.3   10.88  360 384 400 440  202 204 206 209 doublescan +hsync -vsync (24.7 kHz d)
[    19.956] (II) modeset(0): Modeline "320x180"x119.7    9.00  320 332 360 400  180 181 184 188 doublescan -hsync +vsync (22.5 kHz d)
[    19.956] (II) modeset(0): Modeline "320x180"x118.6    8.88  320 344 360 400  180 181 184 187 doublescan +hsync -vsync (22.2 kHz d)
[    19.961] (II) modeset(0): EDID for output VGA-1
[    19.961] (II) modeset(0): EDID for output DP-1
[    19.970] (II) modeset(0): EDID for output HDMI-1
[    19.970] (II) modeset(0): EDID for output DP-2
[    19.979] (II) modeset(0): EDID for output HDMI-2
[    19.979] (II) modeset(0): Output eDP-1 connected
[    19.979] (II) modeset(0): Output VGA-1 disconnected
[    19.979] (II) modeset(0): Output DP-1 disconnected
[    19.979] (II) modeset(0): Output HDMI-1 disconnected
[    19.979] (II) modeset(0): Output DP-2 disconnected
[    19.979] (II) modeset(0): Output HDMI-2 disconnected
[    19.979] (II) modeset(0): Using exact sizes for initial modes
[    19.979] (II) modeset(0): Output eDP-1 using initial mode 1366x768 +0+0
[    19.979] (==) modeset(0): Using gamma correction (1.0, 1.0, 1.0)
[    19.979] (==) modeset(0): DPI set to (96, 96)
[    19.979] (II) Loading sub module "fb"
[    19.979] (II) LoadModule: "fb"
[    19.979] (II) Loading /usr/lib/xorg/modules/libfb.so
[    19.979] (II) Module fb: vendor="X.Org Foundation"
[    19.979] 	compiled for 1.19.6, module version = 1.0.0
[    19.979] 	ABI class: X.Org ANSI C Emulation, version 0.4
[    19.979] (II) UnloadModule: "fbdev"
[    19.980] (II) Unloading fbdev
[    19.980] (II) UnloadSubModule: "fbdevhw"
[    19.980] (II) Unloading fbdevhw
[    19.980] (II) UnloadModule: "vesa"
[    19.980] (II) Unloading vesa
[    19.980] (==) Depth 24 pixmap format is 32 bpp
[    20.039] (==) modeset(0): Backing store enabled
[    20.039] (==) modeset(0): Silken mouse enabled
[    20.039] (II) modeset(0): RandR 1.2 enabled, ignore the following RandR disabled message.
[    20.103] (==) modeset(0): DPMS enabled
[    20.103] (II) modeset(0): [DRI2] Setup complete
[    20.103] (II) modeset(0): [DRI2]   DRI driver: i965
[    20.103] (II) modeset(0): [DRI2]   VDPAU driver: i965
[    20.103] (--) RandR disabled
[    20.106] (II) SELinux: Disabled on system
[    20.110] (II) AIGLX: enabled GLX_MESA_copy_sub_buffer
[    20.110] (II) AIGLX: enabled GLX_ARB_create_context
[    20.110] (II) AIGLX: enabled GLX_ARB_create_context_profile
[    20.110] (II) AIGLX: enabled GLX_EXT_create_context_es{,2}_profile
[    20.110] (II) AIGLX: enabled GLX_INTEL_swap_event
[    20.110] (II) AIGLX: enabled GLX_SGI_swap_control
[    20.110] (II) AIGLX: enabled GLX_EXT_framebuffer_sRGB
[    20.110] (II) AIGLX: enabled GLX_ARB_fbconfig_float
[    20.110] (II) AIGLX: enabled GLX_EXT_fbconfig_packed_float
[    20.110] (II) AIGLX: GLX_EXT_texture_from_pixmap backed by buffer objects
[    20.110] (II) AIGLX: enabled GLX_ARB_create_context_robustness
[    20.110] (II) AIGLX: Loaded and initialized i965
[    20.110] (II) GLX: Initialized DRI2 GL provider for screen 0
[    20.112] (II) modeset(0): Damage tracking initialized
[    20.112] (II) modeset(0): Setting screen physical size to 361 x 203
[    20.142] (II) config/udev: Adding input device Power Button (/dev/input/event2)
[    20.142] (**) Power Button: Applying InputClass "libinput keyboard catchall"
[    20.142] (II) LoadModule: "libinput"
[    20.142] (II) Loading /usr/lib/xorg/modules/input/libinput_drv.so
[    20.143] (II) Module libinput: vendor="X.Org Foundation"
[    20.143] 	compiled for 1.19.6, module version = 0.27.1
[    20.143] 	Module class: X.Org XInput Driver
[    20.143] 	ABI class: X.Org XInput driver, version 24.1
[    20.143] (II) Using input driver 'libinput' for 'Power Button'
[    20.144] (II) systemd-logind: got fd for /dev/input/event2 13:66 fd 21 paused 0
[    20.144] (**) Power Button: always reports core events
[    20.144] (**) Option "Device" "/dev/input/event2"
[    20.144] (**) Option "_source" "server/udev"
[    20.144] (II) event2  - Power Button: is tagged by udev as: Keyboard
[    20.144] (II) event2  - Power Button: device is a keyboard
[    20.145] (II) event2  - Power Button: device removed
[    20.145] (**) Option "config_info" "udev:/sys/devices/LNXSYSTM:00/LNXPWRBN:00/input/input2/event2"
[    20.145] (II) XINPUT: Adding extended input device "Power Button" (type: KEYBOARD, id 6)
[    20.145] (**) Option "xkb_model" "pc105"
[    20.145] (**) Option "xkb_layout" "us"
[    20.145] (II) event2  - Power Button: is tagged by udev as: Keyboard
[    20.145] (II) event2  - Power Button: device is a keyboard
[    20.146] (II) config/udev: Adding input device Video Bus (/dev/input/event4)
[    20.146] (**) Video Bus: Applying InputClass "libinput keyboard catchall"
[    20.146] (II) Using input driver 'libinput' for 'Video Bus'
[    20.146] (II) systemd-logind: got fd for /dev/input/event4 13:68 fd 24 paused 0
[    20.146] (**) Video Bus: always reports core events
[    20.146] (**) Option "Device" "/dev/input/event4"
[    20.146] (**) Option "_source" "server/udev"
[    20.147] (II) event4  - Video Bus: is tagged by udev as: Keyboard
[    20.147] (II) event4  - Video Bus: device is a keyboard
[    20.147] (II) event4  - Video Bus: device removed
[    20.147] (**) Option "config_info" "udev:/sys/devices/LNXSYSTM:00/LNXSYBUS:00/PNP0A08:00/LNXVIDEO:00/input/input6/event4"
[    20.147] (II) XINPUT: Adding extended input device "Video Bus" (type: KEYBOARD, id 7)
[    20.147] (**) Option "xkb_model" "pc105"
[    20.147] (**) Option "xkb_layout" "us"
[    20.148] (II) event4  - Video Bus: is tagged by udev as: Keyboard
[    20.148] (II) event4  - Video Bus: device is a keyboard
[    20.148] (II) config/udev: Adding input device Lid Switch (/dev/input/event0)
[    20.148] (II) No input driver specified, ignoring this device.
[    20.148] (II) This device may have been added with another device file.
[    20.148] (II) config/udev: Adding input device Sleep Button (/dev/input/event1)
[    20.148] (**) Sleep Button: Applying InputClass "libinput keyboard catchall"
[    20.148] (II) Using input driver 'libinput' for 'Sleep Button'
[    20.149] (II) systemd-logind: got fd for /dev/input/event1 13:65 fd 25 paused 0
[    20.149] (**) Sleep Button: always reports core events
[    20.149] (**) Option "Device" "/dev/input/event1"
[    20.149] (**) Option "_source" "server/udev"
[    20.149] (II) event1  - Sleep Button: is tagged by udev as: Keyboard
[    20.149] (II) event1  - Sleep Button: device is a keyboard
[    20.149] (II) event1  - Sleep Button: device removed
[    20.149] (**) Option "config_info" "udev:/sys/devices/LNXSYSTM:00/LNXSYBUS:00/PNP0C0E:00/input/input1/event1"
[    20.149] (II) XINPUT: Adding extended input device "Sleep Button" (type: KEYBOARD, id 8)
[    20.149] (**) Option "xkb_model" "pc105"
[    20.149] (**) Option "xkb_layout" "us"
[    20.150] (II) event1  - Sleep Button: is tagged by udev as: Keyboard
[    20.150] (II) event1  - Sleep Button: device is a keyboard
[    20.151] (II) config/udev: Adding input device HDA Intel HDMI HDMI/DP,pcm=7 (/dev/input/event8)
[    20.151] (II) No input driver specified, ignoring this device.
[    20.151] (II) This device may have been added with another device file.
[    20.151] (II) config/udev: Adding input device HDA Intel HDMI HDMI/DP,pcm=8 (/dev/input/event9)
[    20.151] (II) No input driver specified, ignoring this device.
[    20.151] (II) This device may have been added with another device file.
[    20.151] (II) config/udev: Adding input device HDA Intel HDMI HDMI/DP,pcm=9 (/dev/input/event10)
[    20.151] (II) No input driver specified, ignoring this device.
[    20.151] (II) This device may have been added with another device file.
[    20.151] (II) config/udev: Adding input device HDA Intel HDMI HDMI/DP,pcm=10 (/dev/input/event11)
[    20.151] (II) No input driver specified, ignoring this device.
[    20.151] (II) This device may have been added with another device file.
[    20.152] (II) config/udev: Adding input device HDA Intel HDMI HDMI/DP,pcm=3 (/dev/input/event7)
[    20.152] (II) No input driver specified, ignoring this device.
[    20.152] (II) This device may have been added with another device file.
[    20.152] (II) config/udev: Adding input device Integrated Camera: Integrated C (/dev/input/event13)
[    20.152] (**) Integrated Camera: Integrated C: Applying InputClass "libinput keyboard catchall"
[    20.152] (II) Using input driver 'libinput' for 'Integrated Camera: Integrated C'
[    20.153] (II) systemd-logind: got fd for /dev/input/event13 13:77 fd 26 paused 0
[    20.153] (**) Integrated Camera: Integrated C: always reports core events
[    20.153] (**) Option "Device" "/dev/input/event13"
[    20.153] (**) Option "_source" "server/udev"
[    20.153] (II) event13 - Integrated Camera: Integrated C: is tagged by udev as: Keyboard
[    20.153] (II) event13 - Integrated Camera: Integrated C: device is a keyboard
[    20.153] (II) event13 - Integrated Camera: Integrated C: device removed
[    20.153] (**) Option "config_info" "udev:/sys/devices/pci0000:00/0000:00:14.0/usb3/3-12/3-12:1.0/input/input14/event13"
[    20.153] (II) XINPUT: Adding extended input device "Integrated Camera: Integrated C" (type: KEYBOARD, id 9)
[    20.153] (**) Option "xkb_model" "pc105"
[    20.153] (**) Option "xkb_layout" "us"
[    20.154] (II) event13 - Integrated Camera: Integrated C: is tagged by udev as: Keyboard
[    20.154] (II) event13 - Integrated Camera: Integrated C: device is a keyboard
[    20.154] (II) config/udev: Adding input device HDA Intel PCH Dock Mic (/dev/input/event14)
[    20.154] (II) No input driver specified, ignoring this device.
[    20.154] (II) This device may have been added with another device file.
[    20.155] (II) config/udev: Adding input device HDA Intel PCH Mic (/dev/input/event15)
[    20.155] (II) No input driver specified, ignoring this device.
[    20.155] (II) This device may have been added with another device file.
[    20.155] (II) config/udev: Adding input device HDA Intel PCH Dock Headphone (/dev/input/event16)
[    20.155] (II) No input driver specified, ignoring this device.
[    20.155] (II) This device may have been added with another device file.
[    20.155] (II) config/udev: Adding input device HDA Intel PCH Headphone (/dev/input/event17)
[    20.155] (II) No input driver specified, ignoring this device.
[    20.155] (II) This device may have been added with another device file.
[    20.155] (II) config/udev: Adding input device AT Translated Set 2 keyboard (/dev/input/event3)
[    20.155] (**) AT Translated Set 2 keyboard: Applying InputClass "libinput keyboard catchall"
[    20.155] (II) Using input driver 'libinput' for 'AT Translated Set 2 keyboard'
[    20.156] (II) systemd-logind: got fd for /dev/input/event3 13:67 fd 27 paused 0
[    20.156] (**) AT Translated Set 2 keyboard: always reports core events
[    20.156] (**) Option "Device" "/dev/input/event3"
[    20.156] (**) Option "_source" "server/udev"
[    20.157] (II) event3  - AT Translated Set 2 keyboard: is tagged by udev as: Keyboard
[    20.157] (II) event3  - AT Translated Set 2 keyboard: device is a keyboard
[    20.157] (II) event3  - AT Translated Set 2 keyboard: device removed
[    20.157] (**) Option "config_info" "udev:/sys/devices/platform/i8042/serio0/input/input3/event3"
[    20.157] (II) XINPUT: Adding extended input device "AT Translated Set 2 keyboard" (type: KEYBOARD, id 10)
[    20.157] (**) Option "xkb_model" "pc105"
[    20.157] (**) Option "xkb_layout" "us"
[    20.157] (II) event3  - AT Translated Set 2 keyboard: is tagged by udev as: Keyboard
[    20.157] (II) event3  - AT Translated Set 2 keyboard: device is a keyboard
[    20.158] (II) config/udev: Adding input device SynPS/2 Synaptics TouchPad (/dev/input/event5)
[    20.158] (**) SynPS/2 Synaptics TouchPad: Applying InputClass "libinput touchpad catchall"
[    20.158] (II) Using input driver 'libinput' for 'SynPS/2 Synaptics TouchPad'
[    20.158] (II) systemd-logind: got fd for /dev/input/event5 13:69 fd 28 paused 0
[    20.158] (**) SynPS/2 Synaptics TouchPad: always reports core events
[    20.158] (**) Option "Device" "/dev/input/event5"
[    20.158] (**) Option "_source" "server/udev"
[    20.159] (II) event5  - SynPS/2 Synaptics TouchPad: is tagged by udev as: Touchpad
[    20.159] (II) event5  - SynPS/2 Synaptics TouchPad: device is a touchpad
[    20.159] (II) event5  - SynPS/2 Synaptics TouchPad: device removed
[    20.159] (**) Option "config_info" "udev:/sys/devices/platform/i8042/serio1/input/input5/event5"
[    20.159] (II) XINPUT: Adding extended input device "SynPS/2 Synaptics TouchPad" (type: TOUCHPAD, id 11)
[    20.159] (**) Option "AccelerationScheme" "none"
[    20.159] (**) SynPS/2 Synaptics TouchPad: (accel) selected scheme none/0
[    20.159] (**) SynPS/2 Synaptics TouchPad: (accel) acceleration factor: 2.000
[    20.159] (**) SynPS/2 Synaptics TouchPad: (accel) acceleration threshold: 4
[    20.160] (II) event5  - SynPS/2 Synaptics TouchPad: is tagged by udev as: Touchpad
[    20.160] (II) event5  - SynPS/2 Synaptics TouchPad: device is a touchpad
[    20.160] (II) config/udev: Adding input device SynPS/2 Synaptics TouchPad (/dev/input/mouse0)
[    20.160] (II) No input driver specified, ignoring this device.
[    20.160] (II) This device may have been added with another device file.
[    20.160] (II) config/udev: Adding input device TPPS/2 IBM TrackPoint (/dev/input/event6)
[    20.160] (**) TPPS/2 IBM TrackPoint: Applying InputClass "libinput pointer catchall"
[    20.160] (II) Using input driver 'libinput' for 'TPPS/2 IBM TrackPoint'
[    20.161] (II) systemd-logind: got fd for /dev/input/event6 13:70 fd 29 paused 0
[    20.161] (**) TPPS/2 IBM TrackPoint: always reports core events
[    20.161] (**) Option "Device" "/dev/input/event6"
[    20.161] (**) Option "_source" "server/udev"
[    20.161] (II) event6  - TPPS/2 IBM TrackPoint: is tagged by udev as: Mouse Pointingstick
[    20.161] (II) event6  - TPPS/2 IBM TrackPoint: trackpoint device set to range 31
[    20.161] (II) event6  - TPPS/2 IBM TrackPoint: device is a pointer
[    20.161] (II) event6  - TPPS/2 IBM TrackPoint: device removed
[    20.161] (**) Option "config_info" "udev:/sys/devices/platform/i8042/serio1/serio2/input/input7/event6"
[    20.161] (II) XINPUT: Adding extended input device "TPPS/2 IBM TrackPoint" (type: MOUSE, id 12)
[    20.161] (**) Option "AccelerationScheme" "none"
[    20.162] (**) TPPS/2 IBM TrackPoint: (accel) selected scheme none/0
[    20.162] (**) TPPS/2 IBM TrackPoint: (accel) acceleration factor: 2.000
[    20.162] (**) TPPS/2 IBM TrackPoint: (accel) acceleration threshold: 4
[    20.162] (II) event6  - TPPS/2 IBM TrackPoint: is tagged by udev as: Mouse Pointingstick
[    20.162] (II) event6  - TPPS/2 IBM TrackPoint: trackpoint device set to range 31
[    20.162] (II) event6  - TPPS/2 IBM TrackPoint: device is a pointer
[    20.162] (II) config/udev: Adding input device TPPS/2 IBM TrackPoint (/dev/input/mouse1)
[    20.162] (II) No input driver specified, ignoring this device.
[    20.162] (II) This device may have been added with another device file.
[    20.164] (II) config/udev: Adding input device ThinkPad Extra Buttons (/dev/input/event12)
[    20.164] (**) ThinkPad Extra Buttons: Applying InputClass "libinput keyboard catchall"
[    20.164] (II) Using input driver 'libinput' for 'ThinkPad Extra Buttons'
[    20.165] (II) systemd-logind: got fd for /dev/input/event12 13:76 fd 30 paused 0
[    20.165] (**) ThinkPad Extra Buttons: always reports core events
[    20.165] (**) Option "Device" "/dev/input/event12"
[    20.165] (**) Option "_source" "server/udev"
[    20.165] (II) event12 - ThinkPad Extra Buttons: is tagged by udev as: Keyboard
[    20.165] (II) event12 - ThinkPad Extra Buttons: device is a keyboard
[    20.165] (II) event12 - ThinkPad Extra Buttons: device removed
[    20.165] (**) Option "config_info" "udev:/sys/devices/platform/thinkpad_acpi/input/input8/event12"
[    20.165] (II) XINPUT: Adding extended input device "ThinkPad Extra Buttons" (type: KEYBOARD, id 13)
[    20.166] (**) Option "xkb_model" "pc105"
[    20.166] (**) Option "xkb_layout" "us"
[    20.166] (II) event12 - ThinkPad Extra Buttons: is tagged by udev as: Keyboard
[    20.166] (II) event12 - ThinkPad Extra Buttons: device is a keyboard
[    20.485] (II) modeset(0): EDID vendor "CMN", prod id 5266
[    20.485] (II) modeset(0): Printing DDC gathered Modelines:
[    20.485] (II) modeset(0): Modeline "1366x768"x0.0   76.42  1366 1434 1479 1592  768 772 779 800 -hsync -vsync (48.0 kHz eP)
[  1013.479] (II) config/udev: Adding input device  USB OPTICAL MOUSE (/dev/input/mouse2)
[  1013.479] (II) No input driver specified, ignoring this device.
[  1013.479] (II) This device may have been added with another device file.
[  1013.568] (II) config/udev: Adding input device  USB OPTICAL MOUSE (/dev/input/event18)
[  1013.568] (**)  USB OPTICAL MOUSE: Applying InputClass "libinput pointer catchall"
[  1013.568] (II) Using input driver 'libinput' for ' USB OPTICAL MOUSE'
[  1013.620] (II) systemd-logind: got fd for /dev/input/event18 13:82 fd 90 paused 0
[  1013.621] (**)  USB OPTICAL MOUSE: always reports core events
[  1013.621] (**) Option "Device" "/dev/input/event18"
[  1013.621] (**) Option "_source" "server/udev"
[  1013.622] (II) event18 -  USB OPTICAL MOUSE: is tagged by udev as: Mouse
[  1013.622] (II) event18 -  USB OPTICAL MOUSE: device is a pointer
[  1013.622] (II) event18 -  USB OPTICAL MOUSE: device removed
[  1013.622] (**) Option "config_info" "udev:/sys/devices/pci0000:00/0000:00:14.0/usb3/3-6/3-6:1.0/0003:0000:0538.0001/input/input19/event18"
[  1013.623] (II) XINPUT: Adding extended input device " USB OPTICAL MOUSE" (type: MOUSE, id 14)
[  1013.626] (**) Option "AccelerationScheme" "none"
[  1013.627] (**)  USB OPTICAL MOUSE: (accel) selected scheme none/0
[  1013.627] (**)  USB OPTICAL MOUSE: (accel) acceleration factor: 2.000
[  1013.627] (**)  USB OPTICAL MOUSE: (accel) acceleration threshold: 4
[  1013.628] (II) event18 -  USB OPTICAL MOUSE: is tagged by udev as: Mouse
[  1013.628] (II) event18 -  USB OPTICAL MOUSE: device is a pointer
