[ 12352.278] _XSERVTransSocketUNIXCreateListener: ...SocketCreateListener() failed
[ 12352.279] _XSERVTransMakeAllCOTSServerListeners: server already running
[ 12352.279] (--) Log file renamed from "/home/moringaaccess/.local/share/xorg/Xorg.pid-13534.log" to "/home/moringaaccess/.local/share/xorg/Xorg.1.log"
[ 12352.279] 
X.Org X Server 1.19.6
Release Date: 2017-12-20
[ 12352.279] X Protocol Version 11, Revision 0
[ 12352.279] Build Operating System: Linux 4.15.0-115-generic x86_64 Ubuntu
[ 12352.279] Current Operating System: Linux moringa-ThinkPad-L440 4.15.0-123-generic #126-Ubuntu SMP Wed Oct 21 09:40:11 UTC 2020 x86_64
[ 12352.279] Kernel command line: BOOT_IMAGE=/boot/vmlinuz-4.15.0-123-generic root=UUID=ba808223-3646-49e5-a2c1-39af12bc6193 ro quiet splash vt.handoff=1
[ 12352.279] Build Date: 04 September 2020  03:34:39PM
[ 12352.279] xorg-server 2:1.19.6-1ubuntu4.6 (For technical support please see http://www.ubuntu.com/support) 
[ 12352.279] Current version of pixman: 0.34.0
[ 12352.279] 	Before reporting problems, check http://wiki.x.org
	to make sure that you have the latest version.
[ 12352.279] Markers: (--) probed, (**) from config file, (==) default setting,
	(++) from command line, (!!) notice, (II) informational,
	(WW) warning, (EE) error, (NI) not implemented, (??) unknown.
[ 12352.279] (==) Log file: "/home/moringaaccess/.local/share/xorg/Xorg.1.log", Time: Tue Nov 17 23:30:33 2020
[ 12352.279] (==) Using system config directory "/usr/share/X11/xorg.conf.d"
[ 12352.279] (==) No Layout section.  Using the first Screen section.
[ 12352.279] (==) No screen section available. Using defaults.
[ 12352.279] (**) |-->Screen "Default Screen Section" (0)
[ 12352.279] (**) |   |-->Monitor "<default monitor>"
[ 12352.280] (==) No monitor specified for screen "Default Screen Section".
	Using a default monitor configuration.
[ 12352.280] (==) Automatically adding devices
[ 12352.280] (==) Automatically enabling devices
[ 12352.280] (==) Automatically adding GPU devices
[ 12352.280] (==) Automatically binding GPU devices
[ 12352.280] (==) Max clients allowed: 256, resource mask: 0x1fffff
[ 12352.280] (WW) The directory "/usr/share/fonts/X11/cyrillic" does not exist.
[ 12352.280] 	Entry deleted from font path.
[ 12352.280] (WW) The directory "/usr/share/fonts/X11/100dpi/" does not exist.
[ 12352.280] 	Entry deleted from font path.
[ 12352.280] (WW) The directory "/usr/share/fonts/X11/75dpi/" does not exist.
[ 12352.280] 	Entry deleted from font path.
[ 12352.280] (WW) The directory "/usr/share/fonts/X11/100dpi" does not exist.
[ 12352.280] 	Entry deleted from font path.
[ 12352.280] (WW) The directory "/usr/share/fonts/X11/75dpi" does not exist.
[ 12352.280] 	Entry deleted from font path.
[ 12352.280] (==) FontPath set to:
	/usr/share/fonts/X11/misc,
	/usr/share/fonts/X11/Type1,
	built-ins
[ 12352.280] (==) ModulePath set to "/usr/lib/xorg/modules"
[ 12352.280] (II) The server relies on udev to provide the list of input devices.
	If no devices become available, reconfigure udev or disable AutoAddDevices.
[ 12352.280] (II) Loader magic: 0x561425de6020
[ 12352.280] (II) Module ABI versions:
[ 12352.280] 	X.Org ANSI C Emulation: 0.4
[ 12352.280] 	X.Org Video Driver: 23.0
[ 12352.280] 	X.Org XInput driver : 24.1
[ 12352.280] 	X.Org Server Extension : 10.0
[ 12352.280] (++) using VT number 3

[ 12352.282] (II) systemd-logind: took control of session /org/freedesktop/login1/session/_38
[ 12352.283] (II) xfree86: Adding drm device (/dev/dri/card0)
[ 12352.283] (II) systemd-logind: got fd for /dev/dri/card0 226:0 fd 13 paused 0
[ 12352.285] (--) PCI:*(0:0:2:0) 8086:0416:17aa:501e rev 6, Mem @ 0xf0000000/4194304, 0xe0000000/268435456, I/O @ 0x00003000/64, BIOS @ 0x????????/131072
[ 12352.285] (II) LoadModule: "glx"
[ 12352.285] (II) Loading /usr/lib/xorg/modules/extensions/libglx.so
[ 12352.286] (II) Module glx: vendor="X.Org Foundation"
[ 12352.286] 	compiled for 1.19.6, module version = 1.0.0
[ 12352.286] 	ABI class: X.Org Server Extension, version 10.0
[ 12352.287] (==) Matched modesetting as autoconfigured driver 0
[ 12352.287] (==) Matched fbdev as autoconfigured driver 1
[ 12352.287] (==) Matched vesa as autoconfigured driver 2
[ 12352.287] (==) Assigned the driver to the xf86ConfigLayout
[ 12352.287] (II) LoadModule: "modesetting"
[ 12352.287] (II) Loading /usr/lib/xorg/modules/drivers/modesetting_drv.so
[ 12352.287] (II) Module modesetting: vendor="X.Org Foundation"
[ 12352.287] 	compiled for 1.19.6, module version = 1.19.6
[ 12352.287] 	Module class: X.Org Video Driver
[ 12352.287] 	ABI class: X.Org Video Driver, version 23.0
[ 12352.287] (II) LoadModule: "fbdev"
[ 12352.287] (II) Loading /usr/lib/xorg/modules/drivers/fbdev_drv.so
[ 12352.287] (II) Module fbdev: vendor="X.Org Foundation"
[ 12352.287] 	compiled for 1.19.3, module version = 0.4.4
[ 12352.287] 	Module class: X.Org Video Driver
[ 12352.287] 	ABI class: X.Org Video Driver, version 23.0
[ 12352.287] (II) LoadModule: "vesa"
[ 12352.287] (II) Loading /usr/lib/xorg/modules/drivers/vesa_drv.so
[ 12352.287] (II) Module vesa: vendor="X.Org Foundation"
[ 12352.287] 	compiled for 1.19.3, module version = 2.3.4
[ 12352.287] 	Module class: X.Org Video Driver
[ 12352.287] 	ABI class: X.Org Video Driver, version 23.0
[ 12352.287] (II) modesetting: Driver for Modesetting Kernel Drivers: kms
[ 12352.287] (II) FBDEV: driver for framebuffer: fbdev
[ 12352.287] (II) VESA: driver for VESA chipsets: vesa
[ 12352.287] xf86EnableIOPorts: failed to set IOPL for I/O (Operation not permitted)
[ 12352.287] (II) modeset(0): using drv /dev/dri/card0
[ 12352.287] (WW) Falling back to old probe method for fbdev
[ 12352.287] (II) Loading sub module "fbdevhw"
[ 12352.287] (II) LoadModule: "fbdevhw"
[ 12352.287] (II) Loading /usr/lib/xorg/modules/libfbdevhw.so
[ 12352.288] (II) Module fbdevhw: vendor="X.Org Foundation"
[ 12352.288] 	compiled for 1.19.6, module version = 0.0.2
[ 12352.288] 	ABI class: X.Org Video Driver, version 23.0
[ 12352.288] (EE) open /dev/fb0: Permission denied
[ 12352.288] (WW) Falling back to old probe method for vesa
[ 12352.288] (WW) VGA arbiter: cannot open kernel arbiter, no multi-card support
[ 12352.288] (II) modeset(0): Creating default Display subsection in Screen section
	"Default Screen Section" for depth/fbbpp 24/32
[ 12352.288] (==) modeset(0): Depth 24, (==) framebuffer bpp 32
[ 12352.288] (==) modeset(0): RGB weight 888
[ 12352.288] (==) modeset(0): Default visual is TrueColor
[ 12352.288] (II) Loading sub module "glamoregl"
[ 12352.288] (II) LoadModule: "glamoregl"
[ 12352.288] (II) Loading /usr/lib/xorg/modules/libglamoregl.so
[ 12352.291] (II) Module glamoregl: vendor="X.Org Foundation"
[ 12352.291] 	compiled for 1.19.6, module version = 1.0.0
[ 12352.291] 	ABI class: X.Org ANSI C Emulation, version 0.4
[ 12352.291] (II) glamor: OpenGL accelerated X.org driver based.
[ 12352.301] (II) glamor: EGL version 1.4 (DRI2):
[ 12352.305] (II) modeset(0): glamor initialized
[ 12352.306] (II) modeset(0): Output eDP-1 has no monitor section
[ 12352.311] (II) modeset(0): Output VGA-1 has no monitor section
[ 12352.311] (II) modeset(0): Output DP-1 has no monitor section
[ 12352.320] (II) modeset(0): Output HDMI-1 has no monitor section
[ 12352.320] (II) modeset(0): Output DP-2 has no monitor section
[ 12352.329] (II) modeset(0): Output HDMI-2 has no monitor section
[ 12352.337] (II) modeset(0): EDID for output eDP-1
[ 12352.337] (II) modeset(0): Manufacturer: CMN  Model: 1492  Serial#: 0
[ 12352.337] (II) modeset(0): Year: 2012  Week: 40
[ 12352.337] (II) modeset(0): EDID Version: 1.4
[ 12352.337] (II) modeset(0): Digital Display Input
[ 12352.337] (II) modeset(0): 6 bits per channel
[ 12352.337] (II) modeset(0): Digital interface is DisplayPort
[ 12352.337] (II) modeset(0): Max Image Size [cm]: horiz.: 31  vert.: 17
[ 12352.337] (II) modeset(0): Gamma: 2.20
[ 12352.337] (II) modeset(0): No DPMS capabilities specified
[ 12352.337] (II) modeset(0): Supported color encodings: RGB 4:4:4 
[ 12352.337] (II) modeset(0): First detailed timing is preferred mode
[ 12352.337] (II) modeset(0): Preferred mode is native pixel format and refresh rate
[ 12352.337] (II) modeset(0): redX: 0.589 redY: 0.343   greenX: 0.330 greenY: 0.570
[ 12352.337] (II) modeset(0): blueX: 0.157 blueY: 0.137   whiteX: 0.313 whiteY: 0.329
[ 12352.337] (II) modeset(0): Manufacturer's mask: 0
[ 12352.337] (II) modeset(0): Supported detailed timing:
[ 12352.337] (II) modeset(0): clock: 76.4 MHz   Image Size:  309 x 174 mm
[ 12352.337] (II) modeset(0): h_active: 1366  h_sync: 1434  h_sync_end 1479 h_blank_end 1592 h_border: 0
[ 12352.337] (II) modeset(0): v_active: 768  v_sync: 772  v_sync_end 779 v_blanking: 800 v_border: 0
[ 12352.337] (II) modeset(0):  N140BGE-E33
[ 12352.337] (II) modeset(0):  CMN
[ 12352.337] (II) modeset(0):  N140BGE-E33
[ 12352.337] (II) modeset(0): EDID (in hex):
[ 12352.337] (II) modeset(0): 	00ffffffffffff000dae921400000000
[ 12352.337] (II) modeset(0): 	28160104951f117802f8459657549228
[ 12352.337] (II) modeset(0): 	23505400000001010101010101010101
[ 12352.337] (II) modeset(0): 	010101010101da1d56e250002030442d
[ 12352.337] (II) modeset(0): 	470035ae10000018000000fe004e3134
[ 12352.337] (II) modeset(0): 	304247452d4533330a20000000fe0043
[ 12352.337] (II) modeset(0): 	4d4e0a202020202020202020000000fe
[ 12352.337] (II) modeset(0): 	004e3134304247452d4533330a20001a
[ 12352.337] (II) modeset(0): Printing probed modes for output eDP-1
[ 12352.337] (II) modeset(0): Modeline "1366x768"x60.0   76.42  1366 1434 1479 1592  768 772 779 800 -hsync -vsync (48.0 kHz eP)
[ 12352.337] (II) modeset(0): Modeline "1360x768"x59.8   84.75  1360 1432 1568 1776  768 771 781 798 -hsync +vsync (47.7 kHz d)
[ 12352.337] (II) modeset(0): Modeline "1360x768"x60.0   72.00  1360 1408 1440 1520  768 771 781 790 +hsync -vsync (47.4 kHz d)
[ 12352.337] (II) modeset(0): Modeline "1280x720"x120.0  156.12  1280 1376 1512 1744  720 721 724 746 doublescan -hsync +vsync (89.5 kHz d)
[ 12352.337] (II) modeset(0): Modeline "1280x720"x120.0  120.75  1280 1304 1320 1360  720 721 724 740 doublescan +hsync -vsync (88.8 kHz d)
[ 12352.337] (II) modeset(0): Modeline "1280x720"x59.9   74.50  1280 1344 1472 1664  720 723 728 748 -hsync +vsync (44.8 kHz d)
[ 12352.337] (II) modeset(0): Modeline "1280x720"x59.7   63.75  1280 1328 1360 1440  720 723 728 741 +hsync -vsync (44.3 kHz d)
[ 12352.337] (II) modeset(0): Modeline "1024x768"x120.1  133.47  1024 1100 1212 1400  768 768 770 794 doublescan -hsync +vsync (95.3 kHz d)
[ 12352.337] (II) modeset(0): Modeline "1024x768"x60.0   65.00  1024 1048 1184 1344  768 771 777 806 -hsync -vsync (48.4 kHz d)
[ 12352.337] (II) modeset(0): Modeline "960x720"x120.0  117.00  960 1024 1128 1300  720 720 722 750 doublescan -hsync +vsync (90.0 kHz d)
[ 12352.337] (II) modeset(0): Modeline "928x696"x120.1  109.15  928 976 1088 1264  696 696 698 719 doublescan -hsync +vsync (86.4 kHz d)
[ 12352.337] (II) modeset(0): Modeline "896x672"x120.0  102.40  896 960 1060 1224  672 672 674 697 doublescan -hsync +vsync (83.7 kHz d)
[ 12352.337] (II) modeset(0): Modeline "1024x576"x119.9   98.50  1024 1092 1200 1376  576 577 580 597 doublescan -hsync +vsync (71.6 kHz d)
[ 12352.337] (II) modeset(0): Modeline "1024x576"x119.9   78.38  1024 1048 1064 1104  576 577 580 592 doublescan +hsync -vsync (71.0 kHz d)
[ 12352.337] (II) modeset(0): Modeline "1024x576"x59.9   46.50  1024 1064 1160 1296  576 579 584 599 -hsync +vsync (35.9 kHz d)
[ 12352.337] (II) modeset(0): Modeline "1024x576"x59.8   42.00  1024 1072 1104 1184  576 579 584 593 +hsync -vsync (35.5 kHz d)
[ 12352.337] (II) modeset(0): Modeline "960x600"x119.9   96.62  960 1028 1128 1296  600 601 604 622 doublescan -hsync +vsync (74.6 kHz d)
[ 12352.337] (II) modeset(0): Modeline "960x600"x120.0   77.00  960 984 1000 1040  600 601 604 617 doublescan +hsync -vsync (74.0 kHz d)
[ 12352.337] (II) modeset(0): Modeline "960x540"x119.9   86.50  960 1024 1124 1288  540 541 544 560 doublescan -hsync +vsync (67.2 kHz d)
[ 12352.337] (II) modeset(0): Modeline "960x540"x120.0   69.25  960 984 1000 1040  540 541 544 555 doublescan +hsync -vsync (66.6 kHz d)
[ 12352.337] (II) modeset(0): Modeline "960x540"x59.6   40.75  960 992 1088 1216  540 543 548 562 -hsync +vsync (33.5 kHz d)
[ 12352.337] (II) modeset(0): Modeline "960x540"x59.8   37.25  960 1008 1040 1120  540 543 548 556 +hsync -vsync (33.3 kHz d)
[ 12352.337] (II) modeset(0): Modeline "800x600"x120.0   81.00  800 832 928 1080  600 600 602 625 doublescan +hsync +vsync (75.0 kHz d)
[ 12352.337] (II) modeset(0): Modeline "800x600"x60.3   40.00  800 840 968 1056  600 601 605 628 +hsync +vsync (37.9 kHz d)
[ 12352.337] (II) modeset(0): Modeline "800x600"x56.2   36.00  800 824 896 1024  600 601 603 625 +hsync +vsync (35.2 kHz d)
[ 12352.337] (II) modeset(0): Modeline "840x525"x120.0   73.12  840 892 980 1120  525 526 529 544 doublescan -hsync +vsync (65.3 kHz d)
[ 12352.337] (II) modeset(0): Modeline "840x525"x119.8   59.50  840 864 880 920  525 526 529 540 doublescan +hsync -vsync (64.7 kHz d)
[ 12352.337] (II) modeset(0): Modeline "864x486"x59.9   32.50  864 888 968 1072  486 489 494 506 -hsync +vsync (30.3 kHz d)
[ 12352.337] (II) modeset(0): Modeline "864x486"x59.6   30.50  864 912 944 1024  486 489 494 500 +hsync -vsync (29.8 kHz d)
[ 12352.337] (II) modeset(0): Modeline "800x512"x120.3   51.56  800 800 828 832  512 512 514 515 doublescan +hsync +vsync (62.0 kHz d)
[ 12352.337] (II) modeset(0): Modeline "700x525"x120.0   61.00  700 744 820 940  525 526 532 541 doublescan +hsync +vsync (64.9 kHz d)
[ 12352.337] (II) modeset(0): Modeline "800x450"x119.9   59.12  800 848 928 1056  450 451 454 467 doublescan -hsync +vsync (56.0 kHz d)
[ 12352.337] (II) modeset(0): Modeline "800x450"x119.6   48.75  800 824 840 880  450 451 454 463 doublescan +hsync -vsync (55.4 kHz d)
[ 12352.337] (II) modeset(0): Modeline "640x512"x120.0   54.00  640 664 720 844  512 512 514 533 doublescan +hsync +vsync (64.0 kHz d)
[ 12352.337] (II) modeset(0): Modeline "720x450"x119.8   53.25  720 760 836 952  450 451 454 467 doublescan -hsync +vsync (55.9 kHz d)
[ 12352.337] (II) modeset(0): Modeline "700x450"x119.9   51.75  700 740 812 924  450 451 456 467 doublescan -hsync +vsync (56.0 kHz d)
[ 12352.337] (II) modeset(0): Modeline "700x450"x119.8   43.25  700 724 740 780  450 451 456 463 doublescan +hsync -vsync (55.4 kHz d)
[ 12352.337] (II) modeset(0): Modeline "640x480"x120.0   54.00  640 688 744 900  480 480 482 500 doublescan +hsync +vsync (60.0 kHz d)
[ 12352.337] (II) modeset(0): Modeline "640x480"x59.9   25.18  640 656 752 800  480 490 492 525 -hsync -vsync (31.5 kHz d)
[ 12352.337] (II) modeset(0): Modeline "720x405"x59.5   22.50  720 744 808 896  405 408 413 422 -hsync +vsync (25.1 kHz d)
[ 12352.337] (II) modeset(0): Modeline "720x405"x59.0   21.75  720 768 800 880  405 408 413 419 +hsync -vsync (24.7 kHz d)
[ 12352.337] (II) modeset(0): Modeline "684x384"x119.8   42.62  684 720 788 892  384 385 390 399 doublescan -hsync +vsync (47.8 kHz d)
[ 12352.337] (II) modeset(0): Modeline "684x384"x119.7   36.12  684 708 724 764  384 385 390 395 doublescan +hsync -vsync (47.3 kHz d)
[ 12352.337] (II) modeset(0): Modeline "680x384"x119.6   42.38  680 716 784 888  384 385 390 399 doublescan -hsync +vsync (47.7 kHz d)
[ 12352.337] (II) modeset(0): Modeline "680x384"x119.9   36.00  680 704 720 760  384 385 390 395 doublescan +hsync -vsync (47.4 kHz d)
[ 12352.337] (II) modeset(0): Modeline "640x400"x119.8   41.75  640 676 740 840  400 401 404 415 doublescan -hsync +vsync (49.7 kHz d)
[ 12352.337] (II) modeset(0): Modeline "640x400"x120.0   35.50  640 664 680 720  400 401 404 411 doublescan +hsync -vsync (49.3 kHz d)
[ 12352.337] (II) modeset(0): Modeline "576x432"x120.1   40.81  576 608 668 760  432 432 434 447 doublescan -hsync +vsync (53.7 kHz d)
[ 12352.337] (II) modeset(0): Modeline "640x360"x119.7   37.25  640 672 736 832  360 361 364 374 doublescan -hsync +vsync (44.8 kHz d)
[ 12352.337] (II) modeset(0): Modeline "640x360"x119.7   31.88  640 664 680 720  360 361 364 370 doublescan +hsync -vsync (44.3 kHz d)
[ 12352.337] (II) modeset(0): Modeline "640x360"x59.8   18.00  640 664 720 800  360 363 368 376 -hsync +vsync (22.5 kHz d)
[ 12352.337] (II) modeset(0): Modeline "640x360"x59.3   17.75  640 688 720 800  360 363 368 374 +hsync -vsync (22.2 kHz d)
[ 12352.337] (II) modeset(0): Modeline "512x384"x120.0   32.50  512 524 592 672  384 385 388 403 doublescan -hsync -vsync (48.4 kHz d)
[ 12352.337] (II) modeset(0): Modeline "512x288"x120.0   23.25  512 532 580 648  288 289 292 299 doublescan -hsync +vsync (35.9 kHz d)
[ 12352.337] (II) modeset(0): Modeline "512x288"x119.8   21.00  512 536 552 592  288 289 292 296 doublescan +hsync -vsync (35.5 kHz d)
[ 12352.337] (II) modeset(0): Modeline "480x270"x119.3   20.38  480 496 544 608  270 271 274 281 doublescan -hsync +vsync (33.5 kHz d)
[ 12352.337] (II) modeset(0): Modeline "480x270"x119.6   18.62  480 504 520 560  270 271 274 278 doublescan +hsync -vsync (33.3 kHz d)
[ 12352.337] (II) modeset(0): Modeline "400x300"x120.6   20.00  400 420 484 528  300 300 302 314 doublescan +hsync +vsync (37.9 kHz d)
[ 12352.337] (II) modeset(0): Modeline "400x300"x112.7   18.00  400 412 448 512  300 300 301 312 doublescan +hsync +vsync (35.2 kHz d)
[ 12352.337] (II) modeset(0): Modeline "432x243"x119.8   16.25  432 444 484 536  243 244 247 253 doublescan -hsync +vsync (30.3 kHz d)
[ 12352.337] (II) modeset(0): Modeline "432x243"x119.1   15.25  432 456 472 512  243 244 247 250 doublescan +hsync -vsync (29.8 kHz d)
[ 12352.337] (II) modeset(0): Modeline "320x240"x120.1   12.59  320 328 376 400  240 245 246 262 doublescan -hsync -vsync (31.5 kHz d)
[ 12352.337] (II) modeset(0): Modeline "360x202"x119.0   11.25  360 372 404 448  202 204 206 211 doublescan -hsync +vsync (25.1 kHz d)
[ 12352.337] (II) modeset(0): Modeline "360x202"x118.3   10.88  360 384 400 440  202 204 206 209 doublescan +hsync -vsync (24.7 kHz d)
[ 12352.337] (II) modeset(0): Modeline "320x180"x119.7    9.00  320 332 360 400  180 181 184 188 doublescan -hsync +vsync (22.5 kHz d)
[ 12352.337] (II) modeset(0): Modeline "320x180"x118.6    8.88  320 344 360 400  180 181 184 187 doublescan +hsync -vsync (22.2 kHz d)
[ 12352.343] (II) modeset(0): EDID for output VGA-1
[ 12352.343] (II) modeset(0): EDID for output DP-1
[ 12352.352] (II) modeset(0): EDID for output HDMI-1
[ 12352.352] (II) modeset(0): EDID for output DP-2
[ 12352.361] (II) modeset(0): EDID for output HDMI-2
[ 12352.361] (II) modeset(0): Output eDP-1 connected
[ 12352.361] (II) modeset(0): Output VGA-1 disconnected
[ 12352.361] (II) modeset(0): Output DP-1 disconnected
[ 12352.361] (II) modeset(0): Output HDMI-1 disconnected
[ 12352.361] (II) modeset(0): Output DP-2 disconnected
[ 12352.361] (II) modeset(0): Output HDMI-2 disconnected
[ 12352.361] (II) modeset(0): Using exact sizes for initial modes
[ 12352.361] (II) modeset(0): Output eDP-1 using initial mode 1366x768 +0+0
[ 12352.361] (==) modeset(0): Using gamma correction (1.0, 1.0, 1.0)
[ 12352.361] (==) modeset(0): DPI set to (96, 96)
[ 12352.361] (II) Loading sub module "fb"
[ 12352.361] (II) LoadModule: "fb"
[ 12352.361] (II) Loading /usr/lib/xorg/modules/libfb.so
[ 12352.361] (II) Module fb: vendor="X.Org Foundation"
[ 12352.361] 	compiled for 1.19.6, module version = 1.0.0
[ 12352.361] 	ABI class: X.Org ANSI C Emulation, version 0.4
[ 12352.361] (II) UnloadModule: "fbdev"
[ 12352.361] (II) Unloading fbdev
[ 12352.361] (II) UnloadSubModule: "fbdevhw"
[ 12352.361] (II) Unloading fbdevhw
[ 12352.361] (II) UnloadModule: "vesa"
[ 12352.361] (II) Unloading vesa
[ 12352.361] (==) Depth 24 pixmap format is 32 bpp
[ 12352.445] (==) modeset(0): Backing store enabled
[ 12352.445] (==) modeset(0): Silken mouse enabled
[ 12352.445] (II) modeset(0): RandR 1.2 enabled, ignore the following RandR disabled message.
[ 12352.502] (==) modeset(0): DPMS enabled
[ 12352.502] (II) modeset(0): [DRI2] Setup complete
[ 12352.502] (II) modeset(0): [DRI2]   DRI driver: i965
[ 12352.502] (II) modeset(0): [DRI2]   VDPAU driver: i965
[ 12352.502] (--) RandR disabled
[ 12352.505] (II) SELinux: Disabled on system
[ 12352.511] (II) AIGLX: enabled GLX_MESA_copy_sub_buffer
[ 12352.511] (II) AIGLX: enabled GLX_ARB_create_context
[ 12352.511] (II) AIGLX: enabled GLX_ARB_create_context_profile
[ 12352.511] (II) AIGLX: enabled GLX_EXT_create_context_es{,2}_profile
[ 12352.511] (II) AIGLX: enabled GLX_INTEL_swap_event
[ 12352.511] (II) AIGLX: enabled GLX_SGI_swap_control
[ 12352.511] (II) AIGLX: enabled GLX_EXT_framebuffer_sRGB
[ 12352.511] (II) AIGLX: enabled GLX_ARB_fbconfig_float
[ 12352.511] (II) AIGLX: enabled GLX_EXT_fbconfig_packed_float
[ 12352.511] (II) AIGLX: GLX_EXT_texture_from_pixmap backed by buffer objects
[ 12352.511] (II) AIGLX: enabled GLX_ARB_create_context_robustness
[ 12352.512] (II) AIGLX: Loaded and initialized i965
[ 12352.512] (II) GLX: Initialized DRI2 GL provider for screen 0
[ 12352.513] (II) modeset(0): Damage tracking initialized
[ 12352.513] (II) modeset(0): Setting screen physical size to 361 x 203
[ 12352.551] (II) config/udev: Adding input device Power Button (/dev/input/event2)
[ 12352.551] (**) Power Button: Applying InputClass "libinput keyboard catchall"
[ 12352.551] (II) LoadModule: "libinput"
[ 12352.551] (II) Loading /usr/lib/xorg/modules/input/libinput_drv.so
[ 12352.552] (II) Module libinput: vendor="X.Org Foundation"
[ 12352.552] 	compiled for 1.19.6, module version = 0.27.1
[ 12352.552] 	Module class: X.Org XInput Driver
[ 12352.552] 	ABI class: X.Org XInput driver, version 24.1
[ 12352.552] (II) Using input driver 'libinput' for 'Power Button'
[ 12352.553] (II) systemd-logind: got fd for /dev/input/event2 13:66 fd 22 paused 0
[ 12352.553] (**) Power Button: always reports core events
[ 12352.553] (**) Option "Device" "/dev/input/event2"
[ 12352.553] (**) Option "_source" "server/udev"
[ 12352.554] (II) event2  - Power Button: is tagged by udev as: Keyboard
[ 12352.554] (II) event2  - Power Button: device is a keyboard
[ 12352.554] (II) event2  - Power Button: device removed
[ 12352.554] (**) Option "config_info" "udev:/sys/devices/LNXSYSTM:00/LNXPWRBN:00/input/input2/event2"
[ 12352.554] (II) XINPUT: Adding extended input device "Power Button" (type: KEYBOARD, id 6)
[ 12352.554] (**) Option "xkb_model" "pc105"
[ 12352.554] (**) Option "xkb_layout" "us"
[ 12352.554] (II) event2  - Power Button: is tagged by udev as: Keyboard
[ 12352.555] (II) event2  - Power Button: device is a keyboard
[ 12352.555] (II) config/udev: Adding input device Video Bus (/dev/input/event4)
[ 12352.555] (**) Video Bus: Applying InputClass "libinput keyboard catchall"
[ 12352.555] (II) Using input driver 'libinput' for 'Video Bus'
[ 12352.557] (II) systemd-logind: got fd for /dev/input/event4 13:68 fd 25 paused 0
[ 12352.557] (**) Video Bus: always reports core events
[ 12352.557] (**) Option "Device" "/dev/input/event4"
[ 12352.557] (**) Option "_source" "server/udev"
[ 12352.557] (II) event4  - Video Bus: is tagged by udev as: Keyboard
[ 12352.557] (II) event4  - Video Bus: device is a keyboard
[ 12352.557] (II) event4  - Video Bus: device removed
[ 12352.557] (**) Option "config_info" "udev:/sys/devices/LNXSYSTM:00/LNXSYBUS:00/PNP0A08:00/LNXVIDEO:00/input/input6/event4"
[ 12352.557] (II) XINPUT: Adding extended input device "Video Bus" (type: KEYBOARD, id 7)
[ 12352.557] (**) Option "xkb_model" "pc105"
[ 12352.557] (**) Option "xkb_layout" "us"
[ 12352.558] (II) event4  - Video Bus: is tagged by udev as: Keyboard
[ 12352.558] (II) event4  - Video Bus: device is a keyboard
[ 12352.558] (II) config/udev: Adding input device Lid Switch (/dev/input/event0)
[ 12352.558] (II) No input driver specified, ignoring this device.
[ 12352.558] (II) This device may have been added with another device file.
[ 12352.559] (II) config/udev: Adding input device Sleep Button (/dev/input/event1)
[ 12352.559] (**) Sleep Button: Applying InputClass "libinput keyboard catchall"
[ 12352.559] (II) Using input driver 'libinput' for 'Sleep Button'
[ 12352.559] (II) systemd-logind: got fd for /dev/input/event1 13:65 fd 26 paused 0
[ 12352.559] (**) Sleep Button: always reports core events
[ 12352.559] (**) Option "Device" "/dev/input/event1"
[ 12352.559] (**) Option "_source" "server/udev"
[ 12352.560] (II) event1  - Sleep Button: is tagged by udev as: Keyboard
[ 12352.560] (II) event1  - Sleep Button: device is a keyboard
[ 12352.560] (II) event1  - Sleep Button: device removed
[ 12352.560] (**) Option "config_info" "udev:/sys/devices/LNXSYSTM:00/LNXSYBUS:00/PNP0C0E:00/input/input1/event1"
[ 12352.560] (II) XINPUT: Adding extended input device "Sleep Button" (type: KEYBOARD, id 8)
[ 12352.560] (**) Option "xkb_model" "pc105"
[ 12352.560] (**) Option "xkb_layout" "us"
[ 12352.560] (II) event1  - Sleep Button: is tagged by udev as: Keyboard
[ 12352.560] (II) event1  - Sleep Button: device is a keyboard
[ 12352.561] (II) config/udev: Adding input device HDA Intel HDMI HDMI/DP,pcm=7 (/dev/input/event9)
[ 12352.561] (II) No input driver specified, ignoring this device.
[ 12352.561] (II) This device may have been added with another device file.
[ 12352.561] (II) config/udev: Adding input device HDA Intel HDMI HDMI/DP,pcm=8 (/dev/input/event10)
[ 12352.561] (II) No input driver specified, ignoring this device.
[ 12352.561] (II) This device may have been added with another device file.
[ 12352.562] (II) config/udev: Adding input device HDA Intel HDMI HDMI/DP,pcm=9 (/dev/input/event11)
[ 12352.562] (II) No input driver specified, ignoring this device.
[ 12352.562] (II) This device may have been added with another device file.
[ 12352.562] (II) config/udev: Adding input device HDA Intel HDMI HDMI/DP,pcm=10 (/dev/input/event12)
[ 12352.562] (II) No input driver specified, ignoring this device.
[ 12352.562] (II) This device may have been added with another device file.
[ 12352.562] (II) config/udev: Adding input device HDA Intel HDMI HDMI/DP,pcm=3 (/dev/input/event8)
[ 12352.562] (II) No input driver specified, ignoring this device.
[ 12352.562] (II) This device may have been added with another device file.
[ 12352.563] (II) config/udev: Adding input device Integrated Camera: Integrated C (/dev/input/event7)
[ 12352.563] (**) Integrated Camera: Integrated C: Applying InputClass "libinput keyboard catchall"
[ 12352.563] (II) Using input driver 'libinput' for 'Integrated Camera: Integrated C'
[ 12352.563] (II) systemd-logind: got fd for /dev/input/event7 13:71 fd 27 paused 0
[ 12352.563] (**) Integrated Camera: Integrated C: always reports core events
[ 12352.563] (**) Option "Device" "/dev/input/event7"
[ 12352.563] (**) Option "_source" "server/udev"
[ 12352.564] (II) event7  - Integrated Camera: Integrated C: is tagged by udev as: Keyboard
[ 12352.564] (II) event7  - Integrated Camera: Integrated C: device is a keyboard
[ 12352.564] (II) event7  - Integrated Camera: Integrated C: device removed
[ 12352.564] (**) Option "config_info" "udev:/sys/devices/pci0000:00/0000:00:14.0/usb3/3-12/3-12:1.0/input/input14/event7"
[ 12352.564] (II) XINPUT: Adding extended input device "Integrated Camera: Integrated C" (type: KEYBOARD, id 9)
[ 12352.564] (**) Option "xkb_model" "pc105"
[ 12352.564] (**) Option "xkb_layout" "us"
[ 12352.564] (II) event7  - Integrated Camera: Integrated C: is tagged by udev as: Keyboard
[ 12352.565] (II) event7  - Integrated Camera: Integrated C: device is a keyboard
[ 12352.565] (II) config/udev: Adding input device HDA Intel PCH Dock Mic (/dev/input/event14)
[ 12352.565] (II) No input driver specified, ignoring this device.
[ 12352.565] (II) This device may have been added with another device file.
[ 12352.565] (II) config/udev: Adding input device HDA Intel PCH Mic (/dev/input/event15)
[ 12352.565] (II) No input driver specified, ignoring this device.
[ 12352.565] (II) This device may have been added with another device file.
[ 12352.565] (II) config/udev: Adding input device HDA Intel PCH Dock Headphone (/dev/input/event16)
[ 12352.565] (II) No input driver specified, ignoring this device.
[ 12352.565] (II) This device may have been added with another device file.
[ 12352.566] (II) config/udev: Adding input device HDA Intel PCH Headphone (/dev/input/event17)
[ 12352.566] (II) No input driver specified, ignoring this device.
[ 12352.566] (II) This device may have been added with another device file.
[ 12352.566] (II) config/udev: Adding input device AT Translated Set 2 keyboard (/dev/input/event3)
[ 12352.566] (**) AT Translated Set 2 keyboard: Applying InputClass "libinput keyboard catchall"
[ 12352.566] (II) Using input driver 'libinput' for 'AT Translated Set 2 keyboard'
[ 12352.567] (II) systemd-logind: got fd for /dev/input/event3 13:67 fd 28 paused 0
[ 12352.567] (**) AT Translated Set 2 keyboard: always reports core events
[ 12352.567] (**) Option "Device" "/dev/input/event3"
[ 12352.567] (**) Option "_source" "server/udev"
[ 12352.567] (II) event3  - AT Translated Set 2 keyboard: is tagged by udev as: Keyboard
[ 12352.567] (II) event3  - AT Translated Set 2 keyboard: device is a keyboard
[ 12352.567] (II) event3  - AT Translated Set 2 keyboard: device removed
[ 12352.567] (**) Option "config_info" "udev:/sys/devices/platform/i8042/serio0/input/input3/event3"
[ 12352.567] (II) XINPUT: Adding extended input device "AT Translated Set 2 keyboard" (type: KEYBOARD, id 10)
[ 12352.567] (**) Option "xkb_model" "pc105"
[ 12352.567] (**) Option "xkb_layout" "us"
[ 12352.568] (II) event3  - AT Translated Set 2 keyboard: is tagged by udev as: Keyboard
[ 12352.568] (II) event3  - AT Translated Set 2 keyboard: device is a keyboard
[ 12352.568] (II) config/udev: Adding input device SynPS/2 Synaptics TouchPad (/dev/input/event5)
[ 12352.568] (**) SynPS/2 Synaptics TouchPad: Applying InputClass "libinput touchpad catchall"
[ 12352.568] (II) Using input driver 'libinput' for 'SynPS/2 Synaptics TouchPad'
[ 12352.569] (II) systemd-logind: got fd for /dev/input/event5 13:69 fd 29 paused 0
[ 12352.569] (**) SynPS/2 Synaptics TouchPad: always reports core events
[ 12352.569] (**) Option "Device" "/dev/input/event5"
[ 12352.569] (**) Option "_source" "server/udev"
[ 12352.569] (II) event5  - SynPS/2 Synaptics TouchPad: is tagged by udev as: Touchpad
[ 12352.569] (II) event5  - SynPS/2 Synaptics TouchPad: device is a touchpad
[ 12352.569] (II) event5  - SynPS/2 Synaptics TouchPad: device removed
[ 12352.570] (**) Option "config_info" "udev:/sys/devices/platform/i8042/serio1/input/input5/event5"
[ 12352.570] (II) XINPUT: Adding extended input device "SynPS/2 Synaptics TouchPad" (type: TOUCHPAD, id 11)
[ 12352.570] (**) Option "AccelerationScheme" "none"
[ 12352.570] (**) SynPS/2 Synaptics TouchPad: (accel) selected scheme none/0
[ 12352.570] (**) SynPS/2 Synaptics TouchPad: (accel) acceleration factor: 2.000
[ 12352.570] (**) SynPS/2 Synaptics TouchPad: (accel) acceleration threshold: 4
[ 12352.570] (II) event5  - SynPS/2 Synaptics TouchPad: is tagged by udev as: Touchpad
[ 12352.570] (II) event5  - SynPS/2 Synaptics TouchPad: device is a touchpad
[ 12352.571] (II) config/udev: Adding input device SynPS/2 Synaptics TouchPad (/dev/input/mouse0)
[ 12352.571] (II) No input driver specified, ignoring this device.
[ 12352.571] (II) This device may have been added with another device file.
[ 12352.571] (II) config/udev: Adding input device TPPS/2 IBM TrackPoint (/dev/input/event6)
[ 12352.571] (**) TPPS/2 IBM TrackPoint: Applying InputClass "libinput pointer catchall"
[ 12352.571] (II) Using input driver 'libinput' for 'TPPS/2 IBM TrackPoint'
[ 12352.572] (II) systemd-logind: got fd for /dev/input/event6 13:70 fd 30 paused 0
[ 12352.572] (**) TPPS/2 IBM TrackPoint: always reports core events
[ 12352.572] (**) Option "Device" "/dev/input/event6"
[ 12352.572] (**) Option "_source" "server/udev"
[ 12352.572] (II) event6  - TPPS/2 IBM TrackPoint: is tagged by udev as: Mouse Pointingstick
[ 12352.572] (II) event6  - TPPS/2 IBM TrackPoint: trackpoint device set to range 31
[ 12352.572] (II) event6  - TPPS/2 IBM TrackPoint: device is a pointer
[ 12352.572] (II) event6  - TPPS/2 IBM TrackPoint: device removed
[ 12352.573] (**) Option "config_info" "udev:/sys/devices/platform/i8042/serio1/serio2/input/input7/event6"
[ 12352.573] (II) XINPUT: Adding extended input device "TPPS/2 IBM TrackPoint" (type: MOUSE, id 12)
[ 12352.573] (**) Option "AccelerationScheme" "none"
[ 12352.573] (**) TPPS/2 IBM TrackPoint: (accel) selected scheme none/0
[ 12352.573] (**) TPPS/2 IBM TrackPoint: (accel) acceleration factor: 2.000
[ 12352.573] (**) TPPS/2 IBM TrackPoint: (accel) acceleration threshold: 4
[ 12352.573] (II) event6  - TPPS/2 IBM TrackPoint: is tagged by udev as: Mouse Pointingstick
[ 12352.573] (II) event6  - TPPS/2 IBM TrackPoint: trackpoint device set to range 31
[ 12352.573] (II) event6  - TPPS/2 IBM TrackPoint: device is a pointer
[ 12352.574] (II) config/udev: Adding input device TPPS/2 IBM TrackPoint (/dev/input/mouse1)
[ 12352.574] (II) No input driver specified, ignoring this device.
[ 12352.574] (II) This device may have been added with another device file.
[ 12352.576] (II) config/udev: Adding input device ThinkPad Extra Buttons (/dev/input/event13)
[ 12352.576] (**) ThinkPad Extra Buttons: Applying InputClass "libinput keyboard catchall"
[ 12352.576] (II) Using input driver 'libinput' for 'ThinkPad Extra Buttons'
[ 12352.577] (II) systemd-logind: got fd for /dev/input/event13 13:77 fd 31 paused 0
[ 12352.577] (**) ThinkPad Extra Buttons: always reports core events
[ 12352.577] (**) Option "Device" "/dev/input/event13"
[ 12352.577] (**) Option "_source" "server/udev"
[ 12352.577] (II) event13 - ThinkPad Extra Buttons: is tagged by udev as: Keyboard
[ 12352.577] (II) event13 - ThinkPad Extra Buttons: device is a keyboard
[ 12352.577] (II) event13 - ThinkPad Extra Buttons: device removed
[ 12352.577] (**) Option "config_info" "udev:/sys/devices/platform/thinkpad_acpi/input/input8/event13"
[ 12352.577] (II) XINPUT: Adding extended input device "ThinkPad Extra Buttons" (type: KEYBOARD, id 13)
[ 12352.577] (**) Option "xkb_model" "pc105"
[ 12352.577] (**) Option "xkb_layout" "us"
[ 12352.578] (II) event13 - ThinkPad Extra Buttons: is tagged by udev as: Keyboard
[ 12352.578] (II) event13 - ThinkPad Extra Buttons: device is a keyboard
[ 12352.889] (II) modeset(0): EDID vendor "CMN", prod id 5266
[ 12352.889] (II) modeset(0): Printing DDC gathered Modelines:
[ 12352.889] (II) modeset(0): Modeline "1366x768"x0.0   76.42  1366 1434 1479 1592  768 772 779 800 -hsync -vsync (48.0 kHz eP)
[ 13516.656] (II) modeset(0): EDID vendor "CMN", prod id 5266
[ 13516.656] (II) modeset(0): Printing DDC gathered Modelines:
[ 13516.656] (II) modeset(0): Modeline "1366x768"x0.0   76.42  1366 1434 1479 1592  768 772 779 800 -hsync -vsync (48.0 kHz eP)
[ 14565.736] (**) Option "fd" "22"
[ 14565.737] (II) event2  - Power Button: device removed
[ 14565.737] (**) Option "fd" "25"
[ 14565.737] (II) event4  - Video Bus: device removed
[ 14565.737] (**) Option "fd" "26"
[ 14565.737] (II) event1  - Sleep Button: device removed
[ 14565.737] (**) Option "fd" "27"
[ 14565.737] (II) event7  - Integrated Camera: Integrated C: device removed
[ 14565.737] (**) Option "fd" "28"
[ 14565.737] (II) event3  - AT Translated Set 2 keyboard: device removed
[ 14565.737] (**) Option "fd" "29"
[ 14565.737] (II) event5  - SynPS/2 Synaptics TouchPad: device removed
[ 14565.737] (**) Option "fd" "30"
[ 14565.737] (II) event6  - TPPS/2 IBM TrackPoint: device removed
[ 14565.738] (**) Option "fd" "31"
[ 14565.739] (II) event13 - ThinkPad Extra Buttons: device removed
[ 14565.740] (II) UnloadModule: "libinput"
[ 14565.740] (II) systemd-logind: releasing fd for 13:77
[ 14565.804] (II) UnloadModule: "libinput"
[ 14565.804] (II) systemd-logind: releasing fd for 13:70
[ 14565.824] (II) UnloadModule: "libinput"
[ 14565.824] (II) systemd-logind: releasing fd for 13:69
[ 14565.827] (II) UnloadModule: "libinput"
[ 14565.827] (II) systemd-logind: releasing fd for 13:67
[ 14565.827] (II) UnloadModule: "libinput"
[ 14565.827] (II) systemd-logind: releasing fd for 13:71
[ 14565.828] (II) UnloadModule: "libinput"
[ 14565.828] (II) systemd-logind: releasing fd for 13:65
[ 14565.829] (II) UnloadModule: "libinput"
[ 14565.829] (II) systemd-logind: releasing fd for 13:68
[ 14565.829] (II) UnloadModule: "libinput"
[ 14565.829] (II) systemd-logind: releasing fd for 13:66
[ 14566.122] (WW) xf86CloseConsole: KDSETMODE failed: Input/output error
[ 14566.122] (WW) xf86CloseConsole: VT_GETMODE failed: Input/output error
[ 14566.122] (WW) xf86CloseConsole: VT_ACTIVATE failed: Input/output error
[ 14567.267] (II) Server terminated successfully (0). Closing log file.
