Looking for git in: git
Using git 2.17.1 from git
> git rev-parse --show-toplevel
> git rev-parse --git-dir
Open repository: /home/moringaaccess/barefootproject
> git fetch
> git status -z -u
> git symbolic-ref --short HEAD
> git rev-parse NazarineWasonga
> git rev-parse --symbolic-full-name NazarineWasonga@{u}
fatal: no upstream configured for branch 'NazarineWasonga'
> git for-each-ref --format %(refname) %(objectname) --sort -committerdate
> git remote --verbose
> git config --get commit.template
> git show :AboutUs.html
> git ls-files --stage -- /home/moringaaccess/barefootproject/AboutUs.html
> git cat-file -s 2fea20a007f9d551de986d714d59e2c204c61150
> git check-ignore -v -z --stdin
> git ls-files --stage -- /home/moringaaccess/barefootproject/AboutUs.html
> git cat-file -s 2fea20a007f9d551de986d714d59e2c204c61150
> git show :AboutUs.html
> git status -z -u
> git symbolic-ref --short HEAD
> git rev-parse NazarineWasonga
> git rev-parse --symbolic-full-name NazarineWasonga@{u}
fatal: no upstream configured for branch 'NazarineWasonga'
> git for-each-ref --format %(refname) %(objectname) --sort -committerdate
> git remote --verbose
> git config --get commit.template
> git ls-files --stage -- /home/moringaaccess/barefootproject/AboutUs.html
> git cat-file -s 2fea20a007f9d551de986d714d59e2c204c61150
> git show :AboutUs.html
> git show :css/AboutUs.css
> git ls-files --stage -- /home/moringaaccess/barefootproject/css/AboutUs.css
> git cat-file -s 3e2c5e334d82172f14271e54adb3ff637320dfa7
> git status -z -u
> git symbolic-ref --short HEAD
> git rev-parse NazarineWasonga
> git rev-parse --symbolic-full-name NazarineWasonga@{u}
fatal: no upstream configured for branch 'NazarineWasonga'
> git for-each-ref --format %(refname) %(objectname) --sort -committerdate
> git remote --verbose
> git config --get commit.template
> git show :AboutUs.html
> git ls-files --stage -- /home/moringaaccess/barefootproject/AboutUs.html
> git cat-file -s 2fea20a007f9d551de986d714d59e2c204c61150
> git show :index.html
> git ls-files --stage -- /home/moringaaccess/barefootproject/index.html
> git cat-file -s 95eff5c7dbc4b5471aadc035dd946418eee4c126
> git fetch
> git ls-files --stage -- /home/moringaaccess/barefootproject/index.html
> git cat-file -s 95eff5c7dbc4b5471aadc035dd946418eee4c126
> git show :index.html
> git status -z -u
> git symbolic-ref --short HEAD
> git rev-parse NazarineWasonga
> git rev-parse --symbolic-full-name NazarineWasonga@{u}
fatal: no upstream configured for branch 'NazarineWasonga'
> git for-each-ref --format %(refname) %(objectname) --sort -committerdate
> git remote --verbose
> git config --get commit.template
> git ls-files --stage -- /home/moringaaccess/barefootproject/index.html
> git cat-file -s 95eff5c7dbc4b5471aadc035dd946418eee4c126
> git show :index.html
> git status -z -u
> git symbolic-ref --short HEAD
> git rev-parse NazarineWasonga
> git rev-parse --symbolic-full-name NazarineWasonga@{u}
fatal: no upstream configured for branch 'NazarineWasonga'
> git for-each-ref --format %(refname) %(objectname) --sort -committerdate
> git remote --verbose
> git config --get commit.template
> git fetch
> git ls-files --stage -- /home/moringaaccess/barefootproject/index.html
> git cat-file -s 95eff5c7dbc4b5471aadc035dd946418eee4c126
> git show :index.html
> git status -z -u
> git symbolic-ref --short HEAD
> git rev-parse NazarineWasonga
> git rev-parse --symbolic-full-name NazarineWasonga@{u}
fatal: no upstream configured for branch 'NazarineWasonga'
> git for-each-ref --format %(refname) %(objectname) --sort -committerdate
> git remote --verbose
> git config --get commit.template
> git ls-files --stage -- /home/moringaaccess/barefootproject/index.html
> git cat-file -s 95eff5c7dbc4b5471aadc035dd946418eee4c126
> git show :index.html
> git status -z -u
> git symbolic-ref --short HEAD
> git rev-parse NazarineWasonga
> git rev-parse --symbolic-full-name NazarineWasonga@{u}
fatal: no upstream configured for branch 'NazarineWasonga'
> git for-each-ref --format %(refname) %(objectname) --sort -committerdate
> git remote --verbose
> git config --get commit.template
> git fetch
> git ls-files --stage -- /home/moringaaccess/barefootproject/index.html
> git cat-file -s 95eff5c7dbc4b5471aadc035dd946418eee4c126
> git show :index.html
> git status -z -u
> git symbolic-ref --short HEAD
> git rev-parse NazarineWasonga
> git rev-parse --symbolic-full-name NazarineWasonga@{u}
fatal: no upstream configured for branch 'NazarineWasonga'
> git for-each-ref --format %(refname) %(objectname) --sort -committerdate
> git remote --verbose
> git config --get commit.template
> git ls-files --stage -- /home/moringaaccess/barefootproject/index.html
> git cat-file -s 95eff5c7dbc4b5471aadc035dd946418eee4c126
> git show :index.html
> git status -z -u
> git symbolic-ref --short HEAD
> git rev-parse NazarineWasonga
> git rev-parse --symbolic-full-name NazarineWasonga@{u}
fatal: no upstream configured for branch 'NazarineWasonga'
> git for-each-ref --format %(refname) %(objectname) --sort -committerdate
> git remote --verbose
> git config --get commit.template
> git fetch
> git ls-files --stage -- /home/moringaaccess/barefootproject/index.html
> git cat-file -s 95eff5c7dbc4b5471aadc035dd946418eee4c126
> git show :index.html
> git status -z -u
> git symbolic-ref --short HEAD
> git rev-parse NazarineWasonga
> git rev-parse --symbolic-full-name NazarineWasonga@{u}
fatal: no upstream configured for branch 'NazarineWasonga'
> git for-each-ref --format %(refname) %(objectname) --sort -committerdate
> git remote --verbose
> git config --get commit.template
> git ls-files --stage -- /home/moringaaccess/barefootproject/index.html
> git cat-file -s 95eff5c7dbc4b5471aadc035dd946418eee4c126
> git show :index.html
> git status -z -u
> git symbolic-ref --short HEAD
> git rev-parse NazarineWasonga
> git rev-parse --symbolic-full-name NazarineWasonga@{u}
fatal: no upstream configured for branch 'NazarineWasonga'
> git for-each-ref --format %(refname) %(objectname) --sort -committerdate
> git remote --verbose
> git config --get commit.template
> git fetch
> git ls-files --stage -- /home/moringaaccess/barefootproject/index.html
> git cat-file -s 95eff5c7dbc4b5471aadc035dd946418eee4c126
> git show :index.html
> git status -z -u
> git symbolic-ref --short HEAD
> git rev-parse NazarineWasonga
> git rev-parse --symbolic-full-name NazarineWasonga@{u}
fatal: no upstream configured for branch 'NazarineWasonga'
> git for-each-ref --format %(refname) %(objectname) --sort -committerdate
> git remote --verbose
> git config --get commit.template
> git ls-files --stage -- /home/moringaaccess/barefootproject/index.html
> git cat-file -s 95eff5c7dbc4b5471aadc035dd946418eee4c126
> git show :index.html
> git status -z -u
> git symbolic-ref --short HEAD
> git rev-parse NazarineWasonga
> git rev-parse --symbolic-full-name NazarineWasonga@{u}
fatal: no upstream configured for branch 'NazarineWasonga'
> git for-each-ref --format %(refname) %(objectname) --sort -committerdate
> git remote --verbose
> git config --get commit.template
> git show :css/style.css
> git ls-files --stage -- /home/moringaaccess/barefootproject/css/style.css
> git cat-file -s 5b32a73d6006d1ee61f84a11f37185d2ce9abbb5
> git show :css/AboutUs.css
> git ls-files --stage -- /home/moringaaccess/barefootproject/css/AboutUs.css
> git cat-file -s 3e2c5e334d82172f14271e54adb3ff637320dfa7
> git fetch
> git ls-files --stage -- /home/moringaaccess/barefootproject/css/AboutUs.css
> git cat-file -s 3e2c5e334d82172f14271e54adb3ff637320dfa7
> git show :css/AboutUs.css
> git status -z -u
> git symbolic-ref --short HEAD
> git rev-parse NazarineWasonga
> git rev-parse --symbolic-full-name NazarineWasonga@{u}
fatal: no upstream configured for branch 'NazarineWasonga'
> git for-each-ref --format %(refname) %(objectname) --sort -committerdate
> git remote --verbose
> git config --get commit.template
> git ls-files --stage -- /home/moringaaccess/barefootproject/css/AboutUs.css
> git cat-file -s 3e2c5e334d82172f14271e54adb3ff637320dfa7
> git show :css/AboutUs.css
> git status -z -u
> git symbolic-ref --short HEAD
> git rev-parse NazarineWasonga
> git rev-parse --symbolic-full-name NazarineWasonga@{u}
fatal: no upstream configured for branch 'NazarineWasonga'
> git for-each-ref --format %(refname) %(objectname) --sort -committerdate
> git remote --verbose
> git config --get commit.template
> git fetch
> git ls-files --stage -- /home/moringaaccess/barefootproject/css/AboutUs.css
> git cat-file -s 3e2c5e334d82172f14271e54adb3ff637320dfa7
> git show :css/AboutUs.css
> git status -z -u
> git symbolic-ref --short HEAD
> git rev-parse NazarineWasonga
> git rev-parse --symbolic-full-name NazarineWasonga@{u}
fatal: no upstream configured for branch 'NazarineWasonga'
> git for-each-ref --format %(refname) %(objectname) --sort -committerdate
> git remote --verbose
> git config --get commit.template
> git ls-files --stage -- /home/moringaaccess/barefootproject/css/AboutUs.css
> git cat-file -s 3e2c5e334d82172f14271e54adb3ff637320dfa7
> git show :css/AboutUs.css
> git status -z -u
> git symbolic-ref --short HEAD
> git rev-parse NazarineWasonga
> git rev-parse --symbolic-full-name NazarineWasonga@{u}
fatal: no upstream configured for branch 'NazarineWasonga'
> git for-each-ref --format %(refname) %(objectname) --sort -committerdate
> git remote --verbose
> git config --get commit.template
