Looking for git in: git
Using git 2.17.1 from git
> git rev-parse --show-toplevel
> git rev-parse --git-dir
Open repository: /home/moringaaccess/Desktop/branching-test-project
> git fetch
> git status -z -u
> git symbolic-ref --short HEAD
> git rev-parse master
fatal: ambiguous argument 'master': unknown revision or path not in the working tree.
Use '--' to separate paths from revisions, like this:
'git <command> [<revision>...] -- [<file>...]'
> git for-each-ref --format %(refname) %(objectname) --sort -committerdate
> git remote --verbose
> git config --get commit.template
> git status -z -u
> git symbolic-ref --short HEAD
> git rev-parse master
fatal: ambiguous argument 'master': unknown revision or path not in the working tree.
Use '--' to separate paths from revisions, like this:
'git <command> [<revision>...] -- [<file>...]'
> git for-each-ref --format %(refname) %(objectname) --sort -committerdate
> git remote --verbose
> git config --get commit.template
> git check-ignore -v -z --stdin
> git show :branching-website.html
> git ls-files --stage -- /home/moringaaccess/Desktop/branching-test-project/branching-website.html
> git status -z -u
> git symbolic-ref --short HEAD
> git rev-parse master
fatal: ambiguous argument 'master': unknown revision or path not in the working tree.
Use '--' to separate paths from revisions, like this:
'git <command> [<revision>...] -- [<file>...]'
> git for-each-ref --format %(refname) %(objectname) --sort -committerdate
> git remote --verbose
> git config --get commit.template
> git status -z -u
> git symbolic-ref --short HEAD
> git rev-parse master
fatal: ambiguous argument 'master': unknown revision or path not in the working tree.
Use '--' to separate paths from revisions, like this:
'git <command> [<revision>...] -- [<file>...]'
> git for-each-ref --format %(refname) %(objectname) --sort -committerdate
> git remote --verbose
> git config --get commit.template
> git status -z -u
> git symbolic-ref --short HEAD
> git rev-parse master
fatal: ambiguous argument 'master': unknown revision or path not in the working tree.
Use '--' to separate paths from revisions, like this:
'git <command> [<revision>...] -- [<file>...]'
> git for-each-ref --format %(refname) %(objectname) --sort -committerdate
> git remote --verbose
> git config --get commit.template
> git status -z -u
> git symbolic-ref --short HEAD
> git rev-parse master
fatal: ambiguous argument 'master': unknown revision or path not in the working tree.
Use '--' to separate paths from revisions, like this:
'git <command> [<revision>...] -- [<file>...]'
> git for-each-ref --format %(refname) %(objectname) --sort -committerdate
> git remote --verbose
> git config --get commit.template
> git status -z -u
> git symbolic-ref --short HEAD
> git rev-parse master
fatal: ambiguous argument 'master': unknown revision or path not in the working tree.
Use '--' to separate paths from revisions, like this:
'git <command> [<revision>...] -- [<file>...]'
> git for-each-ref --format %(refname) %(objectname) --sort -committerdate
> git remote --verbose
> git config --get commit.template
> git status -z -u
> git symbolic-ref --short HEAD
> git rev-parse master
fatal: ambiguous argument 'master': unknown revision or path not in the working tree.
Use '--' to separate paths from revisions, like this:
'git <command> [<revision>...] -- [<file>...]'
> git for-each-ref --format %(refname) %(objectname) --sort -committerdate
> git remote --verbose
> git config --get commit.template
> git status -z -u
> git symbolic-ref --short HEAD
> git rev-parse master
fatal: ambiguous argument 'master': unknown revision or path not in the working tree.
Use '--' to separate paths from revisions, like this:
'git <command> [<revision>...] -- [<file>...]'
> git for-each-ref --format %(refname) %(objectname) --sort -committerdate
> git remote --verbose
> git config --get commit.template
> git status -z -u
> git symbolic-ref --short HEAD
> git rev-parse master
fatal: ambiguous argument 'master': unknown revision or path not in the working tree.
Use '--' to separate paths from revisions, like this:
'git <command> [<revision>...] -- [<file>...]'
> git for-each-ref --format %(refname) %(objectname) --sort -committerdate
> git remote --verbose
> git config --get commit.template
> git status -z -u
> git symbolic-ref --short HEAD
> git rev-parse master
fatal: ambiguous argument 'master': unknown revision or path not in the working tree.
Use '--' to separate paths from revisions, like this:
'git <command> [<revision>...] -- [<file>...]'
> git for-each-ref --format %(refname) %(objectname) --sort -committerdate
> git remote --verbose
> git config --get commit.template
> git status -z -u
> git symbolic-ref --short HEAD
> git rev-parse master
fatal: ambiguous argument 'master': unknown revision or path not in the working tree.
Use '--' to separate paths from revisions, like this:
'git <command> [<revision>...] -- [<file>...]'
> git for-each-ref --format %(refname) %(objectname) --sort -committerdate
> git remote --verbose
> git config --get commit.template
> git status -z -u
> git symbolic-ref --short HEAD
> git rev-parse master
fatal: ambiguous argument 'master': unknown revision or path not in the working tree.
Use '--' to separate paths from revisions, like this:
'git <command> [<revision>...] -- [<file>...]'
> git for-each-ref --format %(refname) %(objectname) --sort -committerdate
> git remote --verbose
> git config --get commit.template
> git status -z -u
> git symbolic-ref --short HEAD
> git rev-parse master
fatal: ambiguous argument 'master': unknown revision or path not in the working tree.
Use '--' to separate paths from revisions, like this:
'git <command> [<revision>...] -- [<file>...]'
> git for-each-ref --format %(refname) %(objectname) --sort -committerdate
> git remote --verbose
> git config --get commit.template
> git status -z -u
> git symbolic-ref --short HEAD
> git rev-parse master
fatal: ambiguous argument 'master': unknown revision or path not in the working tree.
Use '--' to separate paths from revisions, like this:
'git <command> [<revision>...] -- [<file>...]'
> git for-each-ref --format %(refname) %(objectname) --sort -committerdate
> git remote --verbose
> git config --get commit.template
> git status -z -u
> git symbolic-ref --short HEAD
> git rev-parse master
fatal: ambiguous argument 'master': unknown revision or path not in the working tree.
Use '--' to separate paths from revisions, like this:
'git <command> [<revision>...] -- [<file>...]'
> git for-each-ref --format %(refname) %(objectname) --sort -committerdate
> git remote --verbose
> git config --get commit.template
> git fetch
> git status -z -u
> git symbolic-ref --short HEAD
> git rev-parse master
fatal: ambiguous argument 'master': unknown revision or path not in the working tree.
Use '--' to separate paths from revisions, like this:
'git <command> [<revision>...] -- [<file>...]'
> git for-each-ref --format %(refname) %(objectname) --sort -committerdate
> git remote --verbose
> git config --get commit.template
> git ls-files --stage -- /home/moringaaccess/Desktop/branching-test-project/branching-website.html
> git show :branching-website.html
> git status -z -u
> git symbolic-ref --short HEAD
> git rev-parse master
fatal: ambiguous argument 'master': unknown revision or path not in the working tree.
Use '--' to separate paths from revisions, like this:
'git <command> [<revision>...] -- [<file>...]'
> git for-each-ref --format %(refname) %(objectname) --sort -committerdate
> git remote --verbose
> git config --get commit.template
> git status -z -u
> git symbolic-ref --short HEAD
> git rev-parse master
fatal: ambiguous argument 'master': unknown revision or path not in the working tree.
Use '--' to separate paths from revisions, like this:
'git <command> [<revision>...] -- [<file>...]'
> git for-each-ref --format %(refname) %(objectname) --sort -committerdate
> git remote --verbose
> git config --get commit.template
> git status -z -u
> git symbolic-ref --short HEAD
> git rev-parse master
fatal: ambiguous argument 'master': unknown revision or path not in the working tree.
Use '--' to separate paths from revisions, like this:
'git <command> [<revision>...] -- [<file>...]'
> git for-each-ref --format %(refname) %(objectname) --sort -committerdate
> git remote --verbose
> git config --get commit.template
> git status -z -u
> git symbolic-ref --short HEAD
> git rev-parse master
fatal: ambiguous argument 'master': unknown revision or path not in the working tree.
Use '--' to separate paths from revisions, like this:
'git <command> [<revision>...] -- [<file>...]'
> git for-each-ref --format %(refname) %(objectname) --sort -committerdate
> git remote --verbose
> git config --get commit.template
> git ls-files --stage -- /home/moringaaccess/Desktop/branching-test-project/branching-website.html
> git cat-file -s 5d6f70ccb755e2f53ad635d5fc23cf71c15f12e2
> git show :branching-website.html
> git status -z -u
> git symbolic-ref --short HEAD
> git rev-parse master
fatal: ambiguous argument 'master': unknown revision or path not in the working tree.
Use '--' to separate paths from revisions, like this:
'git <command> [<revision>...] -- [<file>...]'
> git for-each-ref --format %(refname) %(objectname) --sort -committerdate
> git remote --verbose
> git config --get commit.template
> git status -z -u
> git symbolic-ref --short HEAD
> git rev-parse master
> git rev-parse --symbolic-full-name master@{u}
fatal: no upstream configured for branch 'master'
> git for-each-ref --format %(refname) %(objectname) --sort -committerdate
> git remote --verbose
> git config --get commit.template
> git ls-files --stage -- /home/moringaaccess/Desktop/branching-test-project/branching-website.html
> git cat-file -s 5d6f70ccb755e2f53ad635d5fc23cf71c15f12e2
> git show :branching-website.html
> git status -z -u
> git symbolic-ref --short HEAD
> git rev-parse master
> git rev-parse --symbolic-full-name master@{u}
fatal: no upstream configured for branch 'master'
> git for-each-ref --format %(refname) %(objectname) --sort -committerdate
> git remote --verbose
> git config --get commit.template
> git status -z -u
> git symbolic-ref --short HEAD
> git rev-parse master
> git check-ignore -v -z --stdin
> git rev-parse --symbolic-full-name master@{u}
fatal: no upstream configured for branch 'master'
> git for-each-ref --format %(refname) %(objectname) --sort -committerdate
> git remote --verbose
> git config --get commit.template
> git fetch
> git status -z -u
> git symbolic-ref --short HEAD
> git rev-parse master
> git rev-parse --symbolic-full-name master@{u}
fatal: no upstream configured for branch 'master'
> git for-each-ref --format %(refname) %(objectname) --sort -committerdate
> git remote --verbose
> git config --get commit.template
> git ls-files --stage -- /home/moringaaccess/Desktop/branching-test-project/branching-website.html
> git cat-file -s 5d6f70ccb755e2f53ad635d5fc23cf71c15f12e2
> git show :branching-website.html
> git status -z -u
> git symbolic-ref --short HEAD
> git rev-parse master
> git rev-parse --symbolic-full-name master@{u}
fatal: no upstream configured for branch 'master'
> git for-each-ref --format %(refname) %(objectname) --sort -committerdate
> git remote --verbose
> git config --get commit.template
> git status -z -u
> git symbolic-ref --short HEAD
> git rev-parse master
> git rev-parse --symbolic-full-name master@{u}
fatal: no upstream configured for branch 'master'
> git for-each-ref --format %(refname) %(objectname) --sort -committerdate
> git remote --verbose
> git config --get commit.template
> git check-ignore -v -z --stdin
> git show :css/style.css
> git ls-files --stage -- /home/moringaaccess/Desktop/branching-test-project/css/style.css
> git show :branching-website.html
> git ls-files --stage -- /home/moringaaccess/Desktop/branching-test-project/branching-website.html
> git cat-file -s 5d6f70ccb755e2f53ad635d5fc23cf71c15f12e2
> git status -z -u
> git symbolic-ref --short HEAD
> git rev-parse master
> git rev-parse --symbolic-full-name master@{u}
fatal: no upstream configured for branch 'master'
> git for-each-ref --format %(refname) %(objectname) --sort -committerdate
> git remote --verbose
> git config --get commit.template
> git ls-files --stage -- /home/moringaaccess/Desktop/branching-test-project/branching-website.html
> git cat-file -s 5d6f70ccb755e2f53ad635d5fc23cf71c15f12e2
> git show :branching-website.html
> git status -z -u
> git symbolic-ref --short HEAD
> git rev-parse master
> git rev-parse --symbolic-full-name master@{u}
fatal: no upstream configured for branch 'master'
> git for-each-ref --format %(refname) %(objectname) --sort -committerdate
> git remote --verbose
> git config --get commit.template
> git status -z -u
> git symbolic-ref --short HEAD
> git rev-parse master
> git rev-parse --symbolic-full-name master@{u}
fatal: no upstream configured for branch 'master'
> git for-each-ref --format %(refname) %(objectname) --sort -committerdate
> git remote --verbose
> git config --get commit.template
> git ls-files --stage -- /home/moringaaccess/Desktop/branching-test-project/branching-website.html
> git cat-file -s 5d6f70ccb755e2f53ad635d5fc23cf71c15f12e2
> git show :branching-website.html
> git status -z -u
> git symbolic-ref --short HEAD
> git rev-parse master
> git rev-parse --symbolic-full-name master@{u}
fatal: no upstream configured for branch 'master'
> git for-each-ref --format %(refname) %(objectname) --sort -committerdate
> git remote --verbose
> git config --get commit.template
> git show :css/style.css
> git ls-files --stage -- /home/moringaaccess/Desktop/branching-test-project/css/style.css
> git cat-file -s e69de29bb2d1d6434b8b29ae775ad8c2e48c5391
> git status -z -u
> git symbolic-ref --short HEAD
> git rev-parse master
> git rev-parse --symbolic-full-name master@{u}
fatal: no upstream configured for branch 'master'
> git for-each-ref --format %(refname) %(objectname) --sort -committerdate
> git remote --verbose
> git config --get commit.template
> git status -z -u
> git symbolic-ref --short HEAD
> git rev-parse master
> git rev-parse --symbolic-full-name master@{u}
fatal: no upstream configured for branch 'master'
> git for-each-ref --format %(refname) %(objectname) --sort -committerdate
> git remote --verbose
> git config --get commit.template
> git status -z -u
> git symbolic-ref --short HEAD
> git rev-parse master
> git rev-parse --symbolic-full-name master@{u}
fatal: no upstream configured for branch 'master'
> git for-each-ref --format %(refname) %(objectname) --sort -committerdate
> git remote --verbose
> git config --get commit.template
> git status -z -u
> git symbolic-ref --short HEAD
> git rev-parse master
> git rev-parse --symbolic-full-name master@{u}
fatal: no upstream configured for branch 'master'
> git for-each-ref --format %(refname) %(objectname) --sort -committerdate
> git remote --verbose
> git config --get commit.template
> git status -z -u
> git check-ignore -v -z --stdin
> git symbolic-ref --short HEAD
> git rev-parse master
> git rev-parse --symbolic-full-name master@{u}
fatal: no upstream configured for branch 'master'
> git for-each-ref --format %(refname) %(objectname) --sort -committerdate
> git remote --verbose
> git config --get commit.template
> git fetch
> git status -z -u
> git symbolic-ref --short HEAD
> git rev-parse master
> git rev-parse --symbolic-full-name master@{u}
fatal: no upstream configured for branch 'master'
> git for-each-ref --format %(refname) %(objectname) --sort -committerdate
> git remote --verbose
> git config --get commit.template
> git ls-files --stage -- /home/moringaaccess/Desktop/branching-test-project/css/style.css
> git cat-file -s e69de29bb2d1d6434b8b29ae775ad8c2e48c5391
> git show :css/style.css
> git status -z -u
> git symbolic-ref --short HEAD
> git rev-parse master
> git rev-parse --symbolic-full-name master@{u}
fatal: no upstream configured for branch 'master'
> git for-each-ref --format %(refname) %(objectname) --sort -committerdate
> git remote --verbose
> git config --get commit.template
> git show :branching-website.html
> git ls-files --stage -- /home/moringaaccess/Desktop/branching-test-project/branching-website.html
> git cat-file -s 5d6f70ccb755e2f53ad635d5fc23cf71c15f12e2
> git status -z -u
> git symbolic-ref --short HEAD
> git rev-parse master
> git rev-parse --symbolic-full-name master@{u}
fatal: no upstream configured for branch 'master'
> git for-each-ref --format %(refname) %(objectname) --sort -committerdate
> git remote --verbose
> git config --get commit.template
> git status -z -u
> git symbolic-ref --short HEAD
> git rev-parse master
> git rev-parse --symbolic-full-name master@{u}
fatal: no upstream configured for branch 'master'
> git for-each-ref --format %(refname) %(objectname) --sort -committerdate
> git remote --verbose
> git config --get commit.template
> git status -z -u
> git symbolic-ref --short HEAD
> git rev-parse master
> git rev-parse --symbolic-full-name master@{u}
fatal: no upstream configured for branch 'master'
> git for-each-ref --format %(refname) %(objectname) --sort -committerdate
> git remote --verbose
> git config --get commit.template
> git fetch
> git status -z -u
> git symbolic-ref --short HEAD
> git rev-parse master
> git rev-parse --symbolic-full-name master@{u}
fatal: no upstream configured for branch 'master'
> git for-each-ref --format %(refname) %(objectname) --sort -committerdate
> git remote --verbose
> git config --get commit.template
> git ls-files --stage -- /home/moringaaccess/Desktop/branching-test-project/branching-website.html
> git cat-file -s 5d6f70ccb755e2f53ad635d5fc23cf71c15f12e2
> git show :branching-website.html
> git status -z -u
> git symbolic-ref --short HEAD
> git rev-parse master
> git rev-parse --symbolic-full-name master@{u}
fatal: no upstream configured for branch 'master'
> git for-each-ref --format %(refname) %(objectname) --sort -committerdate
> git remote --verbose
> git config --get commit.template
> git show :css/style.css
> git ls-files --stage -- /home/moringaaccess/Desktop/branching-test-project/css/style.css
> git cat-file -s e69de29bb2d1d6434b8b29ae775ad8c2e48c5391
> git fetch
> git status -z -u
> git symbolic-ref --short HEAD
> git rev-parse master
> git rev-parse --symbolic-full-name master@{u}
fatal: no upstream configured for branch 'master'
> git for-each-ref --format %(refname) %(objectname) --sort -committerdate
> git remote --verbose
> git config --get commit.template
> git show :css/styles.css
> git ls-files --stage -- /home/moringaaccess/Desktop/branching-test-project/css/styles.css
> git check-ignore -v -z --stdin
> git status -z -u
> git symbolic-ref --short HEAD
> git rev-parse master
> git rev-parse --symbolic-full-name master@{u}
fatal: no upstream configured for branch 'master'
> git for-each-ref --format %(refname) %(objectname) --sort -committerdate
> git remote --verbose
> git config --get commit.template
> git show :branching-website.html
> git ls-files --stage -- /home/moringaaccess/Desktop/branching-test-project/branching-website.html
> git cat-file -s 5d6f70ccb755e2f53ad635d5fc23cf71c15f12e2
> git status -z -u
> git symbolic-ref --short HEAD
> git rev-parse master
> git rev-parse --symbolic-full-name master@{u}
fatal: no upstream configured for branch 'master'
> git for-each-ref --format %(refname) %(objectname) --sort -committerdate
> git remote --verbose
> git config --get commit.template
> git status -z -u
> git symbolic-ref --short HEAD
> git rev-parse master
> git rev-parse --symbolic-full-name master@{u}
fatal: no upstream configured for branch 'master'
> git for-each-ref --format %(refname) %(objectname) --sort -committerdate
> git remote --verbose
> git config --get commit.template
> git status -z -u
> git symbolic-ref --short HEAD
> git rev-parse master
> git rev-parse --symbolic-full-name master@{u}
fatal: no upstream configured for branch 'master'
> git for-each-ref --format %(refname) %(objectname) --sort -committerdate
> git remote --verbose
> git config --get commit.template
> git status -z -u
> git symbolic-ref --short HEAD
> git rev-parse master
> git rev-parse --symbolic-full-name master@{u}
fatal: no upstream configured for branch 'master'
> git for-each-ref --format %(refname) %(objectname) --sort -committerdate
> git remote --verbose
> git config --get commit.template
> git fetch
> git status -z -u
> git symbolic-ref --short HEAD
> git rev-parse master
> git rev-parse --symbolic-full-name master@{u}
fatal: no upstream configured for branch 'master'
> git for-each-ref --format %(refname) %(objectname) --sort -committerdate
> git remote --verbose
> git config --get commit.template
> git ls-files --stage -- /home/moringaaccess/Desktop/branching-test-project/branching-website.html
> git cat-file -s 5d6f70ccb755e2f53ad635d5fc23cf71c15f12e2
> git show :branching-website.html
> git status -z -u
> git symbolic-ref --short HEAD
> git rev-parse master
> git rev-parse --symbolic-full-name master@{u}
fatal: no upstream configured for branch 'master'
> git for-each-ref --format %(refname) %(objectname) --sort -committerdate
> git remote --verbose
> git config --get commit.template
> git status -z -u
> git symbolic-ref --short HEAD
> git rev-parse master
> git rev-parse --symbolic-full-name master@{u}
fatal: no upstream configured for branch 'master'
> git for-each-ref --format %(refname) %(objectname) --sort -committerdate
> git remote --verbose
> git config --get commit.template
> git ls-files --stage -- /home/moringaaccess/Desktop/branching-test-project/branching-website.html
> git cat-file -s 5d6f70ccb755e2f53ad635d5fc23cf71c15f12e2
> git show :branching-website.html
> git status -z -u
> git symbolic-ref --short HEAD
> git rev-parse master
> git rev-parse --symbolic-full-name master@{u}
fatal: no upstream configured for branch 'master'
> git for-each-ref --format %(refname) %(objectname) --sort -committerdate
> git remote --verbose
> git config --get commit.template
> git status -z -u
> git symbolic-ref --short HEAD
> git rev-parse master
> git rev-parse --symbolic-full-name master@{u}
fatal: no upstream configured for branch 'master'
> git for-each-ref --format %(refname) %(objectname) --sort -committerdate
> git remote --verbose
> git config --get commit.template
> git ls-files --stage -- /home/moringaaccess/Desktop/branching-test-project/branching-website.html
> git cat-file -s 5d6f70ccb755e2f53ad635d5fc23cf71c15f12e2
> git show :branching-website.html
> git status -z -u
> git symbolic-ref --short HEAD
> git rev-parse master
> git rev-parse --symbolic-full-name master@{u}
fatal: no upstream configured for branch 'master'
> git for-each-ref --format %(refname) %(objectname) --sort -committerdate
> git remote --verbose
> git config --get commit.template
> git fetch
> git status -z -u
> git symbolic-ref --short HEAD
> git rev-parse master
> git rev-parse --symbolic-full-name master@{u}
fatal: no upstream configured for branch 'master'
> git for-each-ref --format %(refname) %(objectname) --sort -committerdate
> git remote --verbose
> git config --get commit.template
> git ls-files --stage -- /home/moringaaccess/Desktop/branching-test-project/branching-website.html
> git cat-file -s 5d6f70ccb755e2f53ad635d5fc23cf71c15f12e2
> git show :branching-website.html
> git status -z -u
> git symbolic-ref --short HEAD
> git rev-parse master
> git rev-parse --symbolic-full-name master@{u}
fatal: no upstream configured for branch 'master'
> git for-each-ref --format %(refname) %(objectname) --sort -committerdate
> git remote --verbose
> git config --get commit.template
> git fetch
> git status -z -u
> git symbolic-ref --short HEAD
> git rev-parse master
> git rev-parse --symbolic-full-name master@{u}
fatal: no upstream configured for branch 'master'
> git for-each-ref --format %(refname) %(objectname) --sort -committerdate
> git remote --verbose
> git config --get commit.template
> git ls-files --stage -- /home/moringaaccess/Desktop/branching-test-project/branching-website.html
> git cat-file -s 5d6f70ccb755e2f53ad635d5fc23cf71c15f12e2
> git show :branching-website.html
> git status -z -u
> git symbolic-ref --short HEAD
> git rev-parse master
> git rev-parse --symbolic-full-name master@{u}
fatal: no upstream configured for branch 'master'
> git for-each-ref --format %(refname) %(objectname) --sort -committerdate
> git remote --verbose
> git config --get commit.template
> git fetch
> git status -z -u
> git symbolic-ref --short HEAD
> git rev-parse master
> git rev-parse --symbolic-full-name master@{u}
fatal: no upstream configured for branch 'master'
> git for-each-ref --format %(refname) %(objectname) --sort -committerdate
> git remote --verbose
> git config --get commit.template
> git ls-files --stage -- /home/moringaaccess/Desktop/branching-test-project/branching-website.html
> git cat-file -s 5d6f70ccb755e2f53ad635d5fc23cf71c15f12e2
> git show :branching-website.html
> git status -z -u
> git symbolic-ref --short HEAD
> git rev-parse master
> git rev-parse --symbolic-full-name master@{u}
fatal: no upstream configured for branch 'master'
> git for-each-ref --format %(refname) %(objectname) --sort -committerdate
> git remote --verbose
> git config --get commit.template
> git status -z -u
> git symbolic-ref --short HEAD
> git rev-parse blue_theme
> git rev-parse --symbolic-full-name blue_theme@{u}
fatal: no upstream configured for branch 'blue_theme'
> git for-each-ref --format %(refname) %(objectname) --sort -committerdate
> git remote --verbose
> git config --get commit.template
> git ls-files --stage -- /home/moringaaccess/Desktop/branching-test-project/branching-website.html
> git cat-file -s 5d6f70ccb755e2f53ad635d5fc23cf71c15f12e2
> git show :branching-website.html
> git status -z -u
> git symbolic-ref --short HEAD
> git rev-parse blue_theme
> git rev-parse --symbolic-full-name blue_theme@{u}
fatal: no upstream configured for branch 'blue_theme'
> git for-each-ref --format %(refname) %(objectname) --sort -committerdate
> git remote --verbose
> git config --get commit.template
> git fetch
> git status -z -u
> git symbolic-ref --short HEAD
> git rev-parse blue_theme
> git rev-parse --symbolic-full-name blue_theme@{u}
fatal: no upstream configured for branch 'blue_theme'
> git for-each-ref --format %(refname) %(objectname) --sort -committerdate
> git remote --verbose
> git config --get commit.template
> git ls-files --stage -- /home/moringaaccess/Desktop/branching-test-project/branching-website.html
> git cat-file -s 5d6f70ccb755e2f53ad635d5fc23cf71c15f12e2
> git show :branching-website.html
> git status -z -u
> git symbolic-ref --short HEAD
> git rev-parse blue_theme
> git rev-parse --symbolic-full-name blue_theme@{u}
fatal: no upstream configured for branch 'blue_theme'
> git for-each-ref --format %(refname) %(objectname) --sort -committerdate
> git remote --verbose
> git config --get commit.template
> git fetch
> git status -z -u
> git symbolic-ref --short HEAD
> git rev-parse blue_theme
> git rev-parse --symbolic-full-name blue_theme@{u}
fatal: no upstream configured for branch 'blue_theme'
> git for-each-ref --format %(refname) %(objectname) --sort -committerdate
> git remote --verbose
> git config --get commit.template
> git ls-files --stage -- /home/moringaaccess/Desktop/branching-test-project/branching-website.html
> git cat-file -s 5d6f70ccb755e2f53ad635d5fc23cf71c15f12e2
> git show :branching-website.html
> git status -z -u
> git symbolic-ref --short HEAD
> git rev-parse blue_theme
> git rev-parse --symbolic-full-name blue_theme@{u}
fatal: no upstream configured for branch 'blue_theme'
> git for-each-ref --format %(refname) %(objectname) --sort -committerdate
> git remote --verbose
> git config --get commit.template
> git show :css/styles.css
> git ls-files --stage -- /home/moringaaccess/Desktop/branching-test-project/css/styles.css
> git cat-file -s dddf9b285be1152b0a58ae1fcf20a87fedd4e752
> git status -z -u
> git symbolic-ref --short HEAD
> git rev-parse blue_theme
> git rev-parse --symbolic-full-name blue_theme@{u}
fatal: no upstream configured for branch 'blue_theme'
> git for-each-ref --format %(refname) %(objectname) --sort -committerdate
> git remote --verbose
> git config --get commit.template
> git status -z -u
> git symbolic-ref --short HEAD
> git rev-parse blue_theme
> git rev-parse --symbolic-full-name blue_theme@{u}
fatal: no upstream configured for branch 'blue_theme'
> git for-each-ref --format %(refname) %(objectname) --sort -committerdate
> git remote --verbose
> git config --get commit.template
> git status -z -u
> git symbolic-ref --short HEAD
> git rev-parse blue_theme
> git rev-parse --symbolic-full-name blue_theme@{u}
fatal: no upstream configured for branch 'blue_theme'
> git for-each-ref --format %(refname) %(objectname) --sort -committerdate
> git remote --verbose
> git config --get commit.template
> git status -z -u
> git symbolic-ref --short HEAD
> git rev-parse blue_theme
> git rev-parse --symbolic-full-name blue_theme@{u}
fatal: no upstream configured for branch 'blue_theme'
> git for-each-ref --format %(refname) %(objectname) --sort -committerdate
> git remote --verbose
> git config --get commit.template
> git status -z -u
> git symbolic-ref --short HEAD
> git rev-parse blue_theme
> git rev-parse --symbolic-full-name blue_theme@{u}
fatal: no upstream configured for branch 'blue_theme'
> git for-each-ref --format %(refname) %(objectname) --sort -committerdate
> git remote --verbose
> git config --get commit.template
> git status -z -u
> git symbolic-ref --short HEAD
> git rev-parse blue_theme
> git rev-parse --symbolic-full-name blue_theme@{u}
fatal: no upstream configured for branch 'blue_theme'
> git for-each-ref --format %(refname) %(objectname) --sort -committerdate
> git remote --verbose
> git config --get commit.template
> git status -z -u
> git symbolic-ref --short HEAD
> git rev-parse blue_theme
> git rev-parse --symbolic-full-name blue_theme@{u}
fatal: no upstream configured for branch 'blue_theme'
> git for-each-ref --format %(refname) %(objectname) --sort -committerdate
> git remote --verbose
> git config --get commit.template
> git status -z -u
> git symbolic-ref --short HEAD
> git rev-parse blue_theme
> git rev-parse --symbolic-full-name blue_theme@{u}
fatal: no upstream configured for branch 'blue_theme'
> git for-each-ref --format %(refname) %(objectname) --sort -committerdate
> git remote --verbose
> git config --get commit.template
> git status -z -u
> git symbolic-ref --short HEAD
> git rev-parse blue_theme
> git rev-parse --symbolic-full-name blue_theme@{u}
fatal: no upstream configured for branch 'blue_theme'
> git for-each-ref --format %(refname) %(objectname) --sort -committerdate
> git remote --verbose
> git config --get commit.template
> git status -z -u
> git symbolic-ref --short HEAD
> git rev-parse blue_theme
> git rev-parse --symbolic-full-name blue_theme@{u}
fatal: no upstream configured for branch 'blue_theme'
> git for-each-ref --format %(refname) %(objectname) --sort -committerdate
> git remote --verbose
> git config --get commit.template
> git status -z -u
> git symbolic-ref --short HEAD
> git rev-parse blue_theme
> git rev-parse --symbolic-full-name blue_theme@{u}
fatal: no upstream configured for branch 'blue_theme'
> git for-each-ref --format %(refname) %(objectname) --sort -committerdate
> git remote --verbose
> git config --get commit.template
> git status -z -u
> git symbolic-ref --short HEAD
> git rev-parse blue_theme
> git rev-parse --symbolic-full-name blue_theme@{u}
fatal: no upstream configured for branch 'blue_theme'
> git for-each-ref --format %(refname) %(objectname) --sort -committerdate
> git remote --verbose
> git config --get commit.template
> git status -z -u
> git symbolic-ref --short HEAD
> git rev-parse blue_theme
> git rev-parse --symbolic-full-name blue_theme@{u}
fatal: no upstream configured for branch 'blue_theme'
> git for-each-ref --format %(refname) %(objectname) --sort -committerdate
> git remote --verbose
> git config --get commit.template
> git status -z -u
> git symbolic-ref --short HEAD
> git rev-parse blue_theme
> git rev-parse --symbolic-full-name blue_theme@{u}
fatal: no upstream configured for branch 'blue_theme'
> git for-each-ref --format %(refname) %(objectname) --sort -committerdate
> git remote --verbose
> git config --get commit.template
> git status -z -u
> git symbolic-ref --short HEAD
> git rev-parse blue_theme
> git rev-parse --symbolic-full-name blue_theme@{u}
fatal: no upstream configured for branch 'blue_theme'
> git for-each-ref --format %(refname) %(objectname) --sort -committerdate
> git remote --verbose
> git config --get commit.template
> git status -z -u
> git symbolic-ref --short HEAD
> git rev-parse blue_theme
> git rev-parse --symbolic-full-name blue_theme@{u}
fatal: no upstream configured for branch 'blue_theme'
> git for-each-ref --format %(refname) %(objectname) --sort -committerdate
> git remote --verbose
> git config --get commit.template
> git status -z -u
> git symbolic-ref --short HEAD
> git rev-parse blue_theme
> git rev-parse --symbolic-full-name blue_theme@{u}
fatal: no upstream configured for branch 'blue_theme'
> git for-each-ref --format %(refname) %(objectname) --sort -committerdate
> git remote --verbose
> git config --get commit.template
> git status -z -u
> git symbolic-ref --short HEAD
> git rev-parse blue_theme
> git rev-parse --symbolic-full-name blue_theme@{u}
fatal: no upstream configured for branch 'blue_theme'
> git for-each-ref --format %(refname) %(objectname) --sort -committerdate
> git remote --verbose
> git config --get commit.template
> git status -z -u
> git symbolic-ref --short HEAD
> git rev-parse blue_theme
> git rev-parse --symbolic-full-name blue_theme@{u}
fatal: no upstream configured for branch 'blue_theme'
> git for-each-ref --format %(refname) %(objectname) --sort -committerdate
> git remote --verbose
> git config --get commit.template
> git fetch
> git status -z -u
> git symbolic-ref --short HEAD
> git rev-parse blue_theme
> git rev-parse --symbolic-full-name blue_theme@{u}
fatal: no upstream configured for branch 'blue_theme'
> git for-each-ref --format %(refname) %(objectname) --sort -committerdate
> git remote --verbose
> git config --get commit.template
> git ls-files --stage -- /home/moringaaccess/Desktop/branching-test-project/css/styles.css
> git cat-file -s dddf9b285be1152b0a58ae1fcf20a87fedd4e752
> git show :css/styles.css
> git status -z -u
> git symbolic-ref --short HEAD
> git rev-parse blue_theme
> git rev-parse --symbolic-full-name blue_theme@{u}
fatal: no upstream configured for branch 'blue_theme'
> git for-each-ref --format %(refname) %(objectname) --sort -committerdate
> git remote --verbose
> git config --get commit.template
> git status -z -u
> git symbolic-ref --short HEAD
> git rev-parse blue_theme
> git rev-parse --symbolic-full-name blue_theme@{u}
fatal: no upstream configured for branch 'blue_theme'
> git for-each-ref --format %(refname) %(objectname) --sort -committerdate
> git remote --verbose
> git config --get commit.template
> git ls-files --stage -- /home/moringaaccess/Desktop/branching-test-project/css/styles.css
> git cat-file -s 0309f48efd7dbd886631b7d881441504677dbbcf
> git show :css/styles.css
> git status -z -u
> git symbolic-ref --short HEAD
> git rev-parse blue_theme
> git rev-parse --symbolic-full-name blue_theme@{u}
fatal: no upstream configured for branch 'blue_theme'
> git for-each-ref --format %(refname) %(objectname) --sort -committerdate
> git remote --verbose
> git config --get commit.template
> git status -z -u
> git symbolic-ref --short HEAD
> git rev-parse blue_theme
> git rev-parse --symbolic-full-name blue_theme@{u}
fatal: no upstream configured for branch 'blue_theme'
> git for-each-ref --format %(refname) %(objectname) --sort -committerdate
> git remote --verbose
> git config --get commit.template
> git ls-files --stage -- /home/moringaaccess/Desktop/branching-test-project/css/styles.css
> git cat-file -s 0309f48efd7dbd886631b7d881441504677dbbcf
> git show :css/styles.css
> git status -z -u
> git symbolic-ref --short HEAD
> git rev-parse blue_theme
> git rev-parse --symbolic-full-name blue_theme@{u}
fatal: no upstream configured for branch 'blue_theme'
> git for-each-ref --format %(refname) %(objectname) --sort -committerdate
> git remote --verbose
> git config --get commit.template
> git status -z -u
> git symbolic-ref --short HEAD
> git rev-parse master
> git rev-parse --symbolic-full-name master@{u}
fatal: no upstream configured for branch 'master'
> git for-each-ref --format %(refname) %(objectname) --sort -committerdate
> git remote --verbose
> git ls-files --stage -- /home/moringaaccess/Desktop/branching-test-project/css/styles.css
> git cat-file -s dddf9b285be1152b0a58ae1fcf20a87fedd4e752
> git config --get commit.template
> git show :css/styles.css
> git fetch
> git status -z -u
> git symbolic-ref --short HEAD
> git rev-parse master
> git rev-parse --symbolic-full-name master@{u}
fatal: no upstream configured for branch 'master'
> git for-each-ref --format %(refname) %(objectname) --sort -committerdate
> git remote --verbose
> git config --get commit.template
> git ls-files --stage -- /home/moringaaccess/Desktop/branching-test-project/css/styles.css
> git cat-file -s dddf9b285be1152b0a58ae1fcf20a87fedd4e752
> git show :css/styles.css
> git status -z -u
> git symbolic-ref --short HEAD
> git rev-parse master
> git rev-parse --symbolic-full-name master@{u}
fatal: no upstream configured for branch 'master'
> git for-each-ref --format %(refname) %(objectname) --sort -committerdate
> git remote --verbose
> git config --get commit.template
> git fetch
> git status -z -u
> git symbolic-ref --short HEAD
> git rev-parse master
> git rev-parse --symbolic-full-name master@{u}
fatal: no upstream configured for branch 'master'
> git for-each-ref --format %(refname) %(objectname) --sort -committerdate
> git remote --verbose
> git config --get commit.template
> git ls-files --stage -- /home/moringaaccess/Desktop/branching-test-project/css/styles.css
> git cat-file -s dddf9b285be1152b0a58ae1fcf20a87fedd4e752
> git show :css/styles.css
> git status -z -u
> git symbolic-ref --short HEAD
> git rev-parse master
> git rev-parse --symbolic-full-name master@{u}
fatal: no upstream configured for branch 'master'
> git for-each-ref --format %(refname) %(objectname) --sort -committerdate
> git remote --verbose
> git config --get commit.template
> git fetch
> git status -z -u
> git symbolic-ref --short HEAD
> git rev-parse master
> git rev-parse --symbolic-full-name master@{u}
fatal: no upstream configured for branch 'master'
> git for-each-ref --format %(refname) %(objectname) --sort -committerdate
> git remote --verbose
> git config --get commit.template
> git ls-files --stage -- /home/moringaaccess/Desktop/branching-test-project/css/styles.css
> git cat-file -s dddf9b285be1152b0a58ae1fcf20a87fedd4e752
> git show :css/styles.css
> git status -z -u
> git symbolic-ref --short HEAD
> git rev-parse master
> git rev-parse --symbolic-full-name master@{u}
fatal: no upstream configured for branch 'master'
> git for-each-ref --format %(refname) %(objectname) --sort -committerdate
> git remote --verbose
> git config --get commit.template
> git status -z -u
> git symbolic-ref --short HEAD
> git rev-parse red_theme
> git rev-parse --symbolic-full-name red_theme@{u}
fatal: no upstream configured for branch 'red_theme'
> git for-each-ref --format %(refname) %(objectname) --sort -committerdate
> git remote --verbose
> git config --get commit.template
> git ls-files --stage -- /home/moringaaccess/Desktop/branching-test-project/css/styles.css
> git cat-file -s dddf9b285be1152b0a58ae1fcf20a87fedd4e752
> git show :css/styles.css
> git status -z -u
> git symbolic-ref --short HEAD
> git rev-parse red_theme
> git rev-parse --symbolic-full-name red_theme@{u}
fatal: no upstream configured for branch 'red_theme'
> git for-each-ref --format %(refname) %(objectname) --sort -committerdate
> git remote --verbose
> git config --get commit.template
> git fetch
> git status -z -u
> git symbolic-ref --short HEAD
> git rev-parse red_theme
> git rev-parse --symbolic-full-name red_theme@{u}
fatal: no upstream configured for branch 'red_theme'
> git for-each-ref --format %(refname) %(objectname) --sort -committerdate
> git remote --verbose
> git config --get commit.template
> git ls-files --stage -- /home/moringaaccess/Desktop/branching-test-project/css/styles.css
> git cat-file -s dddf9b285be1152b0a58ae1fcf20a87fedd4e752
> git show :css/styles.css
> git status -z -u
> git symbolic-ref --short HEAD
> git rev-parse red_theme
> git rev-parse --symbolic-full-name red_theme@{u}
fatal: no upstream configured for branch 'red_theme'
> git for-each-ref --format %(refname) %(objectname) --sort -committerdate
> git remote --verbose
> git config --get commit.template
> git status -z -u
> git symbolic-ref --short HEAD
> git rev-parse red_theme
> git rev-parse --symbolic-full-name red_theme@{u}
fatal: no upstream configured for branch 'red_theme'
> git for-each-ref --format %(refname) %(objectname) --sort -committerdate
> git remote --verbose
> git config --get commit.template
> git status -z -u
> git symbolic-ref --short HEAD
> git rev-parse red_theme
> git rev-parse --symbolic-full-name red_theme@{u}
fatal: no upstream configured for branch 'red_theme'
> git for-each-ref --format %(refname) %(objectname) --sort -committerdate
> git remote --verbose
> git config --get commit.template
> git status -z -u
> git symbolic-ref --short HEAD
> git rev-parse red_theme
> git rev-parse --symbolic-full-name red_theme@{u}
fatal: no upstream configured for branch 'red_theme'
> git for-each-ref --format %(refname) %(objectname) --sort -committerdate
> git remote --verbose
> git config --get commit.template
> git status -z -u
> git symbolic-ref --short HEAD
> git rev-parse red_theme
> git rev-parse --symbolic-full-name red_theme@{u}
fatal: no upstream configured for branch 'red_theme'
> git for-each-ref --format %(refname) %(objectname) --sort -committerdate
> git remote --verbose
> git config --get commit.template
> git status -z -u
> git symbolic-ref --short HEAD
> git rev-parse red_theme
> git rev-parse --symbolic-full-name red_theme@{u}
fatal: no upstream configured for branch 'red_theme'
> git for-each-ref --format %(refname) %(objectname) --sort -committerdate
> git remote --verbose
> git config --get commit.template
> git status -z -u
> git symbolic-ref --short HEAD
> git rev-parse red_theme
> git rev-parse --symbolic-full-name red_theme@{u}
fatal: no upstream configured for branch 'red_theme'
> git for-each-ref --format %(refname) %(objectname) --sort -committerdate
> git remote --verbose
> git config --get commit.template
> git status -z -u
> git symbolic-ref --short HEAD
> git rev-parse red_theme
> git rev-parse --symbolic-full-name red_theme@{u}
fatal: no upstream configured for branch 'red_theme'
> git for-each-ref --format %(refname) %(objectname) --sort -committerdate
> git remote --verbose
> git config --get commit.template
> git status -z -u
> git symbolic-ref --short HEAD
> git rev-parse red_theme
> git rev-parse --symbolic-full-name red_theme@{u}
fatal: no upstream configured for branch 'red_theme'
> git for-each-ref --format %(refname) %(objectname) --sort -committerdate
> git remote --verbose
> git config --get commit.template
> git status -z -u
> git symbolic-ref --short HEAD
> git rev-parse red_theme
> git rev-parse --symbolic-full-name red_theme@{u}
fatal: no upstream configured for branch 'red_theme'
> git for-each-ref --format %(refname) %(objectname) --sort -committerdate
> git remote --verbose
> git config --get commit.template
> git status -z -u
> git symbolic-ref --short HEAD
> git rev-parse red_theme
> git rev-parse --symbolic-full-name red_theme@{u}
fatal: no upstream configured for branch 'red_theme'
> git for-each-ref --format %(refname) %(objectname) --sort -committerdate
> git remote --verbose
> git config --get commit.template
> git status -z -u
> git symbolic-ref --short HEAD
> git rev-parse red_theme
> git rev-parse --symbolic-full-name red_theme@{u}
fatal: no upstream configured for branch 'red_theme'
> git for-each-ref --format %(refname) %(objectname) --sort -committerdate
> git remote --verbose
> git config --get commit.template
> git status -z -u
> git symbolic-ref --short HEAD
> git rev-parse red_theme
> git rev-parse --symbolic-full-name red_theme@{u}
fatal: no upstream configured for branch 'red_theme'
> git for-each-ref --format %(refname) %(objectname) --sort -committerdate
> git remote --verbose
> git config --get commit.template
> git status -z -u
> git symbolic-ref --short HEAD
> git rev-parse red_theme
> git rev-parse --symbolic-full-name red_theme@{u}
fatal: no upstream configured for branch 'red_theme'
> git for-each-ref --format %(refname) %(objectname) --sort -committerdate
> git remote --verbose
> git config --get commit.template
> git status -z -u
> git symbolic-ref --short HEAD
> git rev-parse red_theme
> git rev-parse --symbolic-full-name red_theme@{u}
fatal: no upstream configured for branch 'red_theme'
> git for-each-ref --format %(refname) %(objectname) --sort -committerdate
> git remote --verbose
> git config --get commit.template
> git fetch
> git status -z -u
> git symbolic-ref --short HEAD
> git rev-parse red_theme
> git rev-parse --symbolic-full-name red_theme@{u}
fatal: no upstream configured for branch 'red_theme'
> git for-each-ref --format %(refname) %(objectname) --sort -committerdate
> git remote --verbose
> git config --get commit.template
> git status -z -u
> git symbolic-ref --short HEAD
> git rev-parse red_theme
> git rev-parse --symbolic-full-name red_theme@{u}
fatal: no upstream configured for branch 'red_theme'
> git for-each-ref --format %(refname) %(objectname) --sort -committerdate
> git remote --verbose
> git config --get commit.template
> git ls-files --stage -- /home/moringaaccess/Desktop/branching-test-project/css/styles.css
> git cat-file -s dddf9b285be1152b0a58ae1fcf20a87fedd4e752
> git show :css/styles.css
> git status -z -u
> git symbolic-ref --short HEAD
> git rev-parse red_theme
> git rev-parse --symbolic-full-name red_theme@{u}
fatal: no upstream configured for branch 'red_theme'
> git for-each-ref --format %(refname) %(objectname) --sort -committerdate
> git remote --verbose
> git config --get commit.template
> git status -z -u
> git symbolic-ref --short HEAD
> git rev-parse red_theme
> git rev-parse --symbolic-full-name red_theme@{u}
fatal: no upstream configured for branch 'red_theme'
> git for-each-ref --format %(refname) %(objectname) --sort -committerdate
> git remote --verbose
> git config --get commit.template
> git status -z -u
> git symbolic-ref --short HEAD
> git rev-parse red_theme
> git rev-parse --symbolic-full-name red_theme@{u}
fatal: no upstream configured for branch 'red_theme'
> git for-each-ref --format %(refname) %(objectname) --sort -committerdate
> git remote --verbose
> git config --get commit.template
> git status -z -u
> git symbolic-ref --short HEAD
> git rev-parse red_theme
> git rev-parse --symbolic-full-name red_theme@{u}
fatal: no upstream configured for branch 'red_theme'
> git for-each-ref --format %(refname) %(objectname) --sort -committerdate
> git remote --verbose
> git config --get commit.template
> git status -z -u
> git symbolic-ref --short HEAD
> git rev-parse red_theme
> git rev-parse --symbolic-full-name red_theme@{u}
fatal: no upstream configured for branch 'red_theme'
> git for-each-ref --format %(refname) %(objectname) --sort -committerdate
> git remote --verbose
> git config --get commit.template
> git status -z -u
> git symbolic-ref --short HEAD
> git rev-parse red_theme
> git rev-parse --symbolic-full-name red_theme@{u}
fatal: no upstream configured for branch 'red_theme'
> git for-each-ref --format %(refname) %(objectname) --sort -committerdate
> git remote --verbose
> git config --get commit.template
> git status -z -u
> git symbolic-ref --short HEAD
> git rev-parse red_theme
> git rev-parse --symbolic-full-name red_theme@{u}
fatal: no upstream configured for branch 'red_theme'
> git for-each-ref --format %(refname) %(objectname) --sort -committerdate
> git remote --verbose
> git config --get commit.template
> git status -z -u
> git symbolic-ref --short HEAD
> git rev-parse red_theme
> git rev-parse --symbolic-full-name red_theme@{u}
fatal: no upstream configured for branch 'red_theme'
> git for-each-ref --format %(refname) %(objectname) --sort -committerdate
> git remote --verbose
> git config --get commit.template
> git status -z -u
> git symbolic-ref --short HEAD
> git rev-parse red_theme
> git rev-parse --symbolic-full-name red_theme@{u}
fatal: no upstream configured for branch 'red_theme'
> git for-each-ref --format %(refname) %(objectname) --sort -committerdate
> git remote --verbose
> git config --get commit.template
> git status -z -u
> git symbolic-ref --short HEAD
> git rev-parse red_theme
> git rev-parse --symbolic-full-name red_theme@{u}
fatal: no upstream configured for branch 'red_theme'
> git for-each-ref --format %(refname) %(objectname) --sort -committerdate
> git remote --verbose
> git config --get commit.template
> git status -z -u
> git symbolic-ref --short HEAD
> git rev-parse red_theme
> git rev-parse --symbolic-full-name red_theme@{u}
fatal: no upstream configured for branch 'red_theme'
> git for-each-ref --format %(refname) %(objectname) --sort -committerdate
> git remote --verbose
> git config --get commit.template
> git status -z -u
> git symbolic-ref --short HEAD
> git rev-parse red_theme
> git rev-parse --symbolic-full-name red_theme@{u}
fatal: no upstream configured for branch 'red_theme'
> git for-each-ref --format %(refname) %(objectname) --sort -committerdate
> git remote --verbose
> git config --get commit.template
> git status -z -u
> git symbolic-ref --short HEAD
> git rev-parse red_theme
> git rev-parse --symbolic-full-name red_theme@{u}
fatal: no upstream configured for branch 'red_theme'
> git for-each-ref --format %(refname) %(objectname) --sort -committerdate
> git remote --verbose
> git config --get commit.template
> git status -z -u
> git symbolic-ref --short HEAD
> git rev-parse red_theme
> git rev-parse --symbolic-full-name red_theme@{u}
fatal: no upstream configured for branch 'red_theme'
> git for-each-ref --format %(refname) %(objectname) --sort -committerdate
> git remote --verbose
> git config --get commit.template
> git status -z -u
> git symbolic-ref --short HEAD
> git rev-parse red_theme
> git rev-parse --symbolic-full-name red_theme@{u}
fatal: no upstream configured for branch 'red_theme'
> git for-each-ref --format %(refname) %(objectname) --sort -committerdate
> git remote --verbose
> git config --get commit.template
> git ls-files --stage -- /home/moringaaccess/Desktop/branching-test-project/css/styles.css
> git cat-file -s fb7a7fba46e508eaa78aa47fefa87d427e359d8e
> git show :css/styles.css
> git fetch
> git status -z -u
> git symbolic-ref --short HEAD
> git rev-parse red_theme
> git rev-parse --symbolic-full-name red_theme@{u}
fatal: no upstream configured for branch 'red_theme'
> git for-each-ref --format %(refname) %(objectname) --sort -committerdate
> git remote --verbose
> git config --get commit.template
> git ls-files --stage -- /home/moringaaccess/Desktop/branching-test-project/css/styles.css
> git cat-file -s fb7a7fba46e508eaa78aa47fefa87d427e359d8e
> git show :css/styles.css
> git status -z -u
> git symbolic-ref --short HEAD
> git rev-parse red_theme
> git rev-parse --symbolic-full-name red_theme@{u}
fatal: no upstream configured for branch 'red_theme'
> git for-each-ref --format %(refname) %(objectname) --sort -committerdate
> git remote --verbose
> git config --get commit.template
> git status -z -u
> git symbolic-ref --short HEAD
> git rev-parse red_theme
> git rev-parse --symbolic-full-name red_theme@{u}
fatal: no upstream configured for branch 'red_theme'
> git for-each-ref --format %(refname) %(objectname) --sort -committerdate
> git remote --verbose
> git config --get commit.template
> git status -z -u
> git symbolic-ref --short HEAD
> git rev-parse red_theme
> git rev-parse --symbolic-full-name red_theme@{u}
fatal: no upstream configured for branch 'red_theme'
> git for-each-ref --format %(refname) %(objectname) --sort -committerdate
> git remote --verbose
> git config --get commit.template
> git ls-files --stage -- /home/moringaaccess/Desktop/branching-test-project/css/styles.css
> git cat-file -s fb7a7fba46e508eaa78aa47fefa87d427e359d8e
> git show :css/styles.css
> git status -z -u
> git symbolic-ref --short HEAD
> git rev-parse red_theme
> git rev-parse --symbolic-full-name red_theme@{u}
fatal: no upstream configured for branch 'red_theme'
> git for-each-ref --format %(refname) %(objectname) --sort -committerdate
> git remote --verbose
> git config --get commit.template
> git fetch
> git status -z -u
> git symbolic-ref --short HEAD
> git rev-parse red_theme
> git rev-parse --symbolic-full-name red_theme@{u}
fatal: no upstream configured for branch 'red_theme'
> git for-each-ref --format %(refname) %(objectname) --sort -committerdate
> git remote --verbose
> git config --get commit.template
> git status -z -u
> git symbolic-ref --short HEAD
> git rev-parse red_theme
> git rev-parse --symbolic-full-name red_theme@{u}
fatal: no upstream configured for branch 'red_theme'
> git for-each-ref --format %(refname) %(objectname) --sort -committerdate
> git remote --verbose
> git config --get commit.template
> git ls-files --stage -- /home/moringaaccess/Desktop/branching-test-project/css/styles.css
> git cat-file -s fb7a7fba46e508eaa78aa47fefa87d427e359d8e
> git show :css/styles.css
> git status -z -u
> git symbolic-ref --short HEAD
> git rev-parse red_theme
> git rev-parse --symbolic-full-name red_theme@{u}
fatal: no upstream configured for branch 'red_theme'
> git for-each-ref --format %(refname) %(objectname) --sort -committerdate
> git remote --verbose
> git config --get commit.template
> git status -z -u
> git symbolic-ref --short HEAD
> git rev-parse red_theme
> git rev-parse --symbolic-full-name red_theme@{u}
fatal: no upstream configured for branch 'red_theme'
> git for-each-ref --format %(refname) %(objectname) --sort -committerdate
> git remote --verbose
> git config --get commit.template
> git status -z -u
> git symbolic-ref --short HEAD
> git rev-parse red_theme
> git rev-parse --symbolic-full-name red_theme@{u}
fatal: no upstream configured for branch 'red_theme'
> git for-each-ref --format %(refname) %(objectname) --sort -committerdate
> git remote --verbose
> git config --get commit.template
> git status -z -u
> git symbolic-ref --short HEAD
> git rev-parse red_theme
> git rev-parse --symbolic-full-name red_theme@{u}
fatal: no upstream configured for branch 'red_theme'
> git for-each-ref --format %(refname) %(objectname) --sort -committerdate
> git remote --verbose
> git config --get commit.template
> git status -z -u
> git symbolic-ref --short HEAD
> git rev-parse red_theme
> git rev-parse --symbolic-full-name red_theme@{u}
fatal: no upstream configured for branch 'red_theme'
> git for-each-ref --format %(refname) %(objectname) --sort -committerdate
> git remote --verbose
> git config --get commit.template
> git status -z -u
> git symbolic-ref --short HEAD
> git rev-parse red_theme
> git rev-parse --symbolic-full-name red_theme@{u}
fatal: no upstream configured for branch 'red_theme'
> git for-each-ref --format %(refname) %(objectname) --sort -committerdate
> git remote --verbose
> git config --get commit.template
> git status -z -u
> git symbolic-ref --short HEAD
> git rev-parse red_theme
> git rev-parse --symbolic-full-name red_theme@{u}
fatal: no upstream configured for branch 'red_theme'
> git for-each-ref --format %(refname) %(objectname) --sort -committerdate
> git remote --verbose
> git config --get commit.template
> git status -z -u
> git symbolic-ref --short HEAD
> git rev-parse red_theme
> git rev-parse --symbolic-full-name red_theme@{u}
fatal: no upstream configured for branch 'red_theme'
> git for-each-ref --format %(refname) %(objectname) --sort -committerdate
> git remote --verbose
> git config --get commit.template
> git fetch
> git status -z -u
> git symbolic-ref --short HEAD
> git rev-parse red_theme
> git rev-parse --symbolic-full-name red_theme@{u}
fatal: no upstream configured for branch 'red_theme'
> git for-each-ref --format %(refname) %(objectname) --sort -committerdate
> git remote --verbose
> git config --get commit.template
> git ls-files --stage -- /home/moringaaccess/Desktop/branching-test-project/css/styles.css
> git cat-file -s fb7a7fba46e508eaa78aa47fefa87d427e359d8e
> git show :css/styles.css
> git status -z -u
> git symbolic-ref --short HEAD
> git rev-parse red_theme
> git rev-parse --symbolic-full-name red_theme@{u}
fatal: no upstream configured for branch 'red_theme'
> git for-each-ref --format %(refname) %(objectname) --sort -committerdate
> git remote --verbose
> git config --get commit.template
> git ls-files --stage -- /home/moringaaccess/Desktop/branching-test-project/css/styles.css
> git cat-file -s e25cef10659fa202616004d9dff78663c8e0ea67
> git show :css/styles.css
> git status -z -u
> git symbolic-ref --short HEAD
> git rev-parse red_theme
> git rev-parse --symbolic-full-name red_theme@{u}
fatal: no upstream configured for branch 'red_theme'
> git for-each-ref --format %(refname) %(objectname) --sort -committerdate
> git remote --verbose
> git config --get commit.template
> git status -z -u
> git symbolic-ref --short HEAD
> git rev-parse red_theme
> git rev-parse --symbolic-full-name red_theme@{u}
fatal: no upstream configured for branch 'red_theme'
> git for-each-ref --format %(refname) %(objectname) --sort -committerdate
> git remote --verbose
> git config --get commit.template
> git ls-files --stage -- /home/moringaaccess/Desktop/branching-test-project/css/styles.css
> git cat-file -s e25cef10659fa202616004d9dff78663c8e0ea67
> git show :css/styles.css
> git status -z -u
> git symbolic-ref --short HEAD
> git rev-parse red_theme
> git rev-parse --symbolic-full-name red_theme@{u}
fatal: no upstream configured for branch 'red_theme'
> git for-each-ref --format %(refname) %(objectname) --sort -committerdate
> git remote --verbose
> git config --get commit.template
> git fetch
> git status -z -u
> git symbolic-ref --short HEAD
> git rev-parse red_theme
> git rev-parse --symbolic-full-name red_theme@{u}
fatal: no upstream configured for branch 'red_theme'
> git for-each-ref --format %(refname) %(objectname) --sort -committerdate
> git remote --verbose
> git config --get commit.template
> git ls-files --stage -- /home/moringaaccess/Desktop/branching-test-project/css/styles.css
> git cat-file -s e25cef10659fa202616004d9dff78663c8e0ea67
> git show :css/styles.css
> git status -z -u
> git symbolic-ref --short HEAD
> git rev-parse red_theme
> git rev-parse --symbolic-full-name red_theme@{u}
fatal: no upstream configured for branch 'red_theme'
> git for-each-ref --format %(refname) %(objectname) --sort -committerdate
> git remote --verbose
> git config --get commit.template
> git fetch
> git status -z -u
> git symbolic-ref --short HEAD
> git rev-parse red_theme
> git rev-parse --symbolic-full-name red_theme@{u}
fatal: no upstream configured for branch 'red_theme'
> git for-each-ref --format %(refname) %(objectname) --sort -committerdate
> git remote --verbose
> git config --get commit.template
> git ls-files --stage -- /home/moringaaccess/Desktop/branching-test-project/css/styles.css
> git cat-file -s e25cef10659fa202616004d9dff78663c8e0ea67
> git show :css/styles.css
> git status -z -u
> git symbolic-ref --short HEAD
> git rev-parse red_theme
> git rev-parse --symbolic-full-name red_theme@{u}
fatal: no upstream configured for branch 'red_theme'
> git for-each-ref --format %(refname) %(objectname) --sort -committerdate
> git remote --verbose
> git config --get commit.template
> git status -z -u
> git symbolic-ref --short HEAD
> git rev-parse master
> git rev-parse --symbolic-full-name master@{u}
fatal: no upstream configured for branch 'master'
> git for-each-ref --format %(refname) %(objectname) --sort -committerdate
> git remote --verbose
> git ls-files --stage -- /home/moringaaccess/Desktop/branching-test-project/css/styles.css
> git config --get commit.template
> git cat-file -s dddf9b285be1152b0a58ae1fcf20a87fedd4e752
> git show :css/styles.css
> git status -z -u
> git symbolic-ref --short HEAD
> git rev-parse master
> git rev-parse --symbolic-full-name master@{u}
fatal: no upstream configured for branch 'master'
> git for-each-ref --format %(refname) %(objectname) --sort -committerdate
> git remote --verbose
> git config --get commit.template
> git ls-files --stage -- /home/moringaaccess/Desktop/branching-test-project/css/styles.css
> git cat-file -s e25cef10659fa202616004d9dff78663c8e0ea67
> git show :css/styles.css
> git fetch
> git status -z -u
> git symbolic-ref --short HEAD
> git rev-parse master
> git rev-parse --symbolic-full-name master@{u}
fatal: no upstream configured for branch 'master'
> git for-each-ref --format %(refname) %(objectname) --sort -committerdate
> git remote --verbose
> git config --get commit.template
> git ls-files --stage -- /home/moringaaccess/Desktop/branching-test-project/css/styles.css
> git cat-file -s e25cef10659fa202616004d9dff78663c8e0ea67
> git show :css/styles.css
> git status -z -u
> git symbolic-ref --short HEAD
> git rev-parse master
> git rev-parse --symbolic-full-name master@{u}
fatal: no upstream configured for branch 'master'
> git for-each-ref --format %(refname) %(objectname) --sort -committerdate
> git remote --verbose
> git config --get commit.template
> git status -z -u
> git symbolic-ref --short HEAD
> git rev-parse master
> git rev-parse --symbolic-full-name master@{u}
fatal: no upstream configured for branch 'master'
> git for-each-ref --format %(refname) %(objectname) --sort -committerdate
> git remote --verbose
> git config --get commit.template
> git ls-files --stage -- /home/moringaaccess/Desktop/branching-test-project/css/styles.css
> git cat-file -s e25cef10659fa202616004d9dff78663c8e0ea67
> git show :css/styles.css
> git status -z -u
> git symbolic-ref --short HEAD
> git rev-parse master
> git rev-parse --symbolic-full-name master@{u}
fatal: no upstream configured for branch 'master'
> git for-each-ref --format %(refname) %(objectname) --sort -committerdate
> git remote --verbose
> git config --get commit.template
> git fetch
> git status -z -u
> git symbolic-ref --short HEAD
> git rev-parse master
> git rev-parse --symbolic-full-name master@{u}
fatal: no upstream configured for branch 'master'
> git for-each-ref --format %(refname) %(objectname) --sort -committerdate
> git remote --verbose
> git config --get commit.template
> git ls-files --stage -- /home/moringaaccess/Desktop/branching-test-project/css/styles.css
> git cat-file -s e25cef10659fa202616004d9dff78663c8e0ea67
> git show :css/styles.css
> git status -z -u
> git symbolic-ref --short HEAD
> git rev-parse master
> git rev-parse --symbolic-full-name master@{u}
fatal: no upstream configured for branch 'master'
> git for-each-ref --format %(refname) %(objectname) --sort -committerdate
> git remote --verbose
> git config --get commit.template
> git status -z -u
> git symbolic-ref --short HEAD
> git rev-parse master
> git rev-parse --symbolic-full-name master@{u}
fatal: no upstream configured for branch 'master'
> git for-each-ref --format %(refname) %(objectname) --sort -committerdate
> git remote --verbose
> git config --get commit.template
> git ls-files --stage -- /home/moringaaccess/Desktop/branching-test-project/css/styles.css
> git cat-file -s e25cef10659fa202616004d9dff78663c8e0ea67
> git show :css/styles.css
> git status -z -u
> git symbolic-ref --short HEAD
> git rev-parse master
> git rev-parse --symbolic-full-name master@{u}
fatal: no upstream configured for branch 'master'
> git for-each-ref --format %(refname) %(objectname) --sort -committerdate
> git remote --verbose
> git config --get commit.template
> git fetch
> git status -z -u
> git symbolic-ref --short HEAD
> git rev-parse master
> git rev-parse --symbolic-full-name master@{u}
fatal: no upstream configured for branch 'master'
> git for-each-ref --format %(refname) %(objectname) --sort -committerdate
> git remote --verbose
> git config --get commit.template
> git ls-files --stage -- /home/moringaaccess/Desktop/branching-test-project/css/styles.css
> git cat-file -s e25cef10659fa202616004d9dff78663c8e0ea67
> git show :css/styles.css
> git status -z -u
> git symbolic-ref --short HEAD
> git rev-parse master
> git rev-parse --symbolic-full-name master@{u}
fatal: no upstream configured for branch 'master'
> git for-each-ref --format %(refname) %(objectname) --sort -committerdate
> git remote --verbose
> git config --get commit.template
> git fetch
> git status -z -u
> git symbolic-ref --short HEAD
> git rev-parse master
> git rev-parse --symbolic-full-name master@{u}
fatal: no upstream configured for branch 'master'
> git for-each-ref --format %(refname) %(objectname) --sort -committerdate
> git remote --verbose
> git config --get commit.template
> git ls-files --stage -- /home/moringaaccess/Desktop/branching-test-project/css/styles.css
> git cat-file -s e25cef10659fa202616004d9dff78663c8e0ea67
> git show :css/styles.css
> git status -z -u
> git symbolic-ref --short HEAD
> git rev-parse master
> git rev-parse --symbolic-full-name master@{u}
fatal: no upstream configured for branch 'master'
> git for-each-ref --format %(refname) %(objectname) --sort -committerdate
> git remote --verbose
> git config --get commit.template
> git fetch
> git status -z -u
> git symbolic-ref --short HEAD
> git rev-parse master
> git rev-parse --symbolic-full-name master@{u}
fatal: no upstream configured for branch 'master'
> git for-each-ref --format %(refname) %(objectname) --sort -committerdate
> git remote --verbose
> git config --get commit.template
> git fetch
> git ls-files --stage -- /home/moringaaccess/Desktop/branching-test-project/css/styles.css
> git status -z -u
> git cat-file -s e25cef10659fa202616004d9dff78663c8e0ea67
> git symbolic-ref --short HEAD
> git rev-parse master
> git show :css/styles.css
> git rev-parse --symbolic-full-name master@{u}
fatal: no upstream configured for branch 'master'
> git for-each-ref --format %(refname) %(objectname) --sort -committerdate
> git remote --verbose
> git config --get commit.template
> git ls-files --stage -- /home/moringaaccess/Desktop/branching-test-project/css/styles.css
> git cat-file -s e25cef10659fa202616004d9dff78663c8e0ea67
> git show :css/styles.css
> git status -z -u
> git symbolic-ref --short HEAD
> git rev-parse master
> git rev-parse --symbolic-full-name master@{u}
fatal: no upstream configured for branch 'master'
> git for-each-ref --format %(refname) %(objectname) --sort -committerdate
> git remote --verbose
> git config --get commit.template
