Looking for git in: git
Using git 2.17.1 from git
> git rev-parse --show-toplevel
> git rev-parse --git-dir
Open repository: /home/moringaaccess/Desktop/branching-test-project
> git status -z -u
> git symbolic-ref --short HEAD
> git rev-parse master
> git rev-parse --symbolic-full-name master@{u}
> git show :css/styles.css
> git ls-files --stage -- /home/moringaaccess/Desktop/branching-test-project/css/styles.css
fatal: no upstream configured for branch 'master'
> git for-each-ref --format %(refname) %(objectname) --sort -committerdate
> git remote --verbose
> git cat-file -s e25cef10659fa202616004d9dff78663c8e0ea67
> git config --get commit.template
> git check-ignore -v -z --stdin
> git fetch
> git status -z -u
> git symbolic-ref --short HEAD
> git rev-parse master
> git rev-parse --symbolic-full-name master@{u}
fatal: no upstream configured for branch 'master'
> git for-each-ref --format %(refname) %(objectname) --sort -committerdate
> git remote --verbose
> git config --get commit.template
> git ls-files --stage -- /home/moringaaccess/Desktop/branching-test-project/css/styles.css
> git cat-file -s e25cef10659fa202616004d9dff78663c8e0ea67
> git show :css/styles.css
> git status -z -u
> git symbolic-ref --short HEAD
> git rev-parse master
> git rev-parse --symbolic-full-name master@{u}
fatal: no upstream configured for branch 'master'
> git for-each-ref --format %(refname) %(objectname) --sort -committerdate
> git remote --verbose
> git config --get commit.template
> git fetch
> git status -z -u
> git symbolic-ref --short HEAD
> git rev-parse master
> git rev-parse --symbolic-full-name master@{u}
fatal: no upstream configured for branch 'master'
> git for-each-ref --format %(refname) %(objectname) --sort -committerdate
> git remote --verbose
> git config --get commit.template
> git ls-files --stage -- /home/moringaaccess/Desktop/branching-test-project/css/styles.css
> git cat-file -s e25cef10659fa202616004d9dff78663c8e0ea67
> git show :css/styles.css
> git status -z -u
> git symbolic-ref --short HEAD
> git rev-parse master
> git rev-parse --symbolic-full-name master@{u}
fatal: no upstream configured for branch 'master'
> git for-each-ref --format %(refname) %(objectname) --sort -committerdate
> git remote --verbose
> git config --get commit.template
> git fetch
> git status -z -u
> git symbolic-ref --short HEAD
> git rev-parse master
> git rev-parse --symbolic-full-name master@{u}
fatal: no upstream configured for branch 'master'
> git for-each-ref --format %(refname) %(objectname) --sort -committerdate
> git remote --verbose
> git config --get commit.template
> git ls-files --stage -- /home/moringaaccess/Desktop/branching-test-project/css/styles.css
> git cat-file -s e25cef10659fa202616004d9dff78663c8e0ea67
> git show :css/styles.css
> git status -z -u
> git symbolic-ref --short HEAD
> git rev-parse master
> git rev-parse --symbolic-full-name master@{u}
fatal: no upstream configured for branch 'master'
> git for-each-ref --format %(refname) %(objectname) --sort -committerdate
> git remote --verbose
> git config --get commit.template
> git status -z -u
> git symbolic-ref --short HEAD
> git rev-parse master
> git rev-parse --symbolic-full-name master@{u}
fatal: no upstream configured for branch 'master'
> git for-each-ref --format %(refname) %(objectname) --sort -committerdate
> git remote --verbose
> git config --get commit.template
> git ls-files --stage -- /home/moringaaccess/Desktop/branching-test-project/css/styles.css
> git cat-file -s e25cef10659fa202616004d9dff78663c8e0ea67
> git show :css/styles.css
> git status -z -u
> git symbolic-ref --short HEAD
> git rev-parse master
> git rev-parse --symbolic-full-name master@{u}
fatal: no upstream configured for branch 'master'
> git for-each-ref --format %(refname) %(objectname) --sort -committerdate
> git remote --verbose
> git config --get commit.template
> git status -z -u
> git symbolic-ref --short HEAD
> git rev-parse master
> git rev-parse --symbolic-full-name master@{u}
fatal: no upstream configured for branch 'master'
> git for-each-ref --format %(refname) %(objectname) --sort -committerdate
> git remote --verbose
> git config --get commit.template
> git ls-files --stage -- /home/moringaaccess/Desktop/branching-test-project/css/styles.css
> git cat-file -s e25cef10659fa202616004d9dff78663c8e0ea67
> git show :css/styles.css
> git status -z -u
> git symbolic-ref --short HEAD
> git rev-parse master
> git rev-parse --symbolic-full-name master@{u}
fatal: no upstream configured for branch 'master'
> git for-each-ref --format %(refname) %(objectname) --sort -committerdate
> git remote --verbose
> git config --get commit.template
> git status -z -u
> git symbolic-ref --short HEAD
> git rev-parse master
> git rev-parse --symbolic-full-name master@{u}
fatal: no upstream configured for branch 'master'
> git for-each-ref --format %(refname) %(objectname) --sort -committerdate
> git remote --verbose
> git config --get commit.template
> git ls-files --stage -- /home/moringaaccess/Desktop/branching-test-project/css/styles.css
> git cat-file -s e25cef10659fa202616004d9dff78663c8e0ea67
> git show :css/styles.css
> git status -z -u
> git symbolic-ref --short HEAD
> git rev-parse master
> git rev-parse --symbolic-full-name master@{u}
fatal: no upstream configured for branch 'master'
> git for-each-ref --format %(refname) %(objectname) --sort -committerdate
> git remote --verbose
> git config --get commit.template
> git status -z -u
> git symbolic-ref --short HEAD
> git rev-parse master
> git rev-parse --symbolic-full-name master@{u}
fatal: no upstream configured for branch 'master'
> git for-each-ref --format %(refname) %(objectname) --sort -committerdate
> git remote --verbose
> git config --get commit.template
> git ls-files --stage -- /home/moringaaccess/Desktop/branching-test-project/css/styles.css
> git cat-file -s e25cef10659fa202616004d9dff78663c8e0ea67
> git show :css/styles.css
> git status -z -u
> git symbolic-ref --short HEAD
> git rev-parse master
> git rev-parse --symbolic-full-name master@{u}
fatal: no upstream configured for branch 'master'
> git for-each-ref --format %(refname) %(objectname) --sort -committerdate
> git remote --verbose
> git config --get commit.template
> git status -z -u
> git symbolic-ref --short HEAD
> git rev-parse master
> git rev-parse --symbolic-full-name master@{u}
fatal: no upstream configured for branch 'master'
> git for-each-ref --format %(refname) %(objectname) --sort -committerdate
> git remote --verbose
> git config --get commit.template
> git ls-files --stage -- /home/moringaaccess/Desktop/branching-test-project/css/styles.css
> git cat-file -s e25cef10659fa202616004d9dff78663c8e0ea67
> git show :css/styles.css
> git fetch
> git ls-files --stage -- /home/moringaaccess/Desktop/branching-test-project/css/styles.css
> git cat-file -s e25cef10659fa202616004d9dff78663c8e0ea67
> git show :css/styles.css
> git status -z -u
> git symbolic-ref --short HEAD
> git rev-parse master
> git rev-parse --symbolic-full-name master@{u}
fatal: no upstream configured for branch 'master'
> git for-each-ref --format %(refname) %(objectname) --sort -committerdate
> git remote --verbose
> git config --get commit.template
> git status -z -u
> git symbolic-ref --short HEAD
> git rev-parse master
> git rev-parse --symbolic-full-name master@{u}
fatal: no upstream configured for branch 'master'
> git for-each-ref --format %(refname) %(objectname) --sort -committerdate
> git remote --verbose
> git config --get commit.template
> git status -z -u
> git symbolic-ref --short HEAD
> git rev-parse main
> git rev-parse --symbolic-full-name main@{u}
fatal: no upstream configured for branch 'main'
> git for-each-ref --format %(refname) %(objectname) --sort -committerdate
> git remote --verbose
> git config --get commit.template
> git ls-files --stage -- /home/moringaaccess/Desktop/branching-test-project/css/styles.css
> git cat-file -s e25cef10659fa202616004d9dff78663c8e0ea67
> git show :css/styles.css
> git status -z -u
> git symbolic-ref --short HEAD
> git rev-parse main
> git rev-parse --symbolic-full-name main@{u}
fatal: no upstream configured for branch 'main'
> git for-each-ref --format %(refname) %(objectname) --sort -committerdate
> git remote --verbose
> git config --get commit.template
> git status -z -u
> git symbolic-ref --short HEAD
> git rev-parse main
> git rev-parse --symbolic-full-name main@{u}
> git rev-list --left-right main...refs/remotes/origin/main
> git for-each-ref --format %(refname) %(objectname) --sort -committerdate
> git remote --verbose
> git config --get commit.template
> git ls-files --stage -- /home/moringaaccess/Desktop/branching-test-project/css/styles.css
> git cat-file -s e25cef10659fa202616004d9dff78663c8e0ea67
> git show :css/styles.css
> git status -z -u
> git symbolic-ref --short HEAD
> git rev-parse main
> git rev-parse --symbolic-full-name main@{u}
> git rev-list --left-right main...refs/remotes/origin/main
> git for-each-ref --format %(refname) %(objectname) --sort -committerdate
> git remote --verbose
> git config --get commit.template
> git fetch
> git ls-files --stage -- /home/moringaaccess/Desktop/branching-test-project/css/styles.css
> git cat-file -s e25cef10659fa202616004d9dff78663c8e0ea67
> git show :css/styles.css
From https://github.com/NazarineWasonga/branching-test-project
   01bc14b..aa13f97  main       -> origin/main
> git status -z -u
> git symbolic-ref --short HEAD
> git rev-parse main
> git rev-parse --symbolic-full-name main@{u}
> git rev-list --left-right main...refs/remotes/origin/main
> git for-each-ref --format %(refname) %(objectname) --sort -committerdate
> git remote --verbose
> git config --get commit.template
> git ls-files --stage -- /home/moringaaccess/Desktop/branching-test-project/css/styles.css
> git cat-file -s e25cef10659fa202616004d9dff78663c8e0ea67
> git show :css/styles.css
> git status -z -u
> git symbolic-ref --short HEAD
> git rev-parse main
> git rev-parse --symbolic-full-name main@{u}
> git rev-list --left-right main...refs/remotes/origin/main
> git for-each-ref --format %(refname) %(objectname) --sort -committerdate
> git remote --verbose
> git config --get commit.template
> git show :branching-website.html
> git ls-files --stage -- /home/moringaaccess/Desktop/branching-test-project/branching-website.html
> git cat-file -s 8ed4e8285071d651d198c8f388289a96b7f73e70
> git check-ignore -v -z --stdin
> git fetch
> git status -z -u
> git ls-files --stage -- /home/moringaaccess/Desktop/branching-test-project/branching-website.html
> git show :branching-website.html
Auto packing the repository in background for optimum performance.
See "git help gc" for manual housekeeping.
error: The last gc run reported the following. Please correct the root cause
and remove .git/gc.log.
Automatic cleanup will not be performed until the file is removed.

warning: There are too many unreachable loose objects; run 'git prune' to remove them.
