[2020-12-04 02:26:40.904] [exthost] [info] extension host started
[2020-12-04 02:26:40.933] [exthost] [info] ExtensionService#_doActivateExtension vscode.debug-auto-launch {"startup":true,"extensionId":{"value":"vscode.debug-auto-launch","_lower":"vscode.debug-auto-launch"},"activationEvent":"*"}
[2020-12-04 02:26:40.934] [exthost] [info] ExtensionService#loadCommonJSModule file:///usr/share/code/resources/app/extensions/debug-auto-launch/dist/extension
[2020-12-04 02:26:40.943] [exthost] [info] ExtensionService#_doActivateExtension vscode.emmet {"startup":true,"extensionId":{"value":"vscode.emmet","_lower":"vscode.emmet"},"activationEvent":"*"}
[2020-12-04 02:26:40.943] [exthost] [info] ExtensionService#loadCommonJSModule file:///usr/share/code/resources/app/extensions/emmet/dist/extension
[2020-12-04 02:26:40.957] [exthost] [info] ExtensionService#_doActivateExtension vscode.git {"startup":true,"extensionId":{"value":"vscode.github","_lower":"vscode.github"},"activationEvent":"*"}
[2020-12-04 02:26:40.958] [exthost] [info] ExtensionService#loadCommonJSModule file:///usr/share/code/resources/app/extensions/git/dist/main
[2020-12-04 02:26:41.008] [exthost] [info] ExtensionService#_doActivateExtension vscode.github-authentication {"startup":true,"extensionId":{"value":"vscode.github-authentication","_lower":"vscode.github-authentication"},"activationEvent":"*"}
[2020-12-04 02:26:41.009] [exthost] [info] ExtensionService#loadCommonJSModule file:///usr/share/code/resources/app/extensions/github-authentication/dist/extension.js
[2020-12-04 02:26:41.015] [exthost] [info] ExtensionService#_doActivateExtension vscode.merge-conflict {"startup":true,"extensionId":{"value":"vscode.merge-conflict","_lower":"vscode.merge-conflict"},"activationEvent":"*"}
[2020-12-04 02:26:41.015] [exthost] [info] ExtensionService#loadCommonJSModule file:///usr/share/code/resources/app/extensions/merge-conflict/dist/extension
[2020-12-04 02:26:41.018] [exthost] [info] ExtensionService#_doActivateExtension vscode.microsoft-authentication {"startup":true,"extensionId":{"value":"vscode.microsoft-authentication","_lower":"vscode.microsoft-authentication"},"activationEvent":"*"}
[2020-12-04 02:26:41.018] [exthost] [info] ExtensionService#loadCommonJSModule file:///usr/share/code/resources/app/extensions/microsoft-authentication/dist/extension.js
[2020-12-04 02:26:41.029] [exthost] [info] ExtensionService#_doActivateExtension vscode.search-result {"startup":true,"extensionId":{"value":"vscode.search-result","_lower":"vscode.search-result"},"activationEvent":"*"}
[2020-12-04 02:26:41.029] [exthost] [info] ExtensionService#loadCommonJSModule file:///usr/share/code/resources/app/extensions/search-result/dist/extension.js
[2020-12-04 02:26:41.032] [exthost] [info] ExtensionService#_doActivateExtension ritwickdey.LiveServer {"startup":true,"extensionId":{"value":"ritwickdey.LiveServer","_lower":"ritwickdey.liveserver"},"activationEvent":"*"}
[2020-12-04 02:26:41.032] [exthost] [info] ExtensionService#loadCommonJSModule file:///home/moringaaccess/.vscode/extensions/ritwickdey.liveserver-5.6.1/out/src/extension
[2020-12-04 02:26:41.608] [exthost] [info] ExtensionService#_doActivateExtension vscode.github {"startup":true,"extensionId":{"value":"vscode.github","_lower":"vscode.github"},"activationEvent":"*"}
[2020-12-04 02:26:41.608] [exthost] [info] ExtensionService#loadCommonJSModule file:///usr/share/code/resources/app/extensions/github/dist/extension.js
[2020-12-04 02:26:41.624] [exthost] [info] eager extensions activated
[2020-12-04 02:26:48.016] [exthost] [info] extension host started
[2020-12-04 02:26:48.113] [exthost] [info] ExtensionService#_doActivateExtension vscode.emmet {"startup":false,"extensionId":{"value":"vscode.emmet","_lower":"vscode.emmet"},"activationEvent":"onLanguage:html"}
[2020-12-04 02:26:48.113] [exthost] [info] ExtensionService#loadCommonJSModule file:///usr/share/code/resources/app/extensions/emmet/dist/extension
[2020-12-04 02:26:48.133] [exthost] [info] ExtensionService#_doActivateExtension vscode.html-language-features {"startup":false,"extensionId":{"value":"vscode.html-language-features","_lower":"vscode.html-language-features"},"activationEvent":"onLanguage:html"}
[2020-12-04 02:26:48.133] [exthost] [info] ExtensionService#loadCommonJSModule file:///usr/share/code/resources/app/extensions/html-language-features/client/dist/htmlMain
[2020-12-04 02:26:48.193] [exthost] [info] ExtensionService#_doActivateExtension vscode.debug-auto-launch {"startup":true,"extensionId":{"value":"vscode.debug-auto-launch","_lower":"vscode.debug-auto-launch"},"activationEvent":"*"}
[2020-12-04 02:26:48.194] [exthost] [info] ExtensionService#loadCommonJSModule file:///usr/share/code/resources/app/extensions/debug-auto-launch/dist/extension
[2020-12-04 02:26:48.197] [exthost] [info] ExtensionService#_doActivateExtension vscode.git {"startup":true,"extensionId":{"value":"vscode.github","_lower":"vscode.github"},"activationEvent":"*"}
[2020-12-04 02:26:48.197] [exthost] [info] ExtensionService#loadCommonJSModule file:///usr/share/code/resources/app/extensions/git/dist/main
[2020-12-04 02:26:48.263] [exthost] [info] ExtensionService#_doActivateExtension vscode.github-authentication {"startup":true,"extensionId":{"value":"vscode.github-authentication","_lower":"vscode.github-authentication"},"activationEvent":"*"}
[2020-12-04 02:26:48.263] [exthost] [info] ExtensionService#loadCommonJSModule file:///usr/share/code/resources/app/extensions/github-authentication/dist/extension.js
[2020-12-04 02:26:48.268] [exthost] [info] ExtensionService#_doActivateExtension vscode.merge-conflict {"startup":true,"extensionId":{"value":"vscode.merge-conflict","_lower":"vscode.merge-conflict"},"activationEvent":"*"}
[2020-12-04 02:26:48.268] [exthost] [info] ExtensionService#loadCommonJSModule file:///usr/share/code/resources/app/extensions/merge-conflict/dist/extension
[2020-12-04 02:26:48.271] [exthost] [info] ExtensionService#_doActivateExtension vscode.microsoft-authentication {"startup":true,"extensionId":{"value":"vscode.microsoft-authentication","_lower":"vscode.microsoft-authentication"},"activationEvent":"*"}
[2020-12-04 02:26:48.271] [exthost] [info] ExtensionService#loadCommonJSModule file:///usr/share/code/resources/app/extensions/microsoft-authentication/dist/extension.js
[2020-12-04 02:26:48.288] [exthost] [info] ExtensionService#_doActivateExtension vscode.search-result {"startup":true,"extensionId":{"value":"vscode.search-result","_lower":"vscode.search-result"},"activationEvent":"*"}
[2020-12-04 02:26:48.288] [exthost] [info] ExtensionService#loadCommonJSModule file:///usr/share/code/resources/app/extensions/search-result/dist/extension.js
[2020-12-04 02:26:48.289] [exthost] [info] ExtensionService#_doActivateExtension ritwickdey.LiveServer {"startup":true,"extensionId":{"value":"ritwickdey.LiveServer","_lower":"ritwickdey.liveserver"},"activationEvent":"*"}
[2020-12-04 02:26:48.289] [exthost] [info] ExtensionService#loadCommonJSModule file:///home/moringaaccess/.vscode/extensions/ritwickdey.liveserver-5.6.1/out/src/extension
[2020-12-04 02:26:49.021] [exthost] [info] ExtensionService#_doActivateExtension vscode.github {"startup":true,"extensionId":{"value":"vscode.github","_lower":"vscode.github"},"activationEvent":"*"}
[2020-12-04 02:26:49.021] [exthost] [info] ExtensionService#loadCommonJSModule file:///usr/share/code/resources/app/extensions/github/dist/extension.js
[2020-12-04 02:26:49.131] [exthost] [info] eager extensions activated
[2020-12-04 02:26:49.741] [exthost] [info] ExtensionService#_doActivateExtension vscode.css-language-features {"startup":false,"extensionId":{"value":"vscode.css-language-features","_lower":"vscode.css-language-features"},"activationEvent":"onLanguage:css"}
[2020-12-04 02:26:49.741] [exthost] [info] ExtensionService#loadCommonJSModule file:///usr/share/code/resources/app/extensions/css-language-features/client/dist/node/cssClientMain
