Looking for git in: git
Using git 2.17.1 from git
> git rev-parse --show-toplevel
> git rev-parse --git-dir
Open repository: /home/moringaaccess
> git fetch
> git status -z -u
> git check-ignore -v -z --stdin
Auto packing the repository in background for optimum performance.
See "git help gc" for manual housekeeping.
error: The last gc run reported the following. Please correct the root cause
and remove .git/gc.log.
Automatic cleanup will not be performed until the file is removed.

warning: There are too many unreachable loose objects; run 'git prune' to remove them.
> git show :Desktop/Nazarine/Index.html
> git ls-files --stage -- /home/moringaaccess/Desktop/Nazarine/Index.html
> git ls-files --stage -- /home/moringaaccess/Desktop/Nazarine/Index.html
> git show :Desktop/Nazarine/Index.html
> git check-ignore -v -z --stdin
> git check-ignore -v -z --stdin
> git show :Desktop/Nazarine/Index.html
> git ls-files --stage -- /home/moringaaccess/Desktop/Nazarine/Index.html
> git show :Desktop/Nazarine/images
> git ls-files --stage -- /home/moringaaccess/Desktop/Nazarine/images
> git check-ignore -v -z --stdin
> git show :Desktop/Nazarine/images
> git ls-files --stage -- /home/moringaaccess/Desktop/Nazarine/images
> git show :Desktop/Nazarine/images
> git ls-files --stage -- /home/moringaaccess/Desktop/Nazarine/images
> git show :Desktop/Nazarine/Index.html
> git ls-files --stage -- /home/moringaaccess/Desktop/Nazarine/Index.html
> git check-ignore -v -z --stdin
> git check-ignore -v -z --stdin
> git check-ignore -v -z --stdin
> git show :Desktop/Nazarine/Index.html
> git ls-files --stage -- /home/moringaaccess/Desktop/Nazarine/Index.html
> git check-ignore -v -z --stdin
> git show :Desktop/Nazarine/Index.html
> git ls-files --stage -- /home/moringaaccess/Desktop/Nazarine/Index.html
> git show :Desktop/Nazarine/about.html
> git ls-files --stage -- /home/moringaaccess/Desktop/Nazarine/about.html
> git check-ignore -v -z --stdin
> git show :Desktop/Nazarine/Index.html
> git ls-files --stage -- /home/moringaaccess/Desktop/Nazarine/Index.html
> git show :Desktop/Nazarine/about.html
> git ls-files --stage -- /home/moringaaccess/Desktop/Nazarine/about.html
> git show :Desktop/Nazarine/Index.html
> git ls-files --stage -- /home/moringaaccess/Desktop/Nazarine/Index.html
> git show :Desktop/Nazarine/about.html
> git ls-files --stage -- /home/moringaaccess/Desktop/Nazarine/about.html
> git show :Desktop/Nazarine/Index.html
> git ls-files --stage -- /home/moringaaccess/Desktop/Nazarine/Index.html
