Looking for git in: git
Using git 2.17.1 from git
> git rev-parse --show-toplevel
> git rev-parse --git-dir
Open repository: /home/moringaaccess/Desktop/branching-test-project/branching-test-project
> git status -z -u
> git symbolic-ref --short HEAD
> git rev-parse main
> git rev-parse --symbolic-full-name main@{u}
> git check-ignore -v -z --stdin
> git rev-list --left-right main...refs/remotes/origin/main
> git show :branching-website.html
> git ls-files --stage -- /home/moringaaccess/Desktop/branching-test-project/branching-test-project/branching-website.html
> git for-each-ref --format %(refname) %(objectname) --sort -committerdate
> git remote --verbose
> git cat-file -s 8ed4e8285071d651d198c8f388289a96b7f73e70
> git check-ignore -v -z --stdin
> git config --get commit.template
> git fetch
> git ls-files --stage -- /home/moringaaccess/Desktop/branching-test-project/branching-test-project/branching-website.html
> git cat-file -s 8ed4e8285071d651d198c8f388289a96b7f73e70
> git show :branching-website.html
From https://github.com/NazarineWasonga/branching-test-project
   60f0b9f..e9218c6  main       -> origin/main
> git status -z -u
> git symbolic-ref --short HEAD
> git rev-parse main
> git rev-parse --symbolic-full-name main@{u}
> git rev-list --left-right main...refs/remotes/origin/main
> git for-each-ref --format %(refname) %(objectname) --sort -committerdate
> git remote --verbose
> git config --get commit.template
