Looking for git in: git
Using git 2.17.1 from git
> git rev-parse --show-toplevel
> git rev-parse --git-dir
Open repository: /home/moringaaccess/Desktop/branching-test-project/branching-test-project
> git fetch
> git status -z -u
> git symbolic-ref --short HEAD
> git rev-parse main
> git rev-parse --symbolic-full-name main@{u}
> git rev-list --left-right main...refs/remotes/origin/main
> git for-each-ref --format %(refname) %(objectname) --sort -committerdate
> git remote --verbose
Failed to watch ref '/home/moringaaccess/Desktop/branching-test-project/branching-test-project/.git/refs/remotes/origin/main', is most likely packed.
Error: ENOENT: no such file or directory, watch '/home/moringaaccess/Desktop/branching-test-project/branching-test-project/.git/refs/remotes/origin/main'
	at FSWatcher.start (internal/fs/watchers.js:165:26)
	at Object.watch (fs.js:1270:11)
	at Object.t.watch (/usr/share/code/resources/app/extensions/git/dist/main.js:1:606659)
	at T.updateTransientWatchers (/usr/share/code/resources/app/extensions/git/dist/main.js:1:84393)
	at e.fire (/usr/share/code/resources/app/out/vs/workbench/services/extensions/node/extensionHostProcess.js:46:262)
	at e.updateModelState (/usr/share/code/resources/app/extensions/git/dist/main.js:1:103799)
> git config --get commit.template
> git check-ignore -v -z --stdin
> git status -z -u
> git symbolic-ref --short HEAD
> git rev-parse main
> git rev-parse --symbolic-full-name main@{u}
> git rev-list --left-right main...refs/remotes/origin/main
> git for-each-ref --format %(refname) %(objectname) --sort -committerdate
> git remote --verbose
Failed to watch ref '/home/moringaaccess/Desktop/branching-test-project/branching-test-project/.git/refs/remotes/origin/main', is most likely packed.
Error: ENOENT: no such file or directory, watch '/home/moringaaccess/Desktop/branching-test-project/branching-test-project/.git/refs/remotes/origin/main'
	at FSWatcher.start (internal/fs/watchers.js:165:26)
	at Object.watch (fs.js:1270:11)
	at Object.t.watch (/usr/share/code/resources/app/extensions/git/dist/main.js:1:606659)
	at T.updateTransientWatchers (/usr/share/code/resources/app/extensions/git/dist/main.js:1:84393)
	at e.fire (/usr/share/code/resources/app/out/vs/workbench/services/extensions/node/extensionHostProcess.js:46:262)
	at e.updateModelState (/usr/share/code/resources/app/extensions/git/dist/main.js:1:103799)
> git config --get commit.template
> git show :README.md
> git ls-files --stage -- /home/moringaaccess/Desktop/branching-test-project/branching-test-project/README.md
> git cat-file -s 1fb7794322fd715dee8911b5dd036ed0e248f513
> git show :branching-website.html
> git ls-files --stage -- /home/moringaaccess/Desktop/branching-test-project/branching-test-project/branching-website.html
> git cat-file -s 8ed4e8285071d651d198c8f388289a96b7f73e70
> git check-ignore -v -z --stdin
> git check-ignore -v -z --stdin
> git check-ignore -v -z --stdin
> git status -z -u
> git symbolic-ref --short HEAD
> git rev-parse main
> git rev-parse --symbolic-full-name main@{u}
> git rev-list --left-right main...refs/remotes/origin/main
> git for-each-ref --format %(refname) %(objectname) --sort -committerdate
> git remote --verbose
Failed to watch ref '/home/moringaaccess/Desktop/branching-test-project/branching-test-project/.git/refs/remotes/origin/main', is most likely packed.
Error: ENOENT: no such file or directory, watch '/home/moringaaccess/Desktop/branching-test-project/branching-test-project/.git/refs/remotes/origin/main'
	at FSWatcher.start (internal/fs/watchers.js:165:26)
	at Object.watch (fs.js:1270:11)
	at Object.t.watch (/usr/share/code/resources/app/extensions/git/dist/main.js:1:606659)
	at T.updateTransientWatchers (/usr/share/code/resources/app/extensions/git/dist/main.js:1:84393)
	at e.fire (/usr/share/code/resources/app/out/vs/workbench/services/extensions/node/extensionHostProcess.js:46:262)
	at e.updateModelState (/usr/share/code/resources/app/extensions/git/dist/main.js:1:103799)
> git config --get commit.template
> git show :index.html
> git ls-files --stage -- /home/moringaaccess/Desktop/branching-test-project/branching-test-project/index.html
> git show :branching-website.html
> git ls-files --stage -- /home/moringaaccess/Desktop/branching-test-project/branching-test-project/branching-website.html
> git cat-file -s 8ed4e8285071d651d198c8f388289a96b7f73e70
> git show :index.html
> git ls-files --stage -- /home/moringaaccess/Desktop/branching-test-project/branching-test-project/index.html
> git show :branching-website.html
> git ls-files --stage -- /home/moringaaccess/Desktop/branching-test-project/branching-test-project/branching-website.html
> git cat-file -s 8ed4e8285071d651d198c8f388289a96b7f73e70
