[2020-12-04 17:35:00.658] [exthost] [info] extension host started
[2020-12-04 17:35:01.277] [exthost] [info] ExtensionService#_doActivateExtension vscode.emmet {"startup":false,"extensionId":{"value":"vscode.emmet","_lower":"vscode.emmet"},"activationEvent":"onLanguage:html"}
[2020-12-04 17:35:01.326] [exthost] [info] ExtensionService#loadCommonJSModule file:///usr/share/code/resources/app/extensions/emmet/dist/extension
[2020-12-04 17:35:01.714] [exthost] [info] ExtensionService#_doActivateExtension vscode.html-language-features {"startup":false,"extensionId":{"value":"vscode.html-language-features","_lower":"vscode.html-language-features"},"activationEvent":"onLanguage:html"}
[2020-12-04 17:35:01.715] [exthost] [info] ExtensionService#loadCommonJSModule file:///usr/share/code/resources/app/extensions/html-language-features/client/dist/htmlMain
[2020-12-04 17:35:02.831] [exthost] [info] ExtensionService#_doActivateExtension vscode.debug-auto-launch {"startup":true,"extensionId":{"value":"vscode.debug-auto-launch","_lower":"vscode.debug-auto-launch"},"activationEvent":"*"}
[2020-12-04 17:35:02.831] [exthost] [info] ExtensionService#loadCommonJSModule file:///usr/share/code/resources/app/extensions/debug-auto-launch/dist/extension
[2020-12-04 17:35:02.953] [exthost] [info] ExtensionService#_doActivateExtension vscode.git {"startup":true,"extensionId":{"value":"vscode.github","_lower":"vscode.github"},"activationEvent":"*"}
[2020-12-04 17:35:02.954] [exthost] [info] ExtensionService#loadCommonJSModule file:///usr/share/code/resources/app/extensions/git/dist/main
[2020-12-04 17:35:04.275] [exthost] [info] ExtensionService#_doActivateExtension vscode.github-authentication {"startup":true,"extensionId":{"value":"vscode.github-authentication","_lower":"vscode.github-authentication"},"activationEvent":"*"}
[2020-12-04 17:35:04.275] [exthost] [info] ExtensionService#loadCommonJSModule file:///usr/share/code/resources/app/extensions/github-authentication/dist/extension.js
[2020-12-04 17:35:04.326] [exthost] [info] ExtensionService#_doActivateExtension vscode.merge-conflict {"startup":true,"extensionId":{"value":"vscode.merge-conflict","_lower":"vscode.merge-conflict"},"activationEvent":"*"}
[2020-12-04 17:35:04.404] [exthost] [info] ExtensionService#loadCommonJSModule file:///usr/share/code/resources/app/extensions/merge-conflict/dist/extension
[2020-12-04 17:35:04.412] [exthost] [info] ExtensionService#_doActivateExtension vscode.microsoft-authentication {"startup":true,"extensionId":{"value":"vscode.microsoft-authentication","_lower":"vscode.microsoft-authentication"},"activationEvent":"*"}
[2020-12-04 17:35:04.412] [exthost] [info] ExtensionService#loadCommonJSModule file:///usr/share/code/resources/app/extensions/microsoft-authentication/dist/extension.js
[2020-12-04 17:35:04.752] [exthost] [info] ExtensionService#_doActivateExtension vscode.search-result {"startup":true,"extensionId":{"value":"vscode.search-result","_lower":"vscode.search-result"},"activationEvent":"*"}
[2020-12-04 17:35:04.764] [exthost] [info] ExtensionService#loadCommonJSModule file:///usr/share/code/resources/app/extensions/search-result/dist/extension.js
[2020-12-04 17:35:04.771] [exthost] [info] ExtensionService#_doActivateExtension ritwickdey.LiveServer {"startup":true,"extensionId":{"value":"ritwickdey.LiveServer","_lower":"ritwickdey.liveserver"},"activationEvent":"*"}
[2020-12-04 17:35:04.805] [exthost] [info] ExtensionService#loadCommonJSModule file:///home/moringaaccess/.vscode/extensions/ritwickdey.liveserver-5.6.1/out/src/extension
[2020-12-04 17:35:14.355] [exthost] [info] ExtensionService#_doActivateExtension vscode.github {"startup":true,"extensionId":{"value":"vscode.github","_lower":"vscode.github"},"activationEvent":"*"}
[2020-12-04 17:35:14.355] [exthost] [info] ExtensionService#loadCommonJSModule file:///usr/share/code/resources/app/extensions/github/dist/extension.js
[2020-12-04 17:35:14.953] [exthost] [info] eager extensions activated
[2020-12-04 17:35:16.775] [exthost] [error] {"message":"Git error","stdout":"","stderr":"fatal: Pathspec '/home/moringaaccess/Desktop/cookie-recipe/cookie-recipe/cookie-recipe.html' is in submodule 'Desktop/cookie-recipe/cookie-recipe'\n","exitCode":128,"gitErrorCode":"IsInSubmodule"}
[2020-12-04 17:35:16.775] [exthost] [error] {"message":"Git error","stdout":"","stderr":"fatal: Pathspec '/home/moringaaccess/Desktop/cookie-recipe/cookie-recipe/cookie-recipe.html' is in submodule 'Desktop/cookie-recipe/cookie-recipe'\n","exitCode":128,"gitErrorCode":"IsInSubmodule"}
[2020-12-04 17:35:18.134] [exthost] [error] {"message":"Git error","stdout":"","stderr":"fatal: Pathspec '/home/moringaaccess/Desktop/cookie-recipe/cookie-recipe/cookie-recipe.html' is in submodule 'Desktop/cookie-recipe/cookie-recipe'\n","exitCode":128,"gitErrorCode":"IsInSubmodule"}
[2020-12-04 17:35:18.134] [exthost] [error] {"message":"Git error","stdout":"","stderr":"fatal: Pathspec '/home/moringaaccess/Desktop/cookie-recipe/cookie-recipe/cookie-recipe.html' is in submodule 'Desktop/cookie-recipe/cookie-recipe'\n","exitCode":128,"gitErrorCode":"IsInSubmodule"}
