[2020-12-04 13:40:33.787] [exthost] [info] extension host started
[2020-12-04 13:40:34.431] [exthost] [info] ExtensionService#_doActivateExtension vscode.emmet {"startup":false,"extensionId":{"value":"vscode.emmet","_lower":"vscode.emmet"},"activationEvent":"onLanguage:html"}
[2020-12-04 13:40:34.518] [exthost] [info] ExtensionService#loadCommonJSModule file:///usr/share/code/resources/app/extensions/emmet/dist/extension
[2020-12-04 13:40:34.725] [exthost] [info] ExtensionService#_doActivateExtension vscode.html-language-features {"startup":false,"extensionId":{"value":"vscode.html-language-features","_lower":"vscode.html-language-features"},"activationEvent":"onLanguage:html"}
[2020-12-04 13:40:34.725] [exthost] [info] ExtensionService#loadCommonJSModule file:///usr/share/code/resources/app/extensions/html-language-features/client/dist/htmlMain
[2020-12-04 13:40:35.268] [exthost] [info] ExtensionService#_doActivateExtension vscode.debug-auto-launch {"startup":true,"extensionId":{"value":"vscode.debug-auto-launch","_lower":"vscode.debug-auto-launch"},"activationEvent":"*"}
[2020-12-04 13:40:35.270] [exthost] [info] ExtensionService#loadCommonJSModule file:///usr/share/code/resources/app/extensions/debug-auto-launch/dist/extension
[2020-12-04 13:40:35.298] [exthost] [info] ExtensionService#_doActivateExtension vscode.git {"startup":true,"extensionId":{"value":"vscode.github","_lower":"vscode.github"},"activationEvent":"*"}
[2020-12-04 13:40:35.298] [exthost] [info] ExtensionService#loadCommonJSModule file:///usr/share/code/resources/app/extensions/git/dist/main
[2020-12-04 13:40:35.987] [exthost] [info] ExtensionService#_doActivateExtension vscode.github-authentication {"startup":true,"extensionId":{"value":"vscode.github-authentication","_lower":"vscode.github-authentication"},"activationEvent":"*"}
[2020-12-04 13:40:35.987] [exthost] [info] ExtensionService#loadCommonJSModule file:///usr/share/code/resources/app/extensions/github-authentication/dist/extension.js
[2020-12-04 13:40:36.019] [exthost] [info] ExtensionService#_doActivateExtension vscode.merge-conflict {"startup":true,"extensionId":{"value":"vscode.merge-conflict","_lower":"vscode.merge-conflict"},"activationEvent":"*"}
[2020-12-04 13:40:36.019] [exthost] [info] ExtensionService#loadCommonJSModule file:///usr/share/code/resources/app/extensions/merge-conflict/dist/extension
[2020-12-04 13:40:36.022] [exthost] [info] ExtensionService#_doActivateExtension vscode.microsoft-authentication {"startup":true,"extensionId":{"value":"vscode.microsoft-authentication","_lower":"vscode.microsoft-authentication"},"activationEvent":"*"}
[2020-12-04 13:40:36.089] [exthost] [info] ExtensionService#loadCommonJSModule file:///usr/share/code/resources/app/extensions/microsoft-authentication/dist/extension.js
[2020-12-04 13:40:36.250] [exthost] [info] ExtensionService#_doActivateExtension vscode.search-result {"startup":true,"extensionId":{"value":"vscode.search-result","_lower":"vscode.search-result"},"activationEvent":"*"}
[2020-12-04 13:40:36.250] [exthost] [info] ExtensionService#loadCommonJSModule file:///usr/share/code/resources/app/extensions/search-result/dist/extension.js
[2020-12-04 13:40:36.252] [exthost] [info] ExtensionService#_doActivateExtension ritwickdey.LiveServer {"startup":true,"extensionId":{"value":"ritwickdey.LiveServer","_lower":"ritwickdey.liveserver"},"activationEvent":"*"}
[2020-12-04 13:40:36.252] [exthost] [info] ExtensionService#loadCommonJSModule file:///home/moringaaccess/.vscode/extensions/ritwickdey.liveserver-5.6.1/out/src/extension
[2020-12-04 13:40:45.539] [exthost] [info] ExtensionService#_doActivateExtension vscode.github {"startup":true,"extensionId":{"value":"vscode.github","_lower":"vscode.github"},"activationEvent":"*"}
[2020-12-04 13:40:45.539] [exthost] [info] ExtensionService#loadCommonJSModule file:///usr/share/code/resources/app/extensions/github/dist/extension.js
[2020-12-04 13:40:46.310] [exthost] [info] eager extensions activated
[2020-12-04 13:40:49.267] [exthost] [error] {"message":"Git error","stdout":"","stderr":"fatal: Pathspec '/home/moringaaccess/Desktop/cookie-recipe/cookie-recipe/cookie-recipe.html' is in submodule 'Desktop/cookie-recipe/cookie-recipe'\n","exitCode":128,"gitErrorCode":"IsInSubmodule"}
[2020-12-04 13:40:49.268] [exthost] [error] {"message":"Git error","stdout":"","stderr":"fatal: Pathspec '/home/moringaaccess/Desktop/cookie-recipe/cookie-recipe/cookie-recipe.html' is in submodule 'Desktop/cookie-recipe/cookie-recipe'\n","exitCode":128,"gitErrorCode":"IsInSubmodule"}
[2020-12-04 13:40:50.514] [exthost] [error] {"message":"Git error","stdout":"","stderr":"fatal: Pathspec '/home/moringaaccess/Desktop/cookie-recipe/cookie-recipe/cookie-recipe.html' is in submodule 'Desktop/cookie-recipe/cookie-recipe'\n","exitCode":128,"gitErrorCode":"IsInSubmodule"}
[2020-12-04 13:40:50.514] [exthost] [error] {"message":"Git error","stdout":"","stderr":"fatal: Pathspec '/home/moringaaccess/Desktop/cookie-recipe/cookie-recipe/cookie-recipe.html' is in submodule 'Desktop/cookie-recipe/cookie-recipe'\n","exitCode":128,"gitErrorCode":"IsInSubmodule"}
