[2020-12-04 09:26:35.747] [exthost] [info] extension host started
[2020-12-04 09:26:37.051] [exthost] [info] ExtensionService#_doActivateExtension vscode.image-preview {"startup":false,"extensionId":{"value":"vscode.image-preview","_lower":"vscode.image-preview"},"activationEvent":"onCustomEditor:imagePreview.previewEditor"}
[2020-12-04 09:26:37.051] [exthost] [info] ExtensionService#loadCommonJSModule file:///usr/share/code/resources/app/extensions/image-preview/dist/extension
[2020-12-04 09:26:37.230] [exthost] [info] ExtensionService#_doActivateExtension vscode.debug-auto-launch {"startup":true,"extensionId":{"value":"vscode.debug-auto-launch","_lower":"vscode.debug-auto-launch"},"activationEvent":"*"}
[2020-12-04 09:26:37.230] [exthost] [info] ExtensionService#loadCommonJSModule file:///usr/share/code/resources/app/extensions/debug-auto-launch/dist/extension
[2020-12-04 09:26:37.253] [exthost] [info] ExtensionService#_doActivateExtension vscode.emmet {"startup":true,"extensionId":{"value":"vscode.emmet","_lower":"vscode.emmet"},"activationEvent":"*"}
[2020-12-04 09:26:37.253] [exthost] [info] ExtensionService#loadCommonJSModule file:///usr/share/code/resources/app/extensions/emmet/dist/extension
[2020-12-04 09:26:37.481] [exthost] [info] ExtensionService#_doActivateExtension vscode.git {"startup":true,"extensionId":{"value":"vscode.github","_lower":"vscode.github"},"activationEvent":"*"}
[2020-12-04 09:26:37.481] [exthost] [info] ExtensionService#loadCommonJSModule file:///usr/share/code/resources/app/extensions/git/dist/main
[2020-12-04 09:26:38.527] [exthost] [info] ExtensionService#_doActivateExtension vscode.github-authentication {"startup":true,"extensionId":{"value":"vscode.github-authentication","_lower":"vscode.github-authentication"},"activationEvent":"*"}
[2020-12-04 09:26:38.527] [exthost] [info] ExtensionService#loadCommonJSModule file:///usr/share/code/resources/app/extensions/github-authentication/dist/extension.js
[2020-12-04 09:26:38.626] [exthost] [info] ExtensionService#_doActivateExtension vscode.merge-conflict {"startup":true,"extensionId":{"value":"vscode.merge-conflict","_lower":"vscode.merge-conflict"},"activationEvent":"*"}
[2020-12-04 09:26:38.626] [exthost] [info] ExtensionService#loadCommonJSModule file:///usr/share/code/resources/app/extensions/merge-conflict/dist/extension
[2020-12-04 09:26:38.724] [exthost] [info] ExtensionService#_doActivateExtension vscode.microsoft-authentication {"startup":true,"extensionId":{"value":"vscode.microsoft-authentication","_lower":"vscode.microsoft-authentication"},"activationEvent":"*"}
[2020-12-04 09:26:38.725] [exthost] [info] ExtensionService#loadCommonJSModule file:///usr/share/code/resources/app/extensions/microsoft-authentication/dist/extension.js
[2020-12-04 09:26:39.027] [exthost] [info] ExtensionService#_doActivateExtension vscode.search-result {"startup":true,"extensionId":{"value":"vscode.search-result","_lower":"vscode.search-result"},"activationEvent":"*"}
[2020-12-04 09:26:39.028] [exthost] [info] ExtensionService#loadCommonJSModule file:///usr/share/code/resources/app/extensions/search-result/dist/extension.js
[2020-12-04 09:26:39.084] [exthost] [info] ExtensionService#_doActivateExtension ritwickdey.LiveServer {"startup":true,"extensionId":{"value":"ritwickdey.LiveServer","_lower":"ritwickdey.liveserver"},"activationEvent":"*"}
[2020-12-04 09:26:39.084] [exthost] [info] ExtensionService#loadCommonJSModule file:///home/moringaaccess/.vscode/extensions/ritwickdey.liveserver-5.6.1/out/src/extension
[2020-12-04 09:26:48.667] [exthost] [info] ExtensionService#_doActivateExtension vscode.github {"startup":true,"extensionId":{"value":"vscode.github","_lower":"vscode.github"},"activationEvent":"*"}
[2020-12-04 09:26:48.668] [exthost] [info] ExtensionService#loadCommonJSModule file:///usr/share/code/resources/app/extensions/github/dist/extension.js
[2020-12-04 09:26:49.417] [exthost] [info] eager extensions activated
[2020-12-04 09:26:52.481] [exthost] [error] {"message":"Git error","stdout":"","stderr":"fatal: Pathspec '/home/moringaaccess/Documents/Hello-world/hello-world.html' is in submodule 'Documents/Hello-world'\n","exitCode":128,"gitErrorCode":"IsInSubmodule"}
[2020-12-04 09:26:52.481] [exthost] [error] {"message":"Git error","stdout":"","stderr":"fatal: Pathspec '/home/moringaaccess/Documents/Hello-world/hello-world.html' is in submodule 'Documents/Hello-world'\n","exitCode":128,"gitErrorCode":"IsInSubmodule"}
[2020-12-04 09:26:52.481] [exthost] [error] {"message":"Git error","stdout":"","stderr":"fatal: Pathspec '/home/moringaaccess/Documents/Hello-world/hello-world.html' is in submodule 'Documents/Hello-world'\n","exitCode":128,"gitErrorCode":"IsInSubmodule"}
[2020-12-04 09:26:52.481] [exthost] [error] {"message":"Git error","stdout":"","stderr":"fatal: Pathspec '/home/moringaaccess/Documents/Hello-world/hello-world.html' is in submodule 'Documents/Hello-world'\n","exitCode":128,"gitErrorCode":"IsInSubmodule"}
[2020-12-04 09:26:52.481] [exthost] [error] {"message":"Git error","stdout":"","stderr":"fatal: Pathspec '/home/moringaaccess/Documents/Hello-world/hello-world.html' is in submodule 'Documents/Hello-world'\n","exitCode":128,"gitErrorCode":"IsInSubmodule"}
[2020-12-04 09:26:52.481] [exthost] [error] {"message":"Git error","stdout":"","stderr":"fatal: Pathspec '/home/moringaaccess/Documents/Hello-world/hello-world.html' is in submodule 'Documents/Hello-world'\n","exitCode":128,"gitErrorCode":"IsInSubmodule"}
[2020-12-04 09:26:52.481] [exthost] [error] {"message":"Git error","stdout":"","stderr":"fatal: Pathspec '/home/moringaaccess/Documents/Hello-world/hello-world.html' is in submodule 'Documents/Hello-world'\n","exitCode":128,"gitErrorCode":"IsInSubmodule"}
[2020-12-04 09:26:52.481] [exthost] [error] {"message":"Git error","stdout":"","stderr":"fatal: Pathspec '/home/moringaaccess/Documents/Hello-world/hello-world.html' is in submodule 'Documents/Hello-world'\n","exitCode":128,"gitErrorCode":"IsInSubmodule"}
[2020-12-04 09:26:52.481] [exthost] [error] {"message":"Git error","stdout":"","stderr":"fatal: Pathspec '/home/moringaaccess/Documents/Hello-world/hello-world.html' is in submodule 'Documents/Hello-world'\n","exitCode":128,"gitErrorCode":"IsInSubmodule"}
[2020-12-04 09:26:52.481] [exthost] [error] {"message":"Git error","stdout":"","stderr":"fatal: Pathspec '/home/moringaaccess/Documents/Hello-world/hello-world.html' is in submodule 'Documents/Hello-world'\n","exitCode":128,"gitErrorCode":"IsInSubmodule"}
[2020-12-04 09:26:52.481] [exthost] [error] {"message":"Git error","stdout":"","stderr":"fatal: Pathspec '/home/moringaaccess/Documents/Hello-world/hello-world.html' is in submodule 'Documents/Hello-world'\n","exitCode":128,"gitErrorCode":"IsInSubmodule"}
[2020-12-04 09:26:52.481] [exthost] [error] {"message":"Git error","stdout":"","stderr":"fatal: Pathspec '/home/moringaaccess/Documents/Hello-world/hello-world.html' is in submodule 'Documents/Hello-world'\n","exitCode":128,"gitErrorCode":"IsInSubmodule"}
[2020-12-04 09:26:52.481] [exthost] [error] {"message":"Git error","stdout":"","stderr":"fatal: Pathspec '/home/moringaaccess/Documents/Hello-world/hello-world.html' is in submodule 'Documents/Hello-world'\n","exitCode":128,"gitErrorCode":"IsInSubmodule"}
[2020-12-04 09:26:52.481] [exthost] [error] {"message":"Git error","stdout":"","stderr":"fatal: Pathspec '/home/moringaaccess/Documents/Hello-world/hello-world.html' is in submodule 'Documents/Hello-world'\n","exitCode":128,"gitErrorCode":"IsInSubmodule"}
[2020-12-04 09:26:52.481] [exthost] [error] {"message":"Git error","stdout":"","stderr":"fatal: Pathspec '/home/moringaaccess/Documents/Hello-world/hello-world.html' is in submodule 'Documents/Hello-world'\n","exitCode":128,"gitErrorCode":"IsInSubmodule"}
[2020-12-04 09:26:52.481] [exthost] [error] {"message":"Git error","stdout":"","stderr":"fatal: Pathspec '/home/moringaaccess/Documents/Hello-world/hello-world.html' is in submodule 'Documents/Hello-world'\n","exitCode":128,"gitErrorCode":"IsInSubmodule"}
[2020-12-04 09:26:52.481] [exthost] [error] {"message":"Git error","stdout":"","stderr":"fatal: Pathspec '/home/moringaaccess/Documents/Hello-world/hello-world.html' is in submodule 'Documents/Hello-world'\n","exitCode":128,"gitErrorCode":"IsInSubmodule"}
[2020-12-04 09:26:52.481] [exthost] [error] {"message":"Git error","stdout":"","stderr":"fatal: Pathspec '/home/moringaaccess/Documents/Hello-world/hello-world.html' is in submodule 'Documents/Hello-world'\n","exitCode":128,"gitErrorCode":"IsInSubmodule"}
[2020-12-04 09:26:52.481] [exthost] [error] {"message":"Git error","stdout":"","stderr":"fatal: Pathspec '/home/moringaaccess/Documents/Hello-world/hello-world.html' is in submodule 'Documents/Hello-world'\n","exitCode":128,"gitErrorCode":"IsInSubmodule"}
[2020-12-04 09:26:52.481] [exthost] [error] {"message":"Git error","stdout":"","stderr":"fatal: Pathspec '/home/moringaaccess/Documents/Hello-world/hello-world.html' is in submodule 'Documents/Hello-world'\n","exitCode":128,"gitErrorCode":"IsInSubmodule"}
[2020-12-04 09:26:52.481] [exthost] [error] {"message":"Git error","stdout":"","stderr":"fatal: Pathspec '/home/moringaaccess/Documents/Hello-world/hello-world.html' is in submodule 'Documents/Hello-world'\n","exitCode":128,"gitErrorCode":"IsInSubmodule"}
[2020-12-04 09:26:52.481] [exthost] [error] {"message":"Git error","stdout":"","stderr":"fatal: Pathspec '/home/moringaaccess/Documents/Hello-world/hello-world.html' is in submodule 'Documents/Hello-world'\n","exitCode":128,"gitErrorCode":"IsInSubmodule"}
[2020-12-04 09:26:52.481] [exthost] [error] {"message":"Git error","stdout":"","stderr":"fatal: Pathspec '/home/moringaaccess/Documents/Hello-world/hello-world.html' is in submodule 'Documents/Hello-world'\n","exitCode":128,"gitErrorCode":"IsInSubmodule"}
[2020-12-04 09:26:52.481] [exthost] [error] {"message":"Git error","stdout":"","stderr":"fatal: Pathspec '/home/moringaaccess/Documents/Hello-world/hello-world.html' is in submodule 'Documents/Hello-world'\n","exitCode":128,"gitErrorCode":"IsInSubmodule"}
[2020-12-04 09:26:52.481] [exthost] [error] {"message":"Git error","stdout":"","stderr":"fatal: Pathspec '/home/moringaaccess/Documents/Hello-world/hello-world.html' is in submodule 'Documents/Hello-world'\n","exitCode":128,"gitErrorCode":"IsInSubmodule"}
[2020-12-04 09:26:52.481] [exthost] [error] {"message":"Git error","stdout":"","stderr":"fatal: Pathspec '/home/moringaaccess/Documents/Hello-world/hello-world.html' is in submodule 'Documents/Hello-world'\n","exitCode":128,"gitErrorCode":"IsInSubmodule"}
[2020-12-04 09:26:52.481] [exthost] [error] {"message":"Git error","stdout":"","stderr":"fatal: Pathspec '/home/moringaaccess/Documents/Hello-world/hello-world.html' is in submodule 'Documents/Hello-world'\n","exitCode":128,"gitErrorCode":"IsInSubmodule"}
[2020-12-04 09:26:52.481] [exthost] [error] {"message":"Git error","stdout":"","stderr":"fatal: Pathspec '/home/moringaaccess/Documents/Hello-world/hello-world.html' is in submodule 'Documents/Hello-world'\n","exitCode":128,"gitErrorCode":"IsInSubmodule"}
[2020-12-04 09:26:52.481] [exthost] [error] {"message":"Git error","stdout":"","stderr":"fatal: Pathspec '/home/moringaaccess/Documents/Hello-world/hello-world.html' is in submodule 'Documents/Hello-world'\n","exitCode":128,"gitErrorCode":"IsInSubmodule"}
[2020-12-04 09:26:52.481] [exthost] [error] {"message":"Git error","stdout":"","stderr":"fatal: Pathspec '/home/moringaaccess/Documents/Hello-world/hello-world.html' is in submodule 'Documents/Hello-world'\n","exitCode":128,"gitErrorCode":"IsInSubmodule"}
[2020-12-04 09:26:52.481] [exthost] [error] {"message":"Git error","stdout":"","stderr":"fatal: Pathspec '/home/moringaaccess/Documents/Hello-world/hello-world.html' is in submodule 'Documents/Hello-world'\n","exitCode":128,"gitErrorCode":"IsInSubmodule"}
[2020-12-04 09:26:52.481] [exthost] [error] {"message":"Git error","stdout":"","stderr":"fatal: Pathspec '/home/moringaaccess/Documents/Hello-world/hello-world.html' is in submodule 'Documents/Hello-world'\n","exitCode":128,"gitErrorCode":"IsInSubmodule"}
[2020-12-04 09:26:52.481] [exthost] [error] {"message":"Git error","stdout":"","stderr":"fatal: Pathspec '/home/moringaaccess/Documents/Hello-world/hello-world.html' is in submodule 'Documents/Hello-world'\n","exitCode":128,"gitErrorCode":"IsInSubmodule"}
[2020-12-04 09:26:52.481] [exthost] [error] {"message":"Git error","stdout":"","stderr":"fatal: Pathspec '/home/moringaaccess/Documents/Hello-world/hello-world.html' is in submodule 'Documents/Hello-world'\n","exitCode":128,"gitErrorCode":"IsInSubmodule"}
[2020-12-04 09:26:52.481] [exthost] [error] {"message":"Git error","stdout":"","stderr":"fatal: Pathspec '/home/moringaaccess/Documents/Hello-world/hello-world.html' is in submodule 'Documents/Hello-world'\n","exitCode":128,"gitErrorCode":"IsInSubmodule"}
