Looking for git in: git
Using git 2.17.1 from git
> git rev-parse --show-toplevel
> git rev-parse --git-dir
Open repository: /home/moringaaccess/barefootproject
> git status -z -u
> git symbolic-ref --short HEAD
> git rev-parse NazarineWasonga
> git rev-parse --symbolic-full-name NazarineWasonga@{u}
fatal: no upstream configured for branch 'NazarineWasonga'
> git for-each-ref --format %(refname) %(objectname) --sort -committerdate
> git remote --verbose
> git config --get commit.template
> git check-ignore -v -z --stdin
> git show :css/AboutUs.css
> git ls-files --stage -- /home/moringaaccess/barefootproject/css/AboutUs.css
> git cat-file -s 3e2c5e334d82172f14271e54adb3ff637320dfa7
> git fetch
> git ls-files --stage -- /home/moringaaccess/barefootproject/css/AboutUs.css
> git cat-file -s 3e2c5e334d82172f14271e54adb3ff637320dfa7
> git show :css/AboutUs.css
> git status -z -u
> git symbolic-ref --short HEAD
> git rev-parse NazarineWasonga
> git rev-parse --symbolic-full-name NazarineWasonga@{u}
fatal: no upstream configured for branch 'NazarineWasonga'
> git for-each-ref --format %(refname) %(objectname) --sort -committerdate
> git remote --verbose
> git config --get commit.template
> git ls-files --stage -- /home/moringaaccess/barefootproject/css/AboutUs.css
> git cat-file -s 3e2c5e334d82172f14271e54adb3ff637320dfa7
> git show :css/AboutUs.css
> git status -z -u
> git symbolic-ref --short HEAD
> git rev-parse NazarineWasonga
> git rev-parse --symbolic-full-name NazarineWasonga@{u}
fatal: no upstream configured for branch 'NazarineWasonga'
> git for-each-ref --format %(refname) %(objectname) --sort -committerdate
> git remote --verbose
> git config --get commit.template
> git fetch
> git ls-files --stage -- /home/moringaaccess/barefootproject/css/AboutUs.css
> git cat-file -s 3e2c5e334d82172f14271e54adb3ff637320dfa7
> git show :css/AboutUs.css
> git status -z -u
> git symbolic-ref --short HEAD
> git rev-parse NazarineWasonga
> git rev-parse --symbolic-full-name NazarineWasonga@{u}
fatal: no upstream configured for branch 'NazarineWasonga'
> git for-each-ref --format %(refname) %(objectname) --sort -committerdate
> git remote --verbose
> git config --get commit.template
